[35m[Appium][39m Welcome to Appium v1.18.1
[35m[Appium][39m Non-default server args:
[35m[Appium][39m   port: 49837
[35m[Appium][39m   loglevel: info
[35m[Appium][39m   tmpDir: C:\Users\00123955\AppData\Local\Temp\\Katalon\Appium\Temp1678977658142
[35m[Appium][39m   chromedriverPort: 49843
[35m[Appium][39m Deprecated server args:
[35m[Appium][39m   [31m--chromedriver-port[39m => --default-capabilities '{"chromedriverPort":49843}'
[35m[Appium][39m Default capabilities, which will be added to each request unless overridden by desired capabilities:
[35m[Appium][39m   chromedriverPort: 49843
[35m[Appium][39m Appium REST http interface listener started on 0.0.0.0:49837
[35m[HTTP][39m [37m-->[39m [37mGET[39m [37m/wd/hub/status[39m
[35m[HTTP][39m [90m{}[39m
[35m[HTTP][39m [37m<-- GET /wd/hub/status [39m[32m200[39m [90m15 ms - 68[39m
[35m[HTTP][39m [90m[39m
[35m[HTTP][39m [37m-->[39m [37mGET[39m [37m/wd/hub/status[39m
[35m[HTTP][39m [90m{}[39m
[35m[HTTP][39m [37m<-- GET /wd/hub/status [39m[32m200[39m [90m1 ms - 68[39m
[35m[HTTP][39m [90m[39m
[35m[HTTP][39m [37m-->[39m [37mPOST[39m [37m/wd/hub/session[39m
[35m[HTTP][39m [90m{"desiredCapabilities":{"appActivity":".Settings","appPackage":"com.android.settings","newCommandTimeout":1800,"platformVersion":"11","automationName":"uiautomator2","autoGrantPermissions":true,"platformName":"Android","udid":"R5CR704KXSR","deviceName":"samsung SM-G998B (Android 11)","platform":"ANDROID","systemPort":8206},"capabilities":{"firstMatch":[{"appium:appActivity":".Settings","appium:appPackage":"com.android.settings","appium:autoGrantPermissions":true,"appium:automationName":"uiautomator2","appium:deviceName":"samsung SM-G998B (Android 11)","appium:newCommandTimeout":1800,"platform":"ANDROID","platformName":"android","appium:platformVersion":"11","appium:systemPort":8206,"appium:udid":"R5CR704KXSR"}]}}[39m
[35m[BaseDriver][39m The following capabilities are not standard capabilities and should have an extension prefix:
[35m[BaseDriver][39m   platform
[35m[BaseDriver][39m   chromedriverPort
[35m[Appium][39m Appium v1.18.1 creating new AndroidUiautomator2Driver (v1.56.1) session
[35m[BaseDriver][39m The following capabilities were provided, but are not recognized by Appium:
[35m[BaseDriver][39m   platform
[35m[BaseDriver][39m Session created with session id: 93c74cd2-ca08-4a97-9a85-0b284d7b3b28
[35m[UiAutomator2][39m Starting 'com.android.settings' directly on the device
[35m[ADB][39m Found 1 'build-tools' folders under 'C:\Users\00123955\.katalon\tools\android_sdk' (newest first):
[35m[ADB][39m     C:/Users/00123955/.katalon/tools/android_sdk/build-tools/23.0.3
[35m[ADB][39m Using 'adb.exe' from 'C:\Users\00123955\.katalon\tools\android_sdk\platform-tools\adb.exe'
[35m[AndroidDriver][39m Retrieving device list
[35m[AndroidDriver][39m Using device: R5CR704KXSR
[35m[ADB][39m Using 'adb.exe' from 'C:\Users\00123955\.katalon\tools\android_sdk\platform-tools\adb.exe'
[35m[ADB][39m Getting device platform version
[35m[UiAutomator2][39m Relaxing hidden api policy
[35m[AndroidDriver][39m No app sent in, not parsing package/activity
[35m[ADB][39m Cannot use apksigner tool for signature verification. Original error: Could not find 'apksigner.jar' in ["C:\\Users\\00123955\\.katalon\\tools\\android_sdk\\platform-tools\\apksigner.jar","C:\\Users\\00123955\\.katalon\\tools\\android_sdk\\emulator\\apksigner.jar","C:\\Users\\00123955\\.katalon\\tools\\android_sdk\\cmdline-tools\\latest\\bin\\apksigner.jar","C:\\Users\\00123955\\.katalon\\tools\\android_sdk\\tools\\apksigner.jar","C:\\Users\\00123955\\.katalon\\tools\\android_sdk\\tools\\bin\\apksigner.jar","C:\\Users\\00123955\\.katalon\\tools\\android_sdk\\apksigner.jar","C:\\Users\\00123955\\.katalon\\tools\\android_sdk\\build-tools\\23.0.3\\apksigner.jar","C:\\Users\\00123955\\.katalon\\tools\\android_sdk\\build-tools\\23.0.3\\lib\\apksigner.jar"]. Do you have Android Build Tools installed at 'C:\Users\00123955\.katalon\tools\android_sdk'?
[35m[ADB][39m Cannot use apksigner tool for signature verification. Original error: Could not find 'apksigner.jar' in ["C:\\Users\\00123955\\.katalon\\tools\\android_sdk\\platform-tools\\apksigner.jar","C:\\Users\\00123955\\.katalon\\tools\\android_sdk\\emulator\\apksigner.jar","C:\\Users\\00123955\\.katalon\\tools\\android_sdk\\cmdline-tools\\latest\\bin\\apksigner.jar","C:\\Users\\00123955\\.katalon\\tools\\android_sdk\\tools\\apksigner.jar","C:\\Users\\00123955\\.katalon\\tools\\android_sdk\\tools\\bin\\apksigner.jar","C:\\Users\\00123955\\.katalon\\tools\\android_sdk\\apksigner.jar","C:\\Users\\00123955\\.katalon\\tools\\android_sdk\\build-tools\\23.0.3\\apksigner.jar","C:\\Users\\00123955\\.katalon\\tools\\android_sdk\\build-tools\\23.0.3\\lib\\apksigner.jar"]. Do you have Android Build Tools installed at 'C:\Users\00123955\.katalon\tools\android_sdk'?
[35m[UiAutomator2][39m Server packages are not going to be (re)installed
[35m[UiAutomator2][39m Starting UIAutomator2 server 4.12.2
[35m[UiAutomator2][39m Using UIAutomator2 server from 'C:\Users\00123955\AppData\Roaming\npm\node_modules\appium\node_modules\appium-uiautomator2-server\apks\appium-uiautomator2-server-v4.12.2.apk' and test from 'C:\Users\00123955\AppData\Roaming\npm\node_modules\appium\node_modules\appium-uiautomator2-server\apks\appium-uiautomator2-server-debug-androidTest.apk'
[35m[UiAutomator2][39m Waiting up to 30000ms for UiAutomator2 to be online...
[35m[WD Proxy][39m Error: read ECONNRESET
[35m[WD Proxy][39m     at TCP.onStreamRead (internal/stream_base_commons.js:111:27)
[35m[WD Proxy][39m Error: read ECONNRESET
[35m[WD Proxy][39m     at TCP.onStreamRead (internal/stream_base_commons.js:111:27)
[35m[WD Proxy][39m Determined the downstream protocol as 'W3C'
[35m[AndroidDriver][39m Screen already unlocked, doing nothing
[35m[UiAutomator2][39m Starting 'com.android.settings/.Settings and waiting for 'com.android.settings/.Settings'
[35m[Appium][39m New AndroidUiautomator2Driver session created successfully, session 93c74cd2-ca08-4a97-9a85-0b284d7b3b28 added to master session list
[35m[HTTP][39m [37m<-- POST /wd/hub/session [39m[32m200[39m [90m14306 ms - 1159[39m
[35m[HTTP][39m [90m[39m
[35m[HTTP][39m [37m-->[39m [37mGET[39m [37m/wd/hub/session/93c74cd2-ca08-4a97-9a85-0b284d7b3b28[39m
[35m[HTTP][39m [90m{}[39m
[35m[HTTP][39m [37m<-- GET /wd/hub/session/93c74cd2-ca08-4a97-9a85-0b284d7b3b28 [39m[32m200[39m [90m7 ms - 1113[39m
[35m[HTTP][39m [90m[39m
[35m[HTTP][39m [37m-->[39m [37mGET[39m [37m/wd/hub/session/93c74cd2-ca08-4a97-9a85-0b284d7b3b28[39m
[35m[HTTP][39m [90m{}[39m
[35m[HTTP][39m [37m<-- GET /wd/hub/session/93c74cd2-ca08-4a97-9a85-0b284d7b3b28 [39m[32m200[39m [90m11 ms - 1113[39m
[35m[HTTP][39m [90m[39m
[35m[HTTP][39m [37m-->[39m [37mGET[39m [37m/wd/hub/status[39m
[35m[HTTP][39m [90m{}[39m
[35m[HTTP][39m [37m<-- GET /wd/hub/status [39m[32m200[39m [90m1 ms - 68[39m
[35m[HTTP][39m [90m[39m
[35m[HTTP][39m [37m-->[39m [37mPOST[39m [37m/wd/hub/session/93c74cd2-ca08-4a97-9a85-0b284d7b3b28/timeouts[39m
[35m[HTTP][39m [90m{"implicit":60000}[39m
[35m[HTTP][39m [37m<-- POST /wd/hub/session/93c74cd2-ca08-4a97-9a85-0b284d7b3b28/timeouts [39m[32m200[39m [90m3 ms - 14[39m
[35m[HTTP][39m [90m[39m
[35m[HTTP][39m [37m-->[39m [37mGET[39m [37m/wd/hub/session/93c74cd2-ca08-4a97-9a85-0b284d7b3b28/screenshot[39m
[35m[HTTP][39m [90m{}[39m
[35m[HTTP][39m [37m<-- GET /wd/hub/session/93c74cd2-ca08-4a97-9a85-0b284d7b3b28/screenshot [39m[32m200[39m [90m234 ms - 243480[39m
[35m[HTTP][39m [90m[39m
[35m[HTTP][39m [37m-->[39m [37mGET[39m [37m/wd/hub/session/93c74cd2-ca08-4a97-9a85-0b284d7b3b28/window/rect[39m
[35m[HTTP][39m [90m{}[39m
[35m[HTTP][39m [37m<-- GET /wd/hub/session/93c74cd2-ca08-4a97-9a85-0b284d7b3b28/window/rect [39m[32m200[39m [90m13 ms - 50[39m
[35m[HTTP][39m [90m[39m
[35m[HTTP][39m [37m-->[39m [37mGET[39m [37m/wd/hub/session/93c74cd2-ca08-4a97-9a85-0b284d7b3b28/appium/device/system_bars[39m
[35m[HTTP][39m [90m{}[39m
[35m[HTTP][39m [37m<-- GET /wd/hub/session/93c74cd2-ca08-4a97-9a85-0b284d7b3b28/appium/device/system_bars [39m[32m200[39m [90m148 ms - 148[39m
[35m[HTTP][39m [90m[39m
[35m[HTTP][39m [37m-->[39m [37mPOST[39m [37m/wd/hub/session/93c74cd2-ca08-4a97-9a85-0b284d7b3b28/appium/device/activate_app[39m
[35m[HTTP][39m [90m{"bundleId":"com.xe.currency"}[39m
[35m[HTTP][39m [37m<-- POST /wd/hub/session/93c74cd2-ca08-4a97-9a85-0b284d7b3b28/appium/device/activate_app [39m[32m200[39m [90m380 ms - 14[39m
[35m[HTTP][39m [90m[39m
[35m[HTTP][39m [37m-->[39m [37mGET[39m [37m/wd/hub/session/93c74cd2-ca08-4a97-9a85-0b284d7b3b28/source[39m
[35m[HTTP][39m [90m{}[39m
[35m[W3C (93c74cd2)][39m Driver proxy active, passing request on via HTTP proxy
[35m[WD Proxy][39m Replacing sessionId f4ecf83c-f7d6-4825-afd4-e08d71df0210 with 93c74cd2-ca08-4a97-9a85-0b284d7b3b28
[35m[HTTP][39m [37m<-- GET /wd/hub/session/93c74cd2-ca08-4a97-9a85-0b284d7b3b28/source [39m[32m200[39m [90m1369 ms - 3961[39m
[35m[HTTP][39m [90m[39m
[35m[HTTP][39m [37m-->[39m [37mGET[39m [37m/wd/hub/session/93c74cd2-ca08-4a97-9a85-0b284d7b3b28/screenshot[39m
[35m[HTTP][39m [90m{}[39m
[35m[HTTP][39m [37m<-- GET /wd/hub/session/93c74cd2-ca08-4a97-9a85-0b284d7b3b28/screenshot [39m[32m200[39m [90m226 ms - 75484[39m
[35m[HTTP][39m [90m[39m
[35m[HTTP][39m [37m-->[39m [37mGET[39m [37m/wd/hub/session/93c74cd2-ca08-4a97-9a85-0b284d7b3b28/source[39m
[35m[HTTP][39m [90m{}[39m
[35m[W3C (93c74cd2)][39m Driver proxy active, passing request on via HTTP proxy
[35m[WD Proxy][39m Replacing sessionId f4ecf83c-f7d6-4825-afd4-e08d71df0210 with 93c74cd2-ca08-4a97-9a85-0b284d7b3b28
[35m[HTTP][39m [37m<-- GET /wd/hub/session/93c74cd2-ca08-4a97-9a85-0b284d7b3b28/source [39m[32m200[39m [90m278 ms - 41688[39m
[35m[HTTP][39m [90m[39m
[35m[HTTP][39m [37m-->[39m [37mGET[39m [37m/wd/hub/session/93c74cd2-ca08-4a97-9a85-0b284d7b3b28/screenshot[39m
[35m[HTTP][39m [90m{}[39m
[35m[HTTP][39m [37m<-- GET /wd/hub/session/93c74cd2-ca08-4a97-9a85-0b284d7b3b28/screenshot [39m[32m200[39m [90m298 ms - 199110[39m
[35m[HTTP][39m [90m[39m
[35m[HTTP][39m [37m-->[39m [37mPOST[39m [37m/wd/hub/session/93c74cd2-ca08-4a97-9a85-0b284d7b3b28/elements[39m
[35m[HTTP][39m [90m{"using":"xpath","value":"//*[@class = 'android.widget.TextView' and (@text = 'Convert' or . = 'Convert')]"}[39m
[35m[HTTP][39m [37m<-- POST /wd/hub/session/93c74cd2-ca08-4a97-9a85-0b284d7b3b28/elements [39m[32m200[39m [90m889 ms - 139[39m
[35m[HTTP][39m [90m[39m
[35m[HTTP][39m [37m-->[39m [37mGET[39m [37m/wd/hub/session/93c74cd2-ca08-4a97-9a85-0b284d7b3b28/window/rect[39m
[35m[HTTP][39m [90m{}[39m
[35m[HTTP][39m [37m<-- GET /wd/hub/session/93c74cd2-ca08-4a97-9a85-0b284d7b3b28/window/rect [39m[32m200[39m [90m24 ms - 50[39m
[35m[HTTP][39m [90m[39m
[35m[HTTP][39m [37m-->[39m [37mPOST[39m [37m/wd/hub/session/93c74cd2-ca08-4a97-9a85-0b284d7b3b28/elements[39m
[35m[HTTP][39m [90m{"using":"xpath","value":"//*[@class = 'android.widget.TextView' and (@text = 'Convert' or . = 'Convert')]"}[39m
[35m[HTTP][39m [37m<-- POST /wd/hub/session/93c74cd2-ca08-4a97-9a85-0b284d7b3b28/elements [39m[32m200[39m [90m1148 ms - 139[39m
[35m[HTTP][39m [90m[39m
[35m[HTTP][39m [37m-->[39m [37mGET[39m [37m/wd/hub/session/93c74cd2-ca08-4a97-9a85-0b284d7b3b28/element/cc6fcd70-e547-4ecc-b99c-37824c348a4b/location[39m
[35m[HTTP][39m [90m{}[39m
[35m[W3C (93c74cd2)][39m Driver proxy active, passing request on via HTTP proxy
[35m[WD Proxy][39m Replacing sessionId f4ecf83c-f7d6-4825-afd4-e08d71df0210 with 93c74cd2-ca08-4a97-9a85-0b284d7b3b28
[35m[HTTP][39m [37m<-- GET /wd/hub/session/93c74cd2-ca08-4a97-9a85-0b284d7b3b28/element/cc6fcd70-e547-4ecc-b99c-37824c348a4b/location [39m[32m200[39m [90m369 ms - 76[39m
[35m[HTTP][39m [90m[39m
[35m[HTTP][39m [37m-->[39m [37mGET[39m [37m/wd/hub/session/93c74cd2-ca08-4a97-9a85-0b284d7b3b28/element/cc6fcd70-e547-4ecc-b99c-37824c348a4b/text[39m
[35m[HTTP][39m [90m{}[39m
[35m[W3C (93c74cd2)][39m Driver proxy active, passing request on via HTTP proxy
[35m[WD Proxy][39m Replacing sessionId f4ecf83c-f7d6-4825-afd4-e08d71df0210 with 93c74cd2-ca08-4a97-9a85-0b284d7b3b28
[35m[HTTP][39m [37m<-- GET /wd/hub/session/93c74cd2-ca08-4a97-9a85-0b284d7b3b28/element/cc6fcd70-e547-4ecc-b99c-37824c348a4b/text [39m[32m200[39m [90m33 ms - 70[39m
[35m[HTTP][39m [90m[39m
[35m[HTTP][39m [37m-->[39m [37mGET[39m [37m/wd/hub/session/93c74cd2-ca08-4a97-9a85-0b284d7b3b28/source[39m
[35m[HTTP][39m [90m{}[39m
[35m[W3C (93c74cd2)][39m Driver proxy active, passing request on via HTTP proxy
[35m[WD Proxy][39m Replacing sessionId f4ecf83c-f7d6-4825-afd4-e08d71df0210 with 93c74cd2-ca08-4a97-9a85-0b284d7b3b28
[35m[HTTP][39m [37m<-- GET /wd/hub/session/93c74cd2-ca08-4a97-9a85-0b284d7b3b28/source [39m[32m200[39m [90m770 ms - 41348[39m
[35m[HTTP][39m [90m[39m
[35m[HTTP][39m [37m-->[39m [37mGET[39m [37m/wd/hub/session/93c74cd2-ca08-4a97-9a85-0b284d7b3b28/screenshot[39m
[35m[HTTP][39m [90m{}[39m
[35m[HTTP][39m [37m<-- GET /wd/hub/session/93c74cd2-ca08-4a97-9a85-0b284d7b3b28/screenshot [39m[32m200[39m [90m370 ms - 226780[39m
[35m[HTTP][39m [90m[39m
[35m[HTTP][39m [37m-->[39m [37mPOST[39m [37m/wd/hub/session/93c74cd2-ca08-4a97-9a85-0b284d7b3b28/elements[39m
[35m[HTTP][39m [90m{"using":"xpath","value":"//*[@class = 'android.widget.Button' and (@text = 'currency_myr MYR custom icon-xe-chevron-down RM  130,000.00 custom icon-calculator' or . = 'currency_myr MYR custom icon-xe-chevron-down RM  130,000.00 custom icon-calculator')]"}[39m
[35m[HTTP][39m [37m<-- POST /wd/hub/session/93c74cd2-ca08-4a97-9a85-0b284d7b3b28/elements [39m[32m200[39m [90m352 ms - 139[39m
[35m[HTTP][39m [90m[39m
[35m[HTTP][39m [37m-->[39m [37mGET[39m [37m/wd/hub/session/93c74cd2-ca08-4a97-9a85-0b284d7b3b28/window/rect[39m
[35m[HTTP][39m [90m{}[39m
[35m[HTTP][39m [37m<-- GET /wd/hub/session/93c74cd2-ca08-4a97-9a85-0b284d7b3b28/window/rect [39m[32m200[39m [90m22 ms - 50[39m
[35m[HTTP][39m [90m[39m
[35m[HTTP][39m [37m-->[39m [37mPOST[39m [37m/wd/hub/session/93c74cd2-ca08-4a97-9a85-0b284d7b3b28/elements[39m
[35m[HTTP][39m [90m{"using":"xpath","value":"//*[@class = 'android.widget.Button' and (@text = 'currency_myr MYR custom icon-xe-chevron-down RM  130,000.00 custom icon-calculator' or . = 'currency_myr MYR custom icon-xe-chevron-down RM  130,000.00 custom icon-calculator')]"}[39m
[35m[HTTP][39m [37m<-- POST /wd/hub/session/93c74cd2-ca08-4a97-9a85-0b284d7b3b28/elements [39m[32m200[39m [90m594 ms - 139[39m
[35m[HTTP][39m [90m[39m
[35m[HTTP][39m [37m-->[39m [37mGET[39m [37m/wd/hub/session/93c74cd2-ca08-4a97-9a85-0b284d7b3b28/element/ad5d03dd-6654-4a2d-8643-9940f86cc13c/location[39m
[35m[HTTP][39m [90m{}[39m
[35m[W3C (93c74cd2)][39m Driver proxy active, passing request on via HTTP proxy
[35m[WD Proxy][39m Replacing sessionId f4ecf83c-f7d6-4825-afd4-e08d71df0210 with 93c74cd2-ca08-4a97-9a85-0b284d7b3b28
[35m[HTTP][39m [37m<-- GET /wd/hub/session/93c74cd2-ca08-4a97-9a85-0b284d7b3b28/element/ad5d03dd-6654-4a2d-8643-9940f86cc13c/location [39m[32m200[39m [90m30 ms - 77[39m
[35m[HTTP][39m [90m[39m
[35m[HTTP][39m [37m-->[39m [37mPOST[39m [37m/wd/hub/session/93c74cd2-ca08-4a97-9a85-0b284d7b3b28/element/ad5d03dd-6654-4a2d-8643-9940f86cc13c/click[39m
[35m[HTTP][39m [90m{"id":"ad5d03dd-6654-4a2d-8643-9940f86cc13c"}[39m
[35m[HTTP][39m [37m<-- POST /wd/hub/session/93c74cd2-ca08-4a97-9a85-0b284d7b3b28/element/ad5d03dd-6654-4a2d-8643-9940f86cc13c/click [39m[32m200[39m [90m55 ms - 14[39m
[35m[HTTP][39m [90m[39m
[35m[HTTP][39m [37m-->[39m [37mGET[39m [37m/wd/hub/session/93c74cd2-ca08-4a97-9a85-0b284d7b3b28/source[39m
[35m[HTTP][39m [90m{}[39m
[35m[W3C (93c74cd2)][39m Driver proxy active, passing request on via HTTP proxy
[35m[WD Proxy][39m Replacing sessionId f4ecf83c-f7d6-4825-afd4-e08d71df0210 with 93c74cd2-ca08-4a97-9a85-0b284d7b3b28
[35m[HTTP][39m [37m<-- GET /wd/hub/session/93c74cd2-ca08-4a97-9a85-0b284d7b3b28/source [39m[32m200[39m [90m3305 ms - 97253[39m
[35m[HTTP][39m [90m[39m
[35m[HTTP][39m [37m-->[39m [37mGET[39m [37m/wd/hub/session/93c74cd2-ca08-4a97-9a85-0b284d7b3b28/screenshot[39m
[35m[HTTP][39m [90m{}[39m
[35m[HTTP][39m [37m<-- GET /wd/hub/session/93c74cd2-ca08-4a97-9a85-0b284d7b3b28/screenshot [39m[32m200[39m [90m407 ms - 326472[39m
[35m[HTTP][39m [90m[39m
[35m[HTTP][39m [37m-->[39m [37mPOST[39m [37m/wd/hub/session/93c74cd2-ca08-4a97-9a85-0b284d7b3b28/elements[39m
[35m[HTTP][39m [90m{"using":"xpath","value":"//*[@class = 'android.widget.TextView' and (@text = 'Done' or . = 'Done')]"}[39m
[35m[HTTP][39m [37m<-- POST /wd/hub/session/93c74cd2-ca08-4a97-9a85-0b284d7b3b28/elements [39m[32m200[39m [90m869 ms - 139[39m
[35m[HTTP][39m [90m[39m
[35m[HTTP][39m [37m-->[39m [37mGET[39m [37m/wd/hub/session/93c74cd2-ca08-4a97-9a85-0b284d7b3b28/window/rect[39m
[35m[HTTP][39m [90m{}[39m
[35m[HTTP][39m [37m<-- GET /wd/hub/session/93c74cd2-ca08-4a97-9a85-0b284d7b3b28/window/rect [39m[32m200[39m [90m22 ms - 50[39m
[35m[HTTP][39m [90m[39m
[35m[HTTP][39m [37m-->[39m [37mPOST[39m [37m/wd/hub/session/93c74cd2-ca08-4a97-9a85-0b284d7b3b28/elements[39m
[35m[HTTP][39m [90m{"using":"xpath","value":"//*[@class = 'android.widget.TextView' and (@text = 'Done' or . = 'Done')]"}[39m
[35m[HTTP][39m [37m<-- POST /wd/hub/session/93c74cd2-ca08-4a97-9a85-0b284d7b3b28/elements [39m[32m200[39m [90m822 ms - 139[39m
[35m[HTTP][39m [90m[39m
[35m[HTTP][39m [37m-->[39m [37mGET[39m [37m/wd/hub/session/93c74cd2-ca08-4a97-9a85-0b284d7b3b28/element/bb8bee87-771e-4d0e-b5e4-829f419a7166/location[39m
[35m[HTTP][39m [90m{}[39m
[35m[W3C (93c74cd2)][39m Driver proxy active, passing request on via HTTP proxy
[35m[WD Proxy][39m Replacing sessionId f4ecf83c-f7d6-4825-afd4-e08d71df0210 with 93c74cd2-ca08-4a97-9a85-0b284d7b3b28
[35m[HTTP][39m [37m<-- GET /wd/hub/session/93c74cd2-ca08-4a97-9a85-0b284d7b3b28/element/bb8bee87-771e-4d0e-b5e4-829f419a7166/location [39m[32m200[39m [90m25 ms - 77[39m
[35m[HTTP][39m [90m[39m
[35m[HTTP][39m [37m-->[39m [37mPOST[39m [37m/wd/hub/session/93c74cd2-ca08-4a97-9a85-0b284d7b3b28/element/bb8bee87-771e-4d0e-b5e4-829f419a7166/click[39m
[35m[HTTP][39m [90m{"id":"bb8bee87-771e-4d0e-b5e4-829f419a7166"}[39m
[35m[HTTP][39m [37m<-- POST /wd/hub/session/93c74cd2-ca08-4a97-9a85-0b284d7b3b28/element/bb8bee87-771e-4d0e-b5e4-829f419a7166/click [39m[32m200[39m [90m60 ms - 14[39m
[35m[HTTP][39m [90m[39m
[35m[HTTP][39m [37m-->[39m [37mGET[39m [37m/wd/hub/session/93c74cd2-ca08-4a97-9a85-0b284d7b3b28/source[39m
[35m[HTTP][39m [90m{}[39m
[35m[W3C (93c74cd2)][39m Driver proxy active, passing request on via HTTP proxy
[35m[WD Proxy][39m Replacing sessionId f4ecf83c-f7d6-4825-afd4-e08d71df0210 with 93c74cd2-ca08-4a97-9a85-0b284d7b3b28
[35m[HTTP][39m [37m<-- GET /wd/hub/session/93c74cd2-ca08-4a97-9a85-0b284d7b3b28/source [39m[32m200[39m [90m1275 ms - 41224[39m
[35m[HTTP][39m [90m[39m
[35m[HTTP][39m [37m-->[39m [37mGET[39m [37m/wd/hub/session/93c74cd2-ca08-4a97-9a85-0b284d7b3b28/screenshot[39m
[35m[HTTP][39m [90m{}[39m
[35m[HTTP][39m [37m<-- GET /wd/hub/session/93c74cd2-ca08-4a97-9a85-0b284d7b3b28/screenshot [39m[32m200[39m [90m357 ms - 204754[39m
[35m[HTTP][39m [90m[39m
[35m[HTTP][39m [37m-->[39m [37mPOST[39m [37m/wd/hub/session/93c74cd2-ca08-4a97-9a85-0b284d7b3b28/elements[39m
[35m[HTTP][39m [90m{"using":"xpath","value":"//*[@class = 'android.widget.Button' and (@text = 'custom icon-xe-tab-charts Charts' or . = 'custom icon-xe-tab-charts Charts')]"}[39m
[35m[HTTP][39m [37m<-- POST /wd/hub/session/93c74cd2-ca08-4a97-9a85-0b284d7b3b28/elements [39m[32m200[39m [90m254 ms - 139[39m
[35m[HTTP][39m [90m[39m
[35m[HTTP][39m [37m-->[39m [37mGET[39m [37m/wd/hub/session/93c74cd2-ca08-4a97-9a85-0b284d7b3b28/window/rect[39m
[35m[HTTP][39m [90m{}[39m
[35m[HTTP][39m [37m<-- GET /wd/hub/session/93c74cd2-ca08-4a97-9a85-0b284d7b3b28/window/rect [39m[32m200[39m [90m14 ms - 50[39m
[35m[HTTP][39m [90m[39m
[35m[HTTP][39m [37m-->[39m [37mPOST[39m [37m/wd/hub/session/93c74cd2-ca08-4a97-9a85-0b284d7b3b28/elements[39m
[35m[HTTP][39m [90m{"using":"xpath","value":"//*[@class = 'android.widget.Button' and (@text = 'custom icon-xe-tab-charts Charts' or . = 'custom icon-xe-tab-charts Charts')]"}[39m
[35m[HTTP][39m [37m<-- POST /wd/hub/session/93c74cd2-ca08-4a97-9a85-0b284d7b3b28/elements [39m[32m200[39m [90m245 ms - 139[39m
[35m[HTTP][39m [90m[39m
[35m[HTTP][39m [37m-->[39m [37mGET[39m [37m/wd/hub/session/93c74cd2-ca08-4a97-9a85-0b284d7b3b28/element/cdc73e25-fcdb-454d-bf58-5ab295635c6b/location[39m
[35m[HTTP][39m [90m{}[39m
[35m[W3C (93c74cd2)][39m Driver proxy active, passing request on via HTTP proxy
[35m[WD Proxy][39m Replacing sessionId f4ecf83c-f7d6-4825-afd4-e08d71df0210 with 93c74cd2-ca08-4a97-9a85-0b284d7b3b28
[35m[HTTP][39m [37m<-- GET /wd/hub/session/93c74cd2-ca08-4a97-9a85-0b284d7b3b28/element/cdc73e25-fcdb-454d-bf58-5ab295635c6b/location [39m[32m200[39m [90m1215 ms - 79[39m
[35m[HTTP][39m [90m[39m
[35m[HTTP][39m [37m-->[39m [37mPOST[39m [37m/wd/hub/session/93c74cd2-ca08-4a97-9a85-0b284d7b3b28/element/cdc73e25-fcdb-454d-bf58-5ab295635c6b/click[39m
[35m[HTTP][39m [90m{"id":"cdc73e25-fcdb-454d-bf58-5ab295635c6b"}[39m
[35m[HTTP][39m [37m<-- POST /wd/hub/session/93c74cd2-ca08-4a97-9a85-0b284d7b3b28/element/cdc73e25-fcdb-454d-bf58-5ab295635c6b/click [39m[32m200[39m [90m53 ms - 14[39m
[35m[HTTP][39m [90m[39m
[35m[HTTP][39m [37m-->[39m [37mGET[39m [37m/wd/hub/session/93c74cd2-ca08-4a97-9a85-0b284d7b3b28/source[39m
[35m[HTTP][39m [90m{}[39m
[35m[W3C (93c74cd2)][39m Driver proxy active, passing request on via HTTP proxy
[35m[WD Proxy][39m Replacing sessionId f4ecf83c-f7d6-4825-afd4-e08d71df0210 with 93c74cd2-ca08-4a97-9a85-0b284d7b3b28
[35m[HTTP][39m [37m<-- GET /wd/hub/session/93c74cd2-ca08-4a97-9a85-0b284d7b3b28/source [39m[32m200[39m [90m1699 ms - 37082[39m
[35m[HTTP][39m [90m[39m
[35m[HTTP][39m [37m-->[39m [37mGET[39m [37m/wd/hub/session/93c74cd2-ca08-4a97-9a85-0b284d7b3b28/screenshot[39m
[35m[HTTP][39m [90m{}[39m
[35m[HTTP][39m [37m<-- GET /wd/hub/session/93c74cd2-ca08-4a97-9a85-0b284d7b3b28/screenshot [39m[32m200[39m [90m382 ms - 252664[39m
[35m[HTTP][39m [90m[39m
[35m[HTTP][39m [37m-->[39m [37mPOST[39m [37m/wd/hub/session/93c74cd2-ca08-4a97-9a85-0b284d7b3b28/elements[39m
[35m[HTTP][39m [90m{"using":"xpath","value":"//*[@class = 'android.view.View' and (@text = '1 MYR = 0.222039 USD ' or . = '1 MYR = 0.222039 USD ')]"}[39m
[35m[HTTP][39m [37m<-- POST /wd/hub/session/93c74cd2-ca08-4a97-9a85-0b284d7b3b28/elements [39m[32m200[39m [90m237 ms - 139[39m
[35m[HTTP][39m [90m[39m
[35m[HTTP][39m [37m-->[39m [37mGET[39m [37m/wd/hub/session/93c74cd2-ca08-4a97-9a85-0b284d7b3b28/window/rect[39m
[35m[HTTP][39m [90m{}[39m
[35m[HTTP][39m [37m<-- GET /wd/hub/session/93c74cd2-ca08-4a97-9a85-0b284d7b3b28/window/rect [39m[32m200[39m [90m14 ms - 50[39m
[35m[HTTP][39m [90m[39m
[35m[HTTP][39m [37m-->[39m [37mPOST[39m [37m/wd/hub/session/93c74cd2-ca08-4a97-9a85-0b284d7b3b28/elements[39m
[35m[HTTP][39m [90m{"using":"xpath","value":"//*[@class = 'android.view.View' and (@text = '1 MYR = 0.222039 USD ' or . = '1 MYR = 0.222039 USD ')]"}[39m
[35m[HTTP][39m [37m<-- POST /wd/hub/session/93c74cd2-ca08-4a97-9a85-0b284d7b3b28/elements [39m[32m200[39m [90m198 ms - 139[39m
[35m[HTTP][39m [90m[39m
[35m[HTTP][39m [37m-->[39m [37mGET[39m [37m/wd/hub/session/93c74cd2-ca08-4a97-9a85-0b284d7b3b28/element/7eb6f5d3-e655-4502-bc80-dbb12f110ca4/location[39m
[35m[HTTP][39m [90m{}[39m
[35m[W3C (93c74cd2)][39m Driver proxy active, passing request on via HTTP proxy
[35m[WD Proxy][39m Replacing sessionId f4ecf83c-f7d6-4825-afd4-e08d71df0210 with 93c74cd2-ca08-4a97-9a85-0b284d7b3b28
[35m[HTTP][39m [37m<-- GET /wd/hub/session/93c74cd2-ca08-4a97-9a85-0b284d7b3b28/element/7eb6f5d3-e655-4502-bc80-dbb12f110ca4/location [39m[32m200[39m [90m24 ms - 77[39m
[35m[HTTP][39m [90m[39m
[35m[HTTP][39m [37m-->[39m [37mGET[39m [37m/wd/hub/session/93c74cd2-ca08-4a97-9a85-0b284d7b3b28/element/7eb6f5d3-e655-4502-bc80-dbb12f110ca4/text[39m
[35m[HTTP][39m [90m{}[39m
[35m[W3C (93c74cd2)][39m Driver proxy active, passing request on via HTTP proxy
[35m[WD Proxy][39m Replacing sessionId f4ecf83c-f7d6-4825-afd4-e08d71df0210 with 93c74cd2-ca08-4a97-9a85-0b284d7b3b28
[35m[HTTP][39m [37m<-- GET /wd/hub/session/93c74cd2-ca08-4a97-9a85-0b284d7b3b28/element/7eb6f5d3-e655-4502-bc80-dbb12f110ca4/text [39m[32m200[39m [90m22 ms - 84[39m
[35m[HTTP][39m [90m[39m
[35m[HTTP][39m [37m-->[39m [37mGET[39m [37m/wd/hub/session/93c74cd2-ca08-4a97-9a85-0b284d7b3b28/source[39m
[35m[HTTP][39m [90m{}[39m
[35m[W3C (93c74cd2)][39m Driver proxy active, passing request on via HTTP proxy
[35m[WD Proxy][39m Replacing sessionId f4ecf83c-f7d6-4825-afd4-e08d71df0210 with 93c74cd2-ca08-4a97-9a85-0b284d7b3b28
[35m[HTTP][39m [37m<-- GET /wd/hub/session/93c74cd2-ca08-4a97-9a85-0b284d7b3b28/source [39m[32m200[39m [90m216 ms - 37082[39m
[35m[HTTP][39m [90m[39m
[35m[HTTP][39m [37m-->[39m [37mGET[39m [37m/wd/hub/session/93c74cd2-ca08-4a97-9a85-0b284d7b3b28/screenshot[39m
[35m[HTTP][39m [90m{}[39m
[35m[HTTP][39m [37m<-- GET /wd/hub/session/93c74cd2-ca08-4a97-9a85-0b284d7b3b28/screenshot [39m[32m200[39m [90m374 ms - 252590[39m
[35m[HTTP][39m [90m[39m
[35m[HTTP][39m [37m-->[39m [37mPOST[39m [37m/wd/hub/session/93c74cd2-ca08-4a97-9a85-0b284d7b3b28/elements[39m
[35m[HTTP][39m [90m{"using":"xpath","value":"//*[@class = 'android.widget.Button' and (@text = 'custom icon-xe-tab-send' or . = 'custom icon-xe-tab-send')]"}[39m
[35m[HTTP][39m [37m<-- POST /wd/hub/session/93c74cd2-ca08-4a97-9a85-0b284d7b3b28/elements [39m[32m200[39m [90m213 ms - 139[39m
[35m[HTTP][39m [90m[39m
[35m[HTTP][39m [37m-->[39m [37mGET[39m [37m/wd/hub/session/93c74cd2-ca08-4a97-9a85-0b284d7b3b28/window/rect[39m
[35m[HTTP][39m [90m{}[39m
[35m[HTTP][39m [37m<-- GET /wd/hub/session/93c74cd2-ca08-4a97-9a85-0b284d7b3b28/window/rect [39m[32m200[39m [90m19 ms - 50[39m
[35m[HTTP][39m [90m[39m
[35m[HTTP][39m [37m-->[39m [37mPOST[39m [37m/wd/hub/session/93c74cd2-ca08-4a97-9a85-0b284d7b3b28/elements[39m
[35m[HTTP][39m [90m{"using":"xpath","value":"//*[@class = 'android.widget.Button' and (@text = 'custom icon-xe-tab-send' or . = 'custom icon-xe-tab-send')]"}[39m
[35m[HTTP][39m [37m<-- POST /wd/hub/session/93c74cd2-ca08-4a97-9a85-0b284d7b3b28/elements [39m[32m200[39m [90m683 ms - 139[39m
[35m[HTTP][39m [90m[39m
[35m[HTTP][39m [37m-->[39m [37mGET[39m [37m/wd/hub/session/93c74cd2-ca08-4a97-9a85-0b284d7b3b28/element/ef5beb88-5218-4c00-89a7-97ec33584c52/location[39m
[35m[HTTP][39m [90m{}[39m
[35m[W3C (93c74cd2)][39m Driver proxy active, passing request on via HTTP proxy
[35m[WD Proxy][39m Replacing sessionId f4ecf83c-f7d6-4825-afd4-e08d71df0210 with 93c74cd2-ca08-4a97-9a85-0b284d7b3b28
[35m[HTTP][39m [37m<-- GET /wd/hub/session/93c74cd2-ca08-4a97-9a85-0b284d7b3b28/element/ef5beb88-5218-4c00-89a7-97ec33584c52/location [39m[32m200[39m [90m29 ms - 79[39m
[35m[HTTP][39m [90m[39m
[35m[HTTP][39m [37m-->[39m [37mPOST[39m [37m/wd/hub/session/93c74cd2-ca08-4a97-9a85-0b284d7b3b28/element/ef5beb88-5218-4c00-89a7-97ec33584c52/click[39m
[35m[HTTP][39m [90m{"id":"ef5beb88-5218-4c00-89a7-97ec33584c52"}[39m
[35m[HTTP][39m [37m<-- POST /wd/hub/session/93c74cd2-ca08-4a97-9a85-0b284d7b3b28/element/ef5beb88-5218-4c00-89a7-97ec33584c52/click [39m[32m200[39m [90m621 ms - 14[39m
[35m[HTTP][39m [90m[39m
[35m[HTTP][39m [37m-->[39m [37mGET[39m [37m/wd/hub/session/93c74cd2-ca08-4a97-9a85-0b284d7b3b28/source[39m
[35m[HTTP][39m [90m{}[39m
[35m[W3C (93c74cd2)][39m Driver proxy active, passing request on via HTTP proxy
[35m[WD Proxy][39m Replacing sessionId f4ecf83c-f7d6-4825-afd4-e08d71df0210 with 93c74cd2-ca08-4a97-9a85-0b284d7b3b28
[35m[HTTP][39m [37m<-- GET /wd/hub/session/93c74cd2-ca08-4a97-9a85-0b284d7b3b28/source [39m[32m200[39m [90m903 ms - 36265[39m
[35m[HTTP][39m [90m[39m
[35m[HTTP][39m [37m-->[39m [37mGET[39m [37m/wd/hub/session/93c74cd2-ca08-4a97-9a85-0b284d7b3b28/screenshot[39m
[35m[HTTP][39m [90m{}[39m
[35m[HTTP][39m [37m<-- GET /wd/hub/session/93c74cd2-ca08-4a97-9a85-0b284d7b3b28/screenshot [39m[32m200[39m [90m422 ms - 149046[39m
[35m[HTTP][39m [90m[39m
[35m[HTTP][39m [37m-->[39m [37mGET[39m [37m/wd/hub/session/93c74cd2-ca08-4a97-9a85-0b284d7b3b28/source[39m
[35m[HTTP][39m [90m{}[39m
[35m[W3C (93c74cd2)][39m Driver proxy active, passing request on via HTTP proxy
[35m[WD Proxy][39m Replacing sessionId f4ecf83c-f7d6-4825-afd4-e08d71df0210 with 93c74cd2-ca08-4a97-9a85-0b284d7b3b28
[35m[HTTP][39m [37m<-- GET /wd/hub/session/93c74cd2-ca08-4a97-9a85-0b284d7b3b28/source [39m[32m200[39m [90m190 ms - 36265[39m
[35m[HTTP][39m [90m[39m
[35m[HTTP][39m [37m-->[39m [37mGET[39m [37m/wd/hub/session/93c74cd2-ca08-4a97-9a85-0b284d7b3b28/screenshot[39m
[35m[HTTP][39m [90m{}[39m
[35m[HTTP][39m [37m<-- GET /wd/hub/session/93c74cd2-ca08-4a97-9a85-0b284d7b3b28/screenshot [39m[32m200[39m [90m373 ms - 149046[39m
[35m[HTTP][39m [90m[39m
[35m[HTTP][39m [37m-->[39m [37mGET[39m [37m/wd/hub/session/93c74cd2-ca08-4a97-9a85-0b284d7b3b28/screenshot[39m
[35m[HTTP][39m [90m{}[39m
[35m[HTTP][39m [37m<-- GET /wd/hub/session/93c74cd2-ca08-4a97-9a85-0b284d7b3b28/screenshot [39m[32m200[39m [90m418 ms - 149686[39m
[35m[HTTP][39m [90m[39m
[35m[HTTP][39m [37m-->[39m [37mGET[39m [37m/wd/hub/session/93c74cd2-ca08-4a97-9a85-0b284d7b3b28/source[39m
[35m[HTTP][39m [90m{}[39m
[35m[W3C (93c74cd2)][39m Driver proxy active, passing request on via HTTP proxy
[35m[WD Proxy][39m Replacing sessionId f4ecf83c-f7d6-4825-afd4-e08d71df0210 with 93c74cd2-ca08-4a97-9a85-0b284d7b3b28
[35m[HTTP][39m [37m<-- GET /wd/hub/session/93c74cd2-ca08-4a97-9a85-0b284d7b3b28/source [39m[32m200[39m [90m255 ms - 36265[39m
[35m[HTTP][39m [90m[39m
[35m[HTTP][39m [37m-->[39m [37mGET[39m [37m/wd/hub/session/93c74cd2-ca08-4a97-9a85-0b284d7b3b28/screenshot[39m
[35m[HTTP][39m [90m{}[39m
[35m[HTTP][39m [37m<-- GET /wd/hub/session/93c74cd2-ca08-4a97-9a85-0b284d7b3b28/screenshot [39m[32m200[39m [90m404 ms - 149686[39m
[35m[HTTP][39m [90m[39m
[35m[HTTP][39m [37m-->[39m [37mDELETE[39m [37m/wd/hub/session/93c74cd2-ca08-4a97-9a85-0b284d7b3b28[39m
[35m[HTTP][39m [90m{}[39m
[35m[Appium][39m Removing session 93c74cd2-ca08-4a97-9a85-0b284d7b3b28 from our master session list
[35m[UiAutomator2][39m Restoring hidden api policy to the device default configuration
[35m[HTTP][39m [37m<-- DELETE /wd/hub/session/93c74cd2-ca08-4a97-9a85-0b284d7b3b28 [39m[32m200[39m [90m537 ms - 14[39m
[35m[HTTP][39m [90m[39m
