[35m[Appium][39m Welcome to Appium v1.18.1
[35m[Appium][39m Non-default server args:
[35m[Appium][39m   port: 52935
[35m[Appium][39m   loglevel: info
[35m[Appium][39m   tmpDir: C:\Users\00123955\AppData\Local\Temp\\Katalon\Appium\Temp1678970479377
[35m[Appium][39m   chromedriverPort: 52938
[35m[Appium][39m Deprecated server args:
[35m[Appium][39m   [31m--chromedriver-port[39m => --default-capabilities '{"chromedriverPort":52938}'
[35m[Appium][39m Default capabilities, which will be added to each request unless overridden by desired capabilities:
[35m[Appium][39m   chromedriverPort: 52938
[35m[Appium][39m Appium REST http interface listener started on 0.0.0.0:52935
[35m[HTTP][39m [37m-->[39m [37mGET[39m [37m/wd/hub/status[39m
[35m[HTTP][39m [90m{}[39m
[35m[HTTP][39m [37m<-- GET /wd/hub/status [39m[32m200[39m [90m8 ms - 68[39m
[35m[HTTP][39m [90m[39m
[35m[HTTP][39m [37m-->[39m [37mPOST[39m [37m/wd/hub/session[39m
[35m[HTTP][39m [90m{"desiredCapabilities":{"appActivity":".Settings","appPackage":"com.android.settings","newCommandTimeout":1800,"platformVersion":"11","automationName":"uiautomator2","autoGrantPermissions":true,"platformName":"Android","udid":"R5CR704KXSR","deviceName":"samsung SM-G998B (Android 11)","platform":"ANDROID","systemPort":8251},"capabilities":{"firstMatch":[{"appium:appActivity":".Settings","appium:appPackage":"com.android.settings","appium:autoGrantPermissions":true,"appium:automationName":"uiautomator2","appium:deviceName":"samsung SM-G998B (Android 11)","appium:newCommandTimeout":1800,"platform":"ANDROID","platformName":"android","appium:platformVersion":"11","appium:systemPort":8251,"appium:udid":"R5CR704KXSR"}]}}[39m
[35m[BaseDriver][39m The following capabilities are not standard capabilities and should have an extension prefix:
[35m[BaseDriver][39m   platform
[35m[BaseDriver][39m   chromedriverPort
[35m[Appium][39m Appium v1.18.1 creating new AndroidUiautomator2Driver (v1.56.1) session
[35m[BaseDriver][39m The following capabilities were provided, but are not recognized by Appium:
[35m[BaseDriver][39m   platform
[35m[BaseDriver][39m Session created with session id: 1fbe1a02-0d58-4320-b467-2e92444fca1d
[35m[UiAutomator2][39m Starting 'com.android.settings' directly on the device
[35m[ADB][39m Found 1 'build-tools' folders under 'C:\Users\00123955\.katalon\tools\android_sdk' (newest first):
[35m[ADB][39m     C:/Users/00123955/.katalon/tools/android_sdk/build-tools/23.0.3
[35m[ADB][39m Using 'adb.exe' from 'C:\Users\00123955\.katalon\tools\android_sdk\platform-tools\adb.exe'
[35m[AndroidDriver][39m Retrieving device list
[35m[AndroidDriver][39m Using device: R5CR704KXSR
[35m[ADB][39m Using 'adb.exe' from 'C:\Users\00123955\.katalon\tools\android_sdk\platform-tools\adb.exe'
[35m[ADB][39m Getting device platform version
[35m[UiAutomator2][39m Relaxing hidden api policy
[35m[AndroidDriver][39m No app sent in, not parsing package/activity
[35m[ADB][39m Cannot use apksigner tool for signature verification. Original error: Could not find 'apksigner.jar' in ["C:\\Users\\00123955\\.katalon\\tools\\android_sdk\\platform-tools\\apksigner.jar","C:\\Users\\00123955\\.katalon\\tools\\android_sdk\\emulator\\apksigner.jar","C:\\Users\\00123955\\.katalon\\tools\\android_sdk\\cmdline-tools\\latest\\bin\\apksigner.jar","C:\\Users\\00123955\\.katalon\\tools\\android_sdk\\tools\\apksigner.jar","C:\\Users\\00123955\\.katalon\\tools\\android_sdk\\tools\\bin\\apksigner.jar","C:\\Users\\00123955\\.katalon\\tools\\android_sdk\\apksigner.jar","C:\\Users\\00123955\\.katalon\\tools\\android_sdk\\build-tools\\23.0.3\\apksigner.jar","C:\\Users\\00123955\\.katalon\\tools\\android_sdk\\build-tools\\23.0.3\\lib\\apksigner.jar"]. Do you have Android Build Tools installed at 'C:\Users\00123955\.katalon\tools\android_sdk'?
[35m[ADB][39m Cannot use apksigner tool for signature verification. Original error: Could not find 'apksigner.jar' in ["C:\\Users\\00123955\\.katalon\\tools\\android_sdk\\platform-tools\\apksigner.jar","C:\\Users\\00123955\\.katalon\\tools\\android_sdk\\emulator\\apksigner.jar","C:\\Users\\00123955\\.katalon\\tools\\android_sdk\\cmdline-tools\\latest\\bin\\apksigner.jar","C:\\Users\\00123955\\.katalon\\tools\\android_sdk\\tools\\apksigner.jar","C:\\Users\\00123955\\.katalon\\tools\\android_sdk\\tools\\bin\\apksigner.jar","C:\\Users\\00123955\\.katalon\\tools\\android_sdk\\apksigner.jar","C:\\Users\\00123955\\.katalon\\tools\\android_sdk\\build-tools\\23.0.3\\apksigner.jar","C:\\Users\\00123955\\.katalon\\tools\\android_sdk\\build-tools\\23.0.3\\lib\\apksigner.jar"]. Do you have Android Build Tools installed at 'C:\Users\00123955\.katalon\tools\android_sdk'?
[35m[UiAutomator2][39m Server packages are not going to be (re)installed
[35m[UiAutomator2][39m Starting UIAutomator2 server 4.12.2
[35m[UiAutomator2][39m Using UIAutomator2 server from 'C:\Users\00123955\AppData\Roaming\npm\node_modules\appium\node_modules\appium-uiautomator2-server\apks\appium-uiautomator2-server-v4.12.2.apk' and test from 'C:\Users\00123955\AppData\Roaming\npm\node_modules\appium\node_modules\appium-uiautomator2-server\apks\appium-uiautomator2-server-debug-androidTest.apk'
[35m[UiAutomator2][39m Waiting up to 30000ms for UiAutomator2 to be online...
[35m[WD Proxy][39m Error: read ECONNRESET
[35m[WD Proxy][39m     at TCP.onStreamRead (internal/stream_base_commons.js:111:27)
[35m[WD Proxy][39m Determined the downstream protocol as 'W3C'
[35m[AndroidDriver][39m Screen already unlocked, doing nothing
[35m[UiAutomator2][39m Starting 'com.android.settings/.Settings and waiting for 'com.android.settings/.Settings'
[35m[Appium][39m New AndroidUiautomator2Driver session created successfully, session 1fbe1a02-0d58-4320-b467-2e92444fca1d added to master session list
[35m[HTTP][39m [37m<-- POST /wd/hub/session [39m[32m200[39m [90m9421 ms - 1159[39m
[35m[HTTP][39m [90m[39m
[35m[HTTP][39m [37m-->[39m [37mGET[39m [37m/wd/hub/session/1fbe1a02-0d58-4320-b467-2e92444fca1d[39m
[35m[HTTP][39m [90m{}[39m
[35m[HTTP][39m [37m<-- GET /wd/hub/session/1fbe1a02-0d58-4320-b467-2e92444fca1d [39m[32m200[39m [90m7 ms - 1113[39m
[35m[HTTP][39m [90m[39m
[35m[HTTP][39m [37m-->[39m [37mGET[39m [37m/wd/hub/session/1fbe1a02-0d58-4320-b467-2e92444fca1d[39m
[35m[HTTP][39m [90m{}[39m
[35m[HTTP][39m [37m<-- GET /wd/hub/session/1fbe1a02-0d58-4320-b467-2e92444fca1d [39m[32m200[39m [90m7 ms - 1113[39m
[35m[HTTP][39m [90m[39m
[35m[HTTP][39m [37m-->[39m [37mGET[39m [37m/wd/hub/status[39m
[35m[HTTP][39m [90m{}[39m
[35m[HTTP][39m [37m<-- GET /wd/hub/status [39m[32m200[39m [90m1 ms - 68[39m
[35m[HTTP][39m [90m[39m
[35m[HTTP][39m [37m-->[39m [37mPOST[39m [37m/wd/hub/session/1fbe1a02-0d58-4320-b467-2e92444fca1d/timeouts[39m
[35m[HTTP][39m [90m{"implicit":30000}[39m
[35m[HTTP][39m [37m<-- POST /wd/hub/session/1fbe1a02-0d58-4320-b467-2e92444fca1d/timeouts [39m[32m200[39m [90m3 ms - 14[39m
[35m[HTTP][39m [90m[39m
[35m[HTTP][39m [37m-->[39m [37mGET[39m [37m/wd/hub/session/1fbe1a02-0d58-4320-b467-2e92444fca1d/screenshot[39m
[35m[HTTP][39m [90m{}[39m
[35m[HTTP][39m [37m<-- GET /wd/hub/session/1fbe1a02-0d58-4320-b467-2e92444fca1d/screenshot [39m[32m200[39m [90m295 ms - 244782[39m
[35m[HTTP][39m [90m[39m
[35m[HTTP][39m [37m-->[39m [37mGET[39m [37m/wd/hub/session/1fbe1a02-0d58-4320-b467-2e92444fca1d/window/rect[39m
[35m[HTTP][39m [90m{}[39m
[35m[HTTP][39m [37m<-- GET /wd/hub/session/1fbe1a02-0d58-4320-b467-2e92444fca1d/window/rect [39m[32m200[39m [90m21 ms - 50[39m
[35m[HTTP][39m [90m[39m
[35m[HTTP][39m [37m-->[39m [37mGET[39m [37m/wd/hub/session/1fbe1a02-0d58-4320-b467-2e92444fca1d/appium/device/system_bars[39m
[35m[HTTP][39m [90m{}[39m
[35m[HTTP][39m [37m<-- GET /wd/hub/session/1fbe1a02-0d58-4320-b467-2e92444fca1d/appium/device/system_bars [39m[32m200[39m [90m134 ms - 148[39m
[35m[HTTP][39m [90m[39m
[35m[HTTP][39m [37m-->[39m [37mPOST[39m [37m/wd/hub/session/1fbe1a02-0d58-4320-b467-2e92444fca1d/appium/device/activate_app[39m
[35m[HTTP][39m [90m{"bundleId":"com.maybank2u.life"}[39m
[35m[HTTP][39m [37m<-- POST /wd/hub/session/1fbe1a02-0d58-4320-b467-2e92444fca1d/appium/device/activate_app [39m[32m200[39m [90m438 ms - 14[39m
[35m[HTTP][39m [90m[39m
[35m[HTTP][39m [37m-->[39m [37mPOST[39m [37m/wd/hub/session/1fbe1a02-0d58-4320-b467-2e92444fca1d/timeouts[39m
[35m[HTTP][39m [90m{"implicit":50}[39m
[35m[HTTP][39m [37m<-- POST /wd/hub/session/1fbe1a02-0d58-4320-b467-2e92444fca1d/timeouts [39m[32m200[39m [90m1 ms - 14[39m
[35m[HTTP][39m [90m[39m
[35m[HTTP][39m [37m-->[39m [37mGET[39m [37m/wd/hub/session/1fbe1a02-0d58-4320-b467-2e92444fca1d/window/rect[39m
[35m[HTTP][39m [90m{}[39m
[35m[HTTP][39m [37m<-- GET /wd/hub/session/1fbe1a02-0d58-4320-b467-2e92444fca1d/window/rect [39m[32m200[39m [90m8 ms - 50[39m
[35m[HTTP][39m [90m[39m
[35m[HTTP][39m [37m-->[39m [37mPOST[39m [37m/wd/hub/session/1fbe1a02-0d58-4320-b467-2e92444fca1d/elements[39m
[35m[HTTP][39m [90m{"using":"xpath","value":"//*[@class = 'android.widget.TextView' and (@text = 'Maybank2u' or . = 'Maybank2u')]"}[39m
[35m[HTTP][39m [37m<-- POST /wd/hub/session/1fbe1a02-0d58-4320-b467-2e92444fca1d/elements [39m[32m200[39m [90m596 ms - 139[39m
[35m[HTTP][39m [90m[39m
[35m[HTTP][39m [37m-->[39m [37mGET[39m [37m/wd/hub/session/1fbe1a02-0d58-4320-b467-2e92444fca1d/element/182ead86-7787-4dfe-a3ab-dc5e8fb7b2b2/location[39m
[35m[HTTP][39m [90m{}[39m
[35m[W3C (1fbe1a02)][39m Driver proxy active, passing request on via HTTP proxy
[35m[WD Proxy][39m Replacing sessionId e417f95a-b95a-4dd0-b180-432c36eaa792 with 1fbe1a02-0d58-4320-b467-2e92444fca1d
[35m[HTTP][39m [37m<-- GET /wd/hub/session/1fbe1a02-0d58-4320-b467-2e92444fca1d/element/182ead86-7787-4dfe-a3ab-dc5e8fb7b2b2/location [39m[32m200[39m [90m11 ms - 79[39m
[35m[HTTP][39m [90m[39m
[35m[HTTP][39m [37m-->[39m [37mPOST[39m [37m/wd/hub/session/1fbe1a02-0d58-4320-b467-2e92444fca1d/timeouts[39m
[35m[HTTP][39m [90m{"implicit":30000}[39m
[35m[HTTP][39m [37m<-- POST /wd/hub/session/1fbe1a02-0d58-4320-b467-2e92444fca1d/timeouts [39m[32m200[39m [90m1 ms - 14[39m
[35m[HTTP][39m [90m[39m
[35m[HTTP][39m [37m-->[39m [37mGET[39m [37m/wd/hub/session/1fbe1a02-0d58-4320-b467-2e92444fca1d/element/182ead86-7787-4dfe-a3ab-dc5e8fb7b2b2/text[39m
[35m[HTTP][39m [90m{}[39m
[35m[W3C (1fbe1a02)][39m Driver proxy active, passing request on via HTTP proxy
[35m[WD Proxy][39m Replacing sessionId e417f95a-b95a-4dd0-b180-432c36eaa792 with 1fbe1a02-0d58-4320-b467-2e92444fca1d
[35m[HTTP][39m [37m<-- GET /wd/hub/session/1fbe1a02-0d58-4320-b467-2e92444fca1d/element/182ead86-7787-4dfe-a3ab-dc5e8fb7b2b2/text [39m[32m200[39m [90m10 ms - 72[39m
[35m[HTTP][39m [90m[39m
[35m[HTTP][39m [37m-->[39m [37mGET[39m [37m/wd/hub/session/1fbe1a02-0d58-4320-b467-2e92444fca1d/context[39m
[35m[HTTP][39m [90m{}[39m
[35m[HTTP][39m [37m<-- GET /wd/hub/session/1fbe1a02-0d58-4320-b467-2e92444fca1d/context [39m[32m200[39m [90m1 ms - 22[39m
[35m[HTTP][39m [90m[39m
[35m[HTTP][39m [37m-->[39m [37mGET[39m [37m/wd/hub/session/1fbe1a02-0d58-4320-b467-2e92444fca1d/contexts[39m
[35m[HTTP][39m [90m{}[39m
[35m[AndroidDriver][39m Not checking whether webviews have active pages; use the 'ensureWebviewsHavePages' cap to turn this check on
[35m[AndroidDriver][39m Not collecting web view details. Details collection might help to make Chromedriver initialization more precise. Use the 'enableWebviewDetailsCollection' cap to turn it on
[35m[HTTP][39m [37m<-- GET /wd/hub/session/1fbe1a02-0d58-4320-b467-2e92444fca1d/contexts [39m[32m200[39m [90m146 ms - 41[39m
[35m[HTTP][39m [90m[39m
[35m[HTTP][39m [37m-->[39m [37mPOST[39m [37m/wd/hub/session/1fbe1a02-0d58-4320-b467-2e92444fca1d/context[39m
[35m[HTTP][39m [90m{"name":"NATIVE_APP"}[39m
[35m[HTTP][39m [37m<-- POST /wd/hub/session/1fbe1a02-0d58-4320-b467-2e92444fca1d/context [39m[32m200[39m [90m1 ms - 14[39m
[35m[HTTP][39m [90m[39m
[35m[HTTP][39m [37m-->[39m [37mGET[39m [37m/wd/hub/session/1fbe1a02-0d58-4320-b467-2e92444fca1d/screenshot[39m
[35m[HTTP][39m [90m{}[39m
[35m[HTTP][39m [37m<-- GET /wd/hub/session/1fbe1a02-0d58-4320-b467-2e92444fca1d/screenshot [39m[32m200[39m [90m561 ms - 1227758[39m
[35m[HTTP][39m [90m[39m
[35m[HTTP][39m [37m-->[39m [37mPOST[39m [37m/wd/hub/session/1fbe1a02-0d58-4320-b467-2e92444fca1d/context[39m
[35m[HTTP][39m [90m{"name":"NATIVE_APP"}[39m
[35m[HTTP][39m [37m<-- POST /wd/hub/session/1fbe1a02-0d58-4320-b467-2e92444fca1d/context [39m[32m200[39m [90m1 ms - 14[39m
[35m[HTTP][39m [90m[39m
[35m[HTTP][39m [37m-->[39m [37mPOST[39m [37m/wd/hub/session/1fbe1a02-0d58-4320-b467-2e92444fca1d/timeouts[39m
[35m[HTTP][39m [90m{"implicit":50}[39m
[35m[HTTP][39m [37m<-- POST /wd/hub/session/1fbe1a02-0d58-4320-b467-2e92444fca1d/timeouts [39m[32m200[39m [90m2 ms - 14[39m
[35m[HTTP][39m [90m[39m
[35m[HTTP][39m [37m-->[39m [37mGET[39m [37m/wd/hub/session/1fbe1a02-0d58-4320-b467-2e92444fca1d/window/rect[39m
[35m[HTTP][39m [90m{}[39m
[35m[HTTP][39m [37m<-- GET /wd/hub/session/1fbe1a02-0d58-4320-b467-2e92444fca1d/window/rect [39m[32m200[39m [90m12 ms - 50[39m
[35m[HTTP][39m [90m[39m
[35m[HTTP][39m [37m-->[39m [37mPOST[39m [37m/wd/hub/session/1fbe1a02-0d58-4320-b467-2e92444fca1d/elements[39m
[35m[HTTP][39m [90m{"using":"xpath","value":"//*[@class = 'android.widget.TextView' and (@text = 'Maybank2u' or . = 'Maybank2u')]"}[39m
[35m[HTTP][39m [37m<-- POST /wd/hub/session/1fbe1a02-0d58-4320-b467-2e92444fca1d/elements [39m[32m200[39m [90m160 ms - 139[39m
[35m[HTTP][39m [90m[39m
[35m[HTTP][39m [37m-->[39m [37mGET[39m [37m/wd/hub/session/1fbe1a02-0d58-4320-b467-2e92444fca1d/element/b389759c-20c9-49ba-b9b2-6b89a87d729f/location[39m
[35m[HTTP][39m [90m{}[39m
[35m[W3C (1fbe1a02)][39m Driver proxy active, passing request on via HTTP proxy
[35m[WD Proxy][39m Replacing sessionId e417f95a-b95a-4dd0-b180-432c36eaa792 with 1fbe1a02-0d58-4320-b467-2e92444fca1d
[35m[HTTP][39m [37m<-- GET /wd/hub/session/1fbe1a02-0d58-4320-b467-2e92444fca1d/element/b389759c-20c9-49ba-b9b2-6b89a87d729f/location [39m[32m200[39m [90m18 ms - 79[39m
[35m[HTTP][39m [90m[39m
[35m[HTTP][39m [37m-->[39m [37mPOST[39m [37m/wd/hub/session/1fbe1a02-0d58-4320-b467-2e92444fca1d/timeouts[39m
[35m[HTTP][39m [90m{"implicit":30000}[39m
[35m[HTTP][39m [37m<-- POST /wd/hub/session/1fbe1a02-0d58-4320-b467-2e92444fca1d/timeouts [39m[32m200[39m [90m4 ms - 14[39m
[35m[HTTP][39m [90m[39m
[35m[HTTP][39m [37m-->[39m [37mPOST[39m [37m/wd/hub/session/1fbe1a02-0d58-4320-b467-2e92444fca1d/element/b389759c-20c9-49ba-b9b2-6b89a87d729f/click[39m
[35m[HTTP][39m [90m{"id":"b389759c-20c9-49ba-b9b2-6b89a87d729f"}[39m
[35m[HTTP][39m [37m<-- POST /wd/hub/session/1fbe1a02-0d58-4320-b467-2e92444fca1d/element/b389759c-20c9-49ba-b9b2-6b89a87d729f/click [39m[32m200[39m [90m94 ms - 14[39m
[35m[HTTP][39m [90m[39m
[35m[HTTP][39m [37m-->[39m [37mPOST[39m [37m/wd/hub/session/1fbe1a02-0d58-4320-b467-2e92444fca1d/timeouts[39m
[35m[HTTP][39m [90m{"implicit":50}[39m
[35m[HTTP][39m [37m<-- POST /wd/hub/session/1fbe1a02-0d58-4320-b467-2e92444fca1d/timeouts [39m[32m200[39m [90m1 ms - 14[39m
[35m[HTTP][39m [90m[39m
[35m[HTTP][39m [37m-->[39m [37mGET[39m [37m/wd/hub/session/1fbe1a02-0d58-4320-b467-2e92444fca1d/window/rect[39m
[35m[HTTP][39m [90m{}[39m
[35m[HTTP][39m [37m<-- GET /wd/hub/session/1fbe1a02-0d58-4320-b467-2e92444fca1d/window/rect [39m[32m200[39m [90m10 ms - 50[39m
[35m[HTTP][39m [90m[39m
[35m[HTTP][39m [37m-->[39m [37mPOST[39m [37m/wd/hub/session/1fbe1a02-0d58-4320-b467-2e92444fca1d/elements[39m
[35m[HTTP][39m [90m{"using":"xpath","value":"//*[@class = 'android.widget.TextView' and (@text = 'Enter your 6-digit PIN' or . = 'Enter your 6-digit PIN')]"}[39m
[35m[HTTP][39m [37m<-- POST /wd/hub/session/1fbe1a02-0d58-4320-b467-2e92444fca1d/elements [39m[32m200[39m [90m856 ms - 139[39m
[35m[HTTP][39m [90m[39m
[35m[HTTP][39m [37m-->[39m [37mGET[39m [37m/wd/hub/session/1fbe1a02-0d58-4320-b467-2e92444fca1d/element/405dea47-90f2-44dc-95f7-05fa18f84440/location[39m
[35m[HTTP][39m [90m{}[39m
[35m[W3C (1fbe1a02)][39m Driver proxy active, passing request on via HTTP proxy
[35m[WD Proxy][39m Replacing sessionId e417f95a-b95a-4dd0-b180-432c36eaa792 with 1fbe1a02-0d58-4320-b467-2e92444fca1d
[35m[HTTP][39m [37m<-- GET /wd/hub/session/1fbe1a02-0d58-4320-b467-2e92444fca1d/element/405dea47-90f2-44dc-95f7-05fa18f84440/location [39m[32m200[39m [90m17 ms - 78[39m
[35m[HTTP][39m [90m[39m
[35m[HTTP][39m [37m-->[39m [37mPOST[39m [37m/wd/hub/session/1fbe1a02-0d58-4320-b467-2e92444fca1d/timeouts[39m
[35m[HTTP][39m [90m{"implicit":30000}[39m
[35m[HTTP][39m [37m<-- POST /wd/hub/session/1fbe1a02-0d58-4320-b467-2e92444fca1d/timeouts [39m[32m200[39m [90m2 ms - 14[39m
[35m[HTTP][39m [90m[39m
[35m[HTTP][39m [37m-->[39m [37mGET[39m [37m/wd/hub/session/1fbe1a02-0d58-4320-b467-2e92444fca1d/element/405dea47-90f2-44dc-95f7-05fa18f84440/text[39m
[35m[HTTP][39m [90m{}[39m
[35m[W3C (1fbe1a02)][39m Driver proxy active, passing request on via HTTP proxy
[35m[WD Proxy][39m Replacing sessionId e417f95a-b95a-4dd0-b180-432c36eaa792 with 1fbe1a02-0d58-4320-b467-2e92444fca1d
[35m[HTTP][39m [37m<-- GET /wd/hub/session/1fbe1a02-0d58-4320-b467-2e92444fca1d/element/405dea47-90f2-44dc-95f7-05fa18f84440/text [39m[32m200[39m [90m19 ms - 85[39m
[35m[HTTP][39m [90m[39m
[35m[HTTP][39m [37m-->[39m [37mGET[39m [37m/wd/hub/session/1fbe1a02-0d58-4320-b467-2e92444fca1d/context[39m
[35m[HTTP][39m [90m{}[39m
[35m[HTTP][39m [37m<-- GET /wd/hub/session/1fbe1a02-0d58-4320-b467-2e92444fca1d/context [39m[32m200[39m [90m1 ms - 22[39m
[35m[HTTP][39m [90m[39m
[35m[HTTP][39m [37m-->[39m [37mGET[39m [37m/wd/hub/session/1fbe1a02-0d58-4320-b467-2e92444fca1d/contexts[39m
[35m[HTTP][39m [90m{}[39m
[35m[AndroidDriver][39m Not checking whether webviews have active pages; use the 'ensureWebviewsHavePages' cap to turn this check on
[35m[AndroidDriver][39m Not collecting web view details. Details collection might help to make Chromedriver initialization more precise. Use the 'enableWebviewDetailsCollection' cap to turn it on
[35m[HTTP][39m [37m<-- GET /wd/hub/session/1fbe1a02-0d58-4320-b467-2e92444fca1d/contexts [39m[32m200[39m [90m159 ms - 41[39m
[35m[HTTP][39m [90m[39m
[35m[HTTP][39m [37m-->[39m [37mPOST[39m [37m/wd/hub/session/1fbe1a02-0d58-4320-b467-2e92444fca1d/context[39m
[35m[HTTP][39m [90m{"name":"NATIVE_APP"}[39m
[35m[HTTP][39m [37m<-- POST /wd/hub/session/1fbe1a02-0d58-4320-b467-2e92444fca1d/context [39m[32m200[39m [90m2 ms - 14[39m
[35m[HTTP][39m [90m[39m
[35m[HTTP][39m [37m-->[39m [37mGET[39m [37m/wd/hub/session/1fbe1a02-0d58-4320-b467-2e92444fca1d/screenshot[39m
[35m[HTTP][39m [90m{}[39m
[35m[HTTP][39m [37m<-- GET /wd/hub/session/1fbe1a02-0d58-4320-b467-2e92444fca1d/screenshot [39m[32m200[39m [90m242 ms - 112054[39m
[35m[HTTP][39m [90m[39m
[35m[HTTP][39m [37m-->[39m [37mPOST[39m [37m/wd/hub/session/1fbe1a02-0d58-4320-b467-2e92444fca1d/context[39m
[35m[HTTP][39m [90m{"name":"NATIVE_APP"}[39m
[35m[HTTP][39m [37m<-- POST /wd/hub/session/1fbe1a02-0d58-4320-b467-2e92444fca1d/context [39m[32m200[39m [90m1 ms - 14[39m
[35m[HTTP][39m [90m[39m
[35m[HTTP][39m [37m-->[39m [37mDELETE[39m [37m/wd/hub/session/1fbe1a02-0d58-4320-b467-2e92444fca1d[39m
[35m[HTTP][39m [90m{}[39m
[35m[Appium][39m Removing session 1fbe1a02-0d58-4320-b467-2e92444fca1d from our master session list
[35m[UiAutomator2][39m Restoring hidden api policy to the device default configuration
[35m[HTTP][39m [37m<-- DELETE /wd/hub/session/1fbe1a02-0d58-4320-b467-2e92444fca1d [39m[32m200[39m [90m491 ms - 14[39m
[35m[HTTP][39m [90m[39m
