[35m[Appium][39m Welcome to Appium v1.18.1
[35m[Appium][39m Non-default server args:
[35m[Appium][39m   port: 53258
[35m[Appium][39m   loglevel: info
[35m[Appium][39m   tmpDir: C:\Users\00123955\AppData\Local\Temp\\Katalon\Appium\Temp1678970591048
[35m[Appium][39m   chromedriverPort: 53260
[35m[Appium][39m Deprecated server args:
[35m[Appium][39m   [31m--chromedriver-port[39m => --default-capabilities '{"chromedriverPort":53260}'
[35m[Appium][39m Default capabilities, which will be added to each request unless overridden by desired capabilities:
[35m[Appium][39m   chromedriverPort: 53260
[35m[Appium][39m Appium REST http interface listener started on 0.0.0.0:53258
[35m[HTTP][39m [37m-->[39m [37mGET[39m [37m/wd/hub/status[39m
[35m[HTTP][39m [90m{}[39m
[35m[HTTP][39m [37m<-- GET /wd/hub/status [39m[32m200[39m [90m8 ms - 68[39m
[35m[HTTP][39m [90m[39m
[35m[HTTP][39m [37m-->[39m [37mPOST[39m [37m/wd/hub/session[39m
[35m[HTTP][39m [90m{"desiredCapabilities":{"appActivity":".Settings","appPackage":"com.android.settings","newCommandTimeout":1800,"platformVersion":"11","automationName":"uiautomator2","autoGrantPermissions":true,"platformName":"Android","udid":"R5CR704KXSR","deviceName":"samsung SM-G998B (Android 11)","platform":"ANDROID","systemPort":8240},"capabilities":{"firstMatch":[{"appium:appActivity":".Settings","appium:appPackage":"com.android.settings","appium:autoGrantPermissions":true,"appium:automationName":"uiautomator2","appium:deviceName":"samsung SM-G998B (Android 11)","appium:newCommandTimeout":1800,"platform":"ANDROID","platformName":"android","appium:platformVersion":"11","appium:systemPort":8240,"appium:udid":"R5CR704KXSR"}]}}[39m
[35m[BaseDriver][39m The following capabilities are not standard capabilities and should have an extension prefix:
[35m[BaseDriver][39m   platform
[35m[BaseDriver][39m   chromedriverPort
[35m[Appium][39m Appium v1.18.1 creating new AndroidUiautomator2Driver (v1.56.1) session
[35m[BaseDriver][39m The following capabilities were provided, but are not recognized by Appium:
[35m[BaseDriver][39m   platform
[35m[BaseDriver][39m Session created with session id: e38df2d8-d4b0-458d-810e-b0cc449304e2
[35m[UiAutomator2][39m Starting 'com.android.settings' directly on the device
[35m[ADB][39m Found 1 'build-tools' folders under 'C:\Users\00123955\.katalon\tools\android_sdk' (newest first):
[35m[ADB][39m     C:/Users/00123955/.katalon/tools/android_sdk/build-tools/23.0.3
[35m[ADB][39m Using 'adb.exe' from 'C:\Users\00123955\.katalon\tools\android_sdk\platform-tools\adb.exe'
[35m[AndroidDriver][39m Retrieving device list
[35m[AndroidDriver][39m Using device: R5CR704KXSR
[35m[ADB][39m Using 'adb.exe' from 'C:\Users\00123955\.katalon\tools\android_sdk\platform-tools\adb.exe'
[35m[ADB][39m Getting device platform version
[35m[UiAutomator2][39m Relaxing hidden api policy
[35m[AndroidDriver][39m No app sent in, not parsing package/activity
[35m[ADB][39m Cannot use apksigner tool for signature verification. Original error: Could not find 'apksigner.jar' in ["C:\\Users\\00123955\\.katalon\\tools\\android_sdk\\platform-tools\\apksigner.jar","C:\\Users\\00123955\\.katalon\\tools\\android_sdk\\emulator\\apksigner.jar","C:\\Users\\00123955\\.katalon\\tools\\android_sdk\\cmdline-tools\\latest\\bin\\apksigner.jar","C:\\Users\\00123955\\.katalon\\tools\\android_sdk\\tools\\apksigner.jar","C:\\Users\\00123955\\.katalon\\tools\\android_sdk\\tools\\bin\\apksigner.jar","C:\\Users\\00123955\\.katalon\\tools\\android_sdk\\apksigner.jar","C:\\Users\\00123955\\.katalon\\tools\\android_sdk\\build-tools\\23.0.3\\apksigner.jar","C:\\Users\\00123955\\.katalon\\tools\\android_sdk\\build-tools\\23.0.3\\lib\\apksigner.jar"]. Do you have Android Build Tools installed at 'C:\Users\00123955\.katalon\tools\android_sdk'?
[35m[ADB][39m Cannot use apksigner tool for signature verification. Original error: Could not find 'apksigner.jar' in ["C:\\Users\\00123955\\.katalon\\tools\\android_sdk\\platform-tools\\apksigner.jar","C:\\Users\\00123955\\.katalon\\tools\\android_sdk\\emulator\\apksigner.jar","C:\\Users\\00123955\\.katalon\\tools\\android_sdk\\cmdline-tools\\latest\\bin\\apksigner.jar","C:\\Users\\00123955\\.katalon\\tools\\android_sdk\\tools\\apksigner.jar","C:\\Users\\00123955\\.katalon\\tools\\android_sdk\\tools\\bin\\apksigner.jar","C:\\Users\\00123955\\.katalon\\tools\\android_sdk\\apksigner.jar","C:\\Users\\00123955\\.katalon\\tools\\android_sdk\\build-tools\\23.0.3\\apksigner.jar","C:\\Users\\00123955\\.katalon\\tools\\android_sdk\\build-tools\\23.0.3\\lib\\apksigner.jar"]. Do you have Android Build Tools installed at 'C:\Users\00123955\.katalon\tools\android_sdk'?
[35m[UiAutomator2][39m Server packages are not going to be (re)installed
[35m[UiAutomator2][39m Starting UIAutomator2 server 4.12.2
[35m[UiAutomator2][39m Using UIAutomator2 server from 'C:\Users\00123955\AppData\Roaming\npm\node_modules\appium\node_modules\appium-uiautomator2-server\apks\appium-uiautomator2-server-v4.12.2.apk' and test from 'C:\Users\00123955\AppData\Roaming\npm\node_modules\appium\node_modules\appium-uiautomator2-server\apks\appium-uiautomator2-server-debug-androidTest.apk'
[35m[UiAutomator2][39m Waiting up to 30000ms for UiAutomator2 to be online...
[35m[WD Proxy][39m Error: read ECONNRESET
[35m[WD Proxy][39m     at TCP.onStreamRead (internal/stream_base_commons.js:111:27)
[35m[WD Proxy][39m Determined the downstream protocol as 'W3C'
[35m[AndroidDriver][39m Screen already unlocked, doing nothing
[35m[UiAutomator2][39m Starting 'com.android.settings/.Settings and waiting for 'com.android.settings/.Settings'
[35m[Appium][39m New AndroidUiautomator2Driver session created successfully, session e38df2d8-d4b0-458d-810e-b0cc449304e2 added to master session list
[35m[HTTP][39m [37m<-- POST /wd/hub/session [39m[32m200[39m [90m8450 ms - 1159[39m
[35m[HTTP][39m [90m[39m
[35m[HTTP][39m [37m-->[39m [37mGET[39m [37m/wd/hub/session/e38df2d8-d4b0-458d-810e-b0cc449304e2[39m
[35m[HTTP][39m [90m{}[39m
[35m[HTTP][39m [37m<-- GET /wd/hub/session/e38df2d8-d4b0-458d-810e-b0cc449304e2 [39m[32m200[39m [90m8 ms - 1113[39m
[35m[HTTP][39m [90m[39m
[35m[HTTP][39m [37m-->[39m [37mGET[39m [37m/wd/hub/session/e38df2d8-d4b0-458d-810e-b0cc449304e2[39m
[35m[HTTP][39m [90m{}[39m
[35m[HTTP][39m [37m<-- GET /wd/hub/session/e38df2d8-d4b0-458d-810e-b0cc449304e2 [39m[32m200[39m [90m11 ms - 1113[39m
[35m[HTTP][39m [90m[39m
[35m[HTTP][39m [37m-->[39m [37mGET[39m [37m/wd/hub/status[39m
[35m[HTTP][39m [90m{}[39m
[35m[HTTP][39m [37m<-- GET /wd/hub/status [39m[32m200[39m [90m1 ms - 68[39m
[35m[HTTP][39m [90m[39m
[35m[HTTP][39m [37m-->[39m [37mPOST[39m [37m/wd/hub/session/e38df2d8-d4b0-458d-810e-b0cc449304e2/timeouts[39m
[35m[HTTP][39m [90m{"implicit":30000}[39m
[35m[HTTP][39m [37m<-- POST /wd/hub/session/e38df2d8-d4b0-458d-810e-b0cc449304e2/timeouts [39m[32m200[39m [90m3 ms - 14[39m
[35m[HTTP][39m [90m[39m
[35m[HTTP][39m [37m-->[39m [37mGET[39m [37m/wd/hub/session/e38df2d8-d4b0-458d-810e-b0cc449304e2/screenshot[39m
[35m[HTTP][39m [90m{}[39m
[35m[HTTP][39m [37m<-- GET /wd/hub/session/e38df2d8-d4b0-458d-810e-b0cc449304e2/screenshot [39m[32m200[39m [90m298 ms - 245644[39m
[35m[HTTP][39m [90m[39m
[35m[HTTP][39m [37m-->[39m [37mGET[39m [37m/wd/hub/session/e38df2d8-d4b0-458d-810e-b0cc449304e2/window/rect[39m
[35m[HTTP][39m [90m{}[39m
[35m[HTTP][39m [37m<-- GET /wd/hub/session/e38df2d8-d4b0-458d-810e-b0cc449304e2/window/rect [39m[32m200[39m [90m23 ms - 50[39m
[35m[HTTP][39m [90m[39m
[35m[HTTP][39m [37m-->[39m [37mGET[39m [37m/wd/hub/session/e38df2d8-d4b0-458d-810e-b0cc449304e2/appium/device/system_bars[39m
[35m[HTTP][39m [90m{}[39m
[35m[HTTP][39m [37m<-- GET /wd/hub/session/e38df2d8-d4b0-458d-810e-b0cc449304e2/appium/device/system_bars [39m[32m200[39m [90m136 ms - 148[39m
[35m[HTTP][39m [90m[39m
[35m[HTTP][39m [37m-->[39m [37mPOST[39m [37m/wd/hub/session/e38df2d8-d4b0-458d-810e-b0cc449304e2/appium/device/activate_app[39m
[35m[HTTP][39m [90m{"bundleId":"com.maybank2u.life"}[39m
[35m[HTTP][39m [37m<-- POST /wd/hub/session/e38df2d8-d4b0-458d-810e-b0cc449304e2/appium/device/activate_app [39m[32m200[39m [90m362 ms - 14[39m
[35m[HTTP][39m [90m[39m
[35m[HTTP][39m [37m-->[39m [37mPOST[39m [37m/wd/hub/session/e38df2d8-d4b0-458d-810e-b0cc449304e2/timeouts[39m
[35m[HTTP][39m [90m{"implicit":50}[39m
[35m[HTTP][39m [37m<-- POST /wd/hub/session/e38df2d8-d4b0-458d-810e-b0cc449304e2/timeouts [39m[32m200[39m [90m1 ms - 14[39m
[35m[HTTP][39m [90m[39m
[35m[HTTP][39m [37m-->[39m [37mGET[39m [37m/wd/hub/session/e38df2d8-d4b0-458d-810e-b0cc449304e2/window/rect[39m
[35m[HTTP][39m [90m{}[39m
[35m[HTTP][39m [37m<-- GET /wd/hub/session/e38df2d8-d4b0-458d-810e-b0cc449304e2/window/rect [39m[32m200[39m [90m8 ms - 50[39m
[35m[HTTP][39m [90m[39m
[35m[HTTP][39m [37m-->[39m [37mPOST[39m [37m/wd/hub/session/e38df2d8-d4b0-458d-810e-b0cc449304e2/elements[39m
[35m[HTTP][39m [90m{"using":"xpath","value":"//*[@class = 'android.widget.TextView' and (@text = 'Maybank2u' or . = 'Maybank2u')]"}[39m
[35m[HTTP][39m [37m<-- POST /wd/hub/session/e38df2d8-d4b0-458d-810e-b0cc449304e2/elements [39m[32m200[39m [90m614 ms - 139[39m
[35m[HTTP][39m [90m[39m
[35m[HTTP][39m [37m-->[39m [37mGET[39m [37m/wd/hub/session/e38df2d8-d4b0-458d-810e-b0cc449304e2/element/1901575b-bdbc-4035-8d3b-66bcce178dbb/location[39m
[35m[HTTP][39m [90m{}[39m
[35m[W3C (e38df2d8)][39m Driver proxy active, passing request on via HTTP proxy
[35m[WD Proxy][39m Replacing sessionId cf035e1a-c1df-4249-a290-568b4fcfe863 with e38df2d8-d4b0-458d-810e-b0cc449304e2
[35m[HTTP][39m [37m<-- GET /wd/hub/session/e38df2d8-d4b0-458d-810e-b0cc449304e2/element/1901575b-bdbc-4035-8d3b-66bcce178dbb/location [39m[32m200[39m [90m14 ms - 79[39m
[35m[HTTP][39m [90m[39m
[35m[HTTP][39m [37m-->[39m [37mPOST[39m [37m/wd/hub/session/e38df2d8-d4b0-458d-810e-b0cc449304e2/timeouts[39m
[35m[HTTP][39m [90m{"implicit":30000}[39m
[35m[HTTP][39m [37m<-- POST /wd/hub/session/e38df2d8-d4b0-458d-810e-b0cc449304e2/timeouts [39m[32m200[39m [90m1 ms - 14[39m
[35m[HTTP][39m [90m[39m
[35m[HTTP][39m [37m-->[39m [37mGET[39m [37m/wd/hub/session/e38df2d8-d4b0-458d-810e-b0cc449304e2/element/1901575b-bdbc-4035-8d3b-66bcce178dbb/text[39m
[35m[HTTP][39m [90m{}[39m
[35m[W3C (e38df2d8)][39m Driver proxy active, passing request on via HTTP proxy
[35m[WD Proxy][39m Replacing sessionId cf035e1a-c1df-4249-a290-568b4fcfe863 with e38df2d8-d4b0-458d-810e-b0cc449304e2
[35m[HTTP][39m [37m<-- GET /wd/hub/session/e38df2d8-d4b0-458d-810e-b0cc449304e2/element/1901575b-bdbc-4035-8d3b-66bcce178dbb/text [39m[32m200[39m [90m11 ms - 72[39m
[35m[HTTP][39m [90m[39m
[35m[HTTP][39m [37m-->[39m [37mGET[39m [37m/wd/hub/session/e38df2d8-d4b0-458d-810e-b0cc449304e2/context[39m
[35m[HTTP][39m [90m{}[39m
[35m[HTTP][39m [37m<-- GET /wd/hub/session/e38df2d8-d4b0-458d-810e-b0cc449304e2/context [39m[32m200[39m [90m1 ms - 22[39m
[35m[HTTP][39m [90m[39m
[35m[HTTP][39m [37m-->[39m [37mGET[39m [37m/wd/hub/session/e38df2d8-d4b0-458d-810e-b0cc449304e2/contexts[39m
[35m[HTTP][39m [90m{}[39m
[35m[AndroidDriver][39m Not checking whether webviews have active pages; use the 'ensureWebviewsHavePages' cap to turn this check on
[35m[AndroidDriver][39m Not collecting web view details. Details collection might help to make Chromedriver initialization more precise. Use the 'enableWebviewDetailsCollection' cap to turn it on
[35m[HTTP][39m [37m<-- GET /wd/hub/session/e38df2d8-d4b0-458d-810e-b0cc449304e2/contexts [39m[32m200[39m [90m147 ms - 41[39m
[35m[HTTP][39m [90m[39m
[35m[HTTP][39m [37m-->[39m [37mPOST[39m [37m/wd/hub/session/e38df2d8-d4b0-458d-810e-b0cc449304e2/context[39m
[35m[HTTP][39m [90m{"name":"NATIVE_APP"}[39m
[35m[HTTP][39m [37m<-- POST /wd/hub/session/e38df2d8-d4b0-458d-810e-b0cc449304e2/context [39m[32m200[39m [90m1 ms - 14[39m
[35m[HTTP][39m [90m[39m
[35m[HTTP][39m [37m-->[39m [37mGET[39m [37m/wd/hub/session/e38df2d8-d4b0-458d-810e-b0cc449304e2/screenshot[39m
[35m[HTTP][39m [90m{}[39m
[35m[HTTP][39m [37m<-- GET /wd/hub/session/e38df2d8-d4b0-458d-810e-b0cc449304e2/screenshot [39m[32m200[39m [90m557 ms - 1178108[39m
[35m[HTTP][39m [90m[39m
[35m[HTTP][39m [37m-->[39m [37mPOST[39m [37m/wd/hub/session/e38df2d8-d4b0-458d-810e-b0cc449304e2/context[39m
[35m[HTTP][39m [90m{"name":"NATIVE_APP"}[39m
[35m[HTTP][39m [37m<-- POST /wd/hub/session/e38df2d8-d4b0-458d-810e-b0cc449304e2/context [39m[32m200[39m [90m1 ms - 14[39m
[35m[HTTP][39m [90m[39m
[35m[HTTP][39m [37m-->[39m [37mPOST[39m [37m/wd/hub/session/e38df2d8-d4b0-458d-810e-b0cc449304e2/timeouts[39m
[35m[HTTP][39m [90m{"implicit":50}[39m
[35m[HTTP][39m [37m<-- POST /wd/hub/session/e38df2d8-d4b0-458d-810e-b0cc449304e2/timeouts [39m[32m200[39m [90m1 ms - 14[39m
[35m[HTTP][39m [90m[39m
[35m[HTTP][39m [37m-->[39m [37mGET[39m [37m/wd/hub/session/e38df2d8-d4b0-458d-810e-b0cc449304e2/window/rect[39m
[35m[HTTP][39m [90m{}[39m
[35m[HTTP][39m [37m<-- GET /wd/hub/session/e38df2d8-d4b0-458d-810e-b0cc449304e2/window/rect [39m[32m200[39m [90m11 ms - 50[39m
[35m[HTTP][39m [90m[39m
[35m[HTTP][39m [37m-->[39m [37mPOST[39m [37m/wd/hub/session/e38df2d8-d4b0-458d-810e-b0cc449304e2/elements[39m
[35m[HTTP][39m [90m{"using":"xpath","value":"//*[@class = 'android.widget.TextView' and (@text = 'Maybank2u' or . = 'Maybank2u')]"}[39m
[35m[HTTP][39m [37m<-- POST /wd/hub/session/e38df2d8-d4b0-458d-810e-b0cc449304e2/elements [39m[32m200[39m [90m167 ms - 139[39m
[35m[HTTP][39m [90m[39m
[35m[HTTP][39m [37m-->[39m [37mGET[39m [37m/wd/hub/session/e38df2d8-d4b0-458d-810e-b0cc449304e2/element/3aeb5d31-63ac-4815-9a51-124c37e3ee73/location[39m
[35m[HTTP][39m [90m{}[39m
[35m[W3C (e38df2d8)][39m Driver proxy active, passing request on via HTTP proxy
[35m[WD Proxy][39m Replacing sessionId cf035e1a-c1df-4249-a290-568b4fcfe863 with e38df2d8-d4b0-458d-810e-b0cc449304e2
[35m[HTTP][39m [37m<-- GET /wd/hub/session/e38df2d8-d4b0-458d-810e-b0cc449304e2/element/3aeb5d31-63ac-4815-9a51-124c37e3ee73/location [39m[32m200[39m [90m23 ms - 79[39m
[35m[HTTP][39m [90m[39m
[35m[HTTP][39m [37m-->[39m [37mPOST[39m [37m/wd/hub/session/e38df2d8-d4b0-458d-810e-b0cc449304e2/timeouts[39m
[35m[HTTP][39m [90m{"implicit":30000}[39m
[35m[HTTP][39m [37m<-- POST /wd/hub/session/e38df2d8-d4b0-458d-810e-b0cc449304e2/timeouts [39m[32m200[39m [90m3 ms - 14[39m
[35m[HTTP][39m [90m[39m
[35m[HTTP][39m [37m-->[39m [37mPOST[39m [37m/wd/hub/session/e38df2d8-d4b0-458d-810e-b0cc449304e2/element/3aeb5d31-63ac-4815-9a51-124c37e3ee73/click[39m
[35m[HTTP][39m [90m{"id":"3aeb5d31-63ac-4815-9a51-124c37e3ee73"}[39m
[35m[HTTP][39m [37m<-- POST /wd/hub/session/e38df2d8-d4b0-458d-810e-b0cc449304e2/element/3aeb5d31-63ac-4815-9a51-124c37e3ee73/click [39m[32m200[39m [90m77 ms - 14[39m
[35m[HTTP][39m [90m[39m
[35m[HTTP][39m [37m-->[39m [37mPOST[39m [37m/wd/hub/session/e38df2d8-d4b0-458d-810e-b0cc449304e2/timeouts[39m
[35m[HTTP][39m [90m{"implicit":50}[39m
[35m[HTTP][39m [37m<-- POST /wd/hub/session/e38df2d8-d4b0-458d-810e-b0cc449304e2/timeouts [39m[32m200[39m [90m1 ms - 14[39m
[35m[HTTP][39m [90m[39m
[35m[HTTP][39m [37m-->[39m [37mGET[39m [37m/wd/hub/session/e38df2d8-d4b0-458d-810e-b0cc449304e2/window/rect[39m
[35m[HTTP][39m [90m{}[39m
[35m[HTTP][39m [37m<-- GET /wd/hub/session/e38df2d8-d4b0-458d-810e-b0cc449304e2/window/rect [39m[32m200[39m [90m8 ms - 50[39m
[35m[HTTP][39m [90m[39m
[35m[HTTP][39m [37m-->[39m [37mPOST[39m [37m/wd/hub/session/e38df2d8-d4b0-458d-810e-b0cc449304e2/elements[39m
[35m[HTTP][39m [90m{"using":"xpath","value":"//*[@class = 'android.widget.TextView' and (@text = 'Enter your 6-digit PIN' or . = 'Enter your 6-digit PIN')]"}[39m
[35m[HTTP][39m [37m<-- POST /wd/hub/session/e38df2d8-d4b0-458d-810e-b0cc449304e2/elements [39m[32m200[39m [90m874 ms - 139[39m
[35m[HTTP][39m [90m[39m
[35m[HTTP][39m [37m-->[39m [37mGET[39m [37m/wd/hub/session/e38df2d8-d4b0-458d-810e-b0cc449304e2/element/9cedd306-e840-4a44-8025-3265edf082ed/location[39m
[35m[HTTP][39m [90m{}[39m
[35m[W3C (e38df2d8)][39m Driver proxy active, passing request on via HTTP proxy
[35m[WD Proxy][39m Replacing sessionId cf035e1a-c1df-4249-a290-568b4fcfe863 with e38df2d8-d4b0-458d-810e-b0cc449304e2
[35m[HTTP][39m [37m<-- GET /wd/hub/session/e38df2d8-d4b0-458d-810e-b0cc449304e2/element/9cedd306-e840-4a44-8025-3265edf082ed/location [39m[32m200[39m [90m17 ms - 78[39m
[35m[HTTP][39m [90m[39m
[35m[HTTP][39m [37m-->[39m [37mPOST[39m [37m/wd/hub/session/e38df2d8-d4b0-458d-810e-b0cc449304e2/timeouts[39m
[35m[HTTP][39m [90m{"implicit":30000}[39m
[35m[HTTP][39m [37m<-- POST /wd/hub/session/e38df2d8-d4b0-458d-810e-b0cc449304e2/timeouts [39m[32m200[39m [90m4 ms - 14[39m
[35m[HTTP][39m [90m[39m
[35m[HTTP][39m [37m-->[39m [37mGET[39m [37m/wd/hub/session/e38df2d8-d4b0-458d-810e-b0cc449304e2/element/9cedd306-e840-4a44-8025-3265edf082ed/text[39m
[35m[HTTP][39m [90m{}[39m
[35m[W3C (e38df2d8)][39m Driver proxy active, passing request on via HTTP proxy
[35m[WD Proxy][39m Replacing sessionId cf035e1a-c1df-4249-a290-568b4fcfe863 with e38df2d8-d4b0-458d-810e-b0cc449304e2
[35m[HTTP][39m [37m<-- GET /wd/hub/session/e38df2d8-d4b0-458d-810e-b0cc449304e2/element/9cedd306-e840-4a44-8025-3265edf082ed/text [39m[32m200[39m [90m24 ms - 85[39m
[35m[HTTP][39m [90m[39m
[35m[HTTP][39m [37m-->[39m [37mGET[39m [37m/wd/hub/session/e38df2d8-d4b0-458d-810e-b0cc449304e2/context[39m
[35m[HTTP][39m [90m{}[39m
[35m[HTTP][39m [37m<-- GET /wd/hub/session/e38df2d8-d4b0-458d-810e-b0cc449304e2/context [39m[32m200[39m [90m1 ms - 22[39m
[35m[HTTP][39m [90m[39m
[35m[HTTP][39m [37m-->[39m [37mGET[39m [37m/wd/hub/session/e38df2d8-d4b0-458d-810e-b0cc449304e2/contexts[39m
[35m[HTTP][39m [90m{}[39m
[35m[AndroidDriver][39m Not checking whether webviews have active pages; use the 'ensureWebviewsHavePages' cap to turn this check on
[35m[AndroidDriver][39m Not collecting web view details. Details collection might help to make Chromedriver initialization more precise. Use the 'enableWebviewDetailsCollection' cap to turn it on
[35m[HTTP][39m [37m<-- GET /wd/hub/session/e38df2d8-d4b0-458d-810e-b0cc449304e2/contexts [39m[32m200[39m [90m134 ms - 41[39m
[35m[HTTP][39m [90m[39m
[35m[HTTP][39m [37m-->[39m [37mPOST[39m [37m/wd/hub/session/e38df2d8-d4b0-458d-810e-b0cc449304e2/context[39m
[35m[HTTP][39m [90m{"name":"NATIVE_APP"}[39m
[35m[HTTP][39m [37m<-- POST /wd/hub/session/e38df2d8-d4b0-458d-810e-b0cc449304e2/context [39m[32m200[39m [90m1 ms - 14[39m
[35m[HTTP][39m [90m[39m
[35m[HTTP][39m [37m-->[39m [37mGET[39m [37m/wd/hub/session/e38df2d8-d4b0-458d-810e-b0cc449304e2/screenshot[39m
[35m[HTTP][39m [90m{}[39m
[35m[HTTP][39m [37m<-- GET /wd/hub/session/e38df2d8-d4b0-458d-810e-b0cc449304e2/screenshot [39m[32m200[39m [90m247 ms - 112604[39m
[35m[HTTP][39m [90m[39m
[35m[HTTP][39m [37m-->[39m [37mPOST[39m [37m/wd/hub/session/e38df2d8-d4b0-458d-810e-b0cc449304e2/context[39m
[35m[HTTP][39m [90m{"name":"NATIVE_APP"}[39m
[35m[HTTP][39m [37m<-- POST /wd/hub/session/e38df2d8-d4b0-458d-810e-b0cc449304e2/context [39m[32m200[39m [90m1 ms - 14[39m
[35m[HTTP][39m [90m[39m
[35m[HTTP][39m [37m-->[39m [37mDELETE[39m [37m/wd/hub/session/e38df2d8-d4b0-458d-810e-b0cc449304e2[39m
[35m[HTTP][39m [90m{}[39m
[35m[Appium][39m Removing session e38df2d8-d4b0-458d-810e-b0cc449304e2 from our master session list
[35m[UiAutomator2][39m Restoring hidden api policy to the device default configuration
[35m[HTTP][39m [37m<-- DELETE /wd/hub/session/e38df2d8-d4b0-458d-810e-b0cc449304e2 [39m[32m200[39m [90m496 ms - 14[39m
[35m[HTTP][39m [90m[39m
