[35m[Appium][39m Welcome to Appium v1.18.1
[35m[Appium][39m Non-default server args:
[35m[Appium][39m   port: 52652
[35m[Appium][39m   loglevel: info
[35m[Appium][39m   tmpDir: C:\Users\00123955\AppData\Local\Temp\\Katalon\Appium\Temp1678979317199
[35m[Appium][39m   chromedriverPort: 52653
[35m[Appium][39m Deprecated server args:
[35m[Appium][39m   [31m--chromedriver-port[39m => --default-capabilities '{"chromedriverPort":52653}'
[35m[Appium][39m Default capabilities, which will be added to each request unless overridden by desired capabilities:
[35m[Appium][39m   chromedriverPort: 52653
[35m[Appium][39m Appium REST http interface listener started on 0.0.0.0:52652
[35m[HTTP][39m [37m-->[39m [37mGET[39m [37m/wd/hub/status[39m
[35m[HTTP][39m [90m{}[39m
[35m[HTTP][39m [37m<-- GET /wd/hub/status [39m[32m200[39m [90m6 ms - 68[39m
[35m[HTTP][39m [90m[39m
[35m[HTTP][39m [37m-->[39m [37mPOST[39m [37m/wd/hub/session[39m
[35m[HTTP][39m [90m{"desiredCapabilities":{"appActivity":".Settings","appPackage":"com.android.settings","newCommandTimeout":1800,"platformVersion":"11","automationName":"uiautomator2","autoGrantPermissions":true,"platformName":"Android","udid":"R5CR704KXSR","deviceName":"samsung SM-G998B (Android 11)","platform":"ANDROID","systemPort":8266},"capabilities":{"firstMatch":[{"appium:appActivity":".Settings","appium:appPackage":"com.android.settings","appium:autoGrantPermissions":true,"appium:automationName":"uiautomator2","appium:deviceName":"samsung SM-G998B (Android 11)","appium:newCommandTimeout":1800,"platform":"ANDROID","platformName":"android","appium:platformVersion":"11","appium:systemPort":8266,"appium:udid":"R5CR704KXSR"}]}}[39m
[35m[BaseDriver][39m The following capabilities are not standard capabilities and should have an extension prefix:
[35m[BaseDriver][39m   platform
[35m[BaseDriver][39m   chromedriverPort
[35m[Appium][39m Appium v1.18.1 creating new AndroidUiautomator2Driver (v1.56.1) session
[35m[BaseDriver][39m The following capabilities were provided, but are not recognized by Appium:
[35m[BaseDriver][39m   platform
[35m[BaseDriver][39m Session created with session id: 34b19253-dab0-4bb8-870b-61041243b651
[35m[UiAutomator2][39m Starting 'com.android.settings' directly on the device
[35m[ADB][39m Found 1 'build-tools' folders under 'C:\Users\00123955\.katalon\tools\android_sdk' (newest first):
[35m[ADB][39m     C:/Users/00123955/.katalon/tools/android_sdk/build-tools/23.0.3
[35m[ADB][39m Using 'adb.exe' from 'C:\Users\00123955\.katalon\tools\android_sdk\platform-tools\adb.exe'
[35m[AndroidDriver][39m Retrieving device list
[35m[AndroidDriver][39m Using device: R5CR704KXSR
[35m[ADB][39m Using 'adb.exe' from 'C:\Users\00123955\.katalon\tools\android_sdk\platform-tools\adb.exe'
[35m[ADB][39m Getting device platform version
[35m[UiAutomator2][39m Relaxing hidden api policy
[35m[AndroidDriver][39m No app sent in, not parsing package/activity
[35m[ADB][39m Cannot use apksigner tool for signature verification. Original error: Could not find 'apksigner.jar' in ["C:\\Users\\00123955\\.katalon\\tools\\android_sdk\\platform-tools\\apksigner.jar","C:\\Users\\00123955\\.katalon\\tools\\android_sdk\\emulator\\apksigner.jar","C:\\Users\\00123955\\.katalon\\tools\\android_sdk\\cmdline-tools\\latest\\bin\\apksigner.jar","C:\\Users\\00123955\\.katalon\\tools\\android_sdk\\tools\\apksigner.jar","C:\\Users\\00123955\\.katalon\\tools\\android_sdk\\tools\\bin\\apksigner.jar","C:\\Users\\00123955\\.katalon\\tools\\android_sdk\\apksigner.jar","C:\\Users\\00123955\\.katalon\\tools\\android_sdk\\build-tools\\23.0.3\\apksigner.jar","C:\\Users\\00123955\\.katalon\\tools\\android_sdk\\build-tools\\23.0.3\\lib\\apksigner.jar"]. Do you have Android Build Tools installed at 'C:\Users\00123955\.katalon\tools\android_sdk'?
[35m[ADB][39m Cannot use apksigner tool for signature verification. Original error: Could not find 'apksigner.jar' in ["C:\\Users\\00123955\\.katalon\\tools\\android_sdk\\platform-tools\\apksigner.jar","C:\\Users\\00123955\\.katalon\\tools\\android_sdk\\emulator\\apksigner.jar","C:\\Users\\00123955\\.katalon\\tools\\android_sdk\\cmdline-tools\\latest\\bin\\apksigner.jar","C:\\Users\\00123955\\.katalon\\tools\\android_sdk\\tools\\apksigner.jar","C:\\Users\\00123955\\.katalon\\tools\\android_sdk\\tools\\bin\\apksigner.jar","C:\\Users\\00123955\\.katalon\\tools\\android_sdk\\apksigner.jar","C:\\Users\\00123955\\.katalon\\tools\\android_sdk\\build-tools\\23.0.3\\apksigner.jar","C:\\Users\\00123955\\.katalon\\tools\\android_sdk\\build-tools\\23.0.3\\lib\\apksigner.jar"]. Do you have Android Build Tools installed at 'C:\Users\00123955\.katalon\tools\android_sdk'?
[35m[UiAutomator2][39m Server packages are not going to be (re)installed
[35m[UiAutomator2][39m Starting UIAutomator2 server 4.12.2
[35m[UiAutomator2][39m Using UIAutomator2 server from 'C:\Users\00123955\AppData\Roaming\npm\node_modules\appium\node_modules\appium-uiautomator2-server\apks\appium-uiautomator2-server-v4.12.2.apk' and test from 'C:\Users\00123955\AppData\Roaming\npm\node_modules\appium\node_modules\appium-uiautomator2-server\apks\appium-uiautomator2-server-debug-androidTest.apk'
[35m[UiAutomator2][39m Waiting up to 30000ms for UiAutomator2 to be online...
[35m[WD Proxy][39m Error: read ECONNRESET
[35m[WD Proxy][39m     at TCP.onStreamRead (internal/stream_base_commons.js:111:27)
[35m[WD Proxy][39m Determined the downstream protocol as 'W3C'
[35m[AndroidDriver][39m Screen already unlocked, doing nothing
[35m[UiAutomator2][39m Starting 'com.android.settings/.Settings and waiting for 'com.android.settings/.Settings'
[35m[Appium][39m New AndroidUiautomator2Driver session created successfully, session 34b19253-dab0-4bb8-870b-61041243b651 added to master session list
[35m[HTTP][39m [37m<-- POST /wd/hub/session [39m[32m200[39m [90m9307 ms - 1159[39m
[35m[HTTP][39m [90m[39m
[35m[HTTP][39m [37m-->[39m [37mGET[39m [37m/wd/hub/session/34b19253-dab0-4bb8-870b-61041243b651[39m
[35m[HTTP][39m [90m{}[39m
[35m[HTTP][39m [37m<-- GET /wd/hub/session/34b19253-dab0-4bb8-870b-61041243b651 [39m[32m200[39m [90m8 ms - 1113[39m
[35m[HTTP][39m [90m[39m
[35m[HTTP][39m [37m-->[39m [37mGET[39m [37m/wd/hub/session/34b19253-dab0-4bb8-870b-61041243b651[39m
[35m[HTTP][39m [90m{}[39m
[35m[HTTP][39m [37m<-- GET /wd/hub/session/34b19253-dab0-4bb8-870b-61041243b651 [39m[32m200[39m [90m9 ms - 1113[39m
[35m[HTTP][39m [90m[39m
[35m[HTTP][39m [37m-->[39m [37mGET[39m [37m/wd/hub/status[39m
[35m[HTTP][39m [90m{}[39m
[35m[HTTP][39m [37m<-- GET /wd/hub/status [39m[32m200[39m [90m1 ms - 68[39m
[35m[HTTP][39m [90m[39m
[35m[HTTP][39m [37m-->[39m [37mPOST[39m [37m/wd/hub/session/34b19253-dab0-4bb8-870b-61041243b651/timeouts[39m
[35m[HTTP][39m [90m{"implicit":30000}[39m
[35m[HTTP][39m [37m<-- POST /wd/hub/session/34b19253-dab0-4bb8-870b-61041243b651/timeouts [39m[32m200[39m [90m3 ms - 14[39m
[35m[HTTP][39m [90m[39m
[35m[HTTP][39m [37m-->[39m [37mGET[39m [37m/wd/hub/session/34b19253-dab0-4bb8-870b-61041243b651/screenshot[39m
[35m[HTTP][39m [90m{}[39m
[35m[HTTP][39m [37m<-- GET /wd/hub/session/34b19253-dab0-4bb8-870b-61041243b651/screenshot [39m[32m200[39m [90m296 ms - 245566[39m
[35m[HTTP][39m [90m[39m
[35m[HTTP][39m [37m-->[39m [37mGET[39m [37m/wd/hub/session/34b19253-dab0-4bb8-870b-61041243b651/window/rect[39m
[35m[HTTP][39m [90m{}[39m
[35m[HTTP][39m [37m<-- GET /wd/hub/session/34b19253-dab0-4bb8-870b-61041243b651/window/rect [39m[32m200[39m [90m24 ms - 50[39m
[35m[HTTP][39m [90m[39m
[35m[HTTP][39m [37m-->[39m [37mGET[39m [37m/wd/hub/session/34b19253-dab0-4bb8-870b-61041243b651/appium/device/system_bars[39m
[35m[HTTP][39m [90m{}[39m
[35m[HTTP][39m [37m<-- GET /wd/hub/session/34b19253-dab0-4bb8-870b-61041243b651/appium/device/system_bars [39m[32m200[39m [90m141 ms - 148[39m
[35m[HTTP][39m [90m[39m
[35m[HTTP][39m [37m-->[39m [37mPOST[39m [37m/wd/hub/session/34b19253-dab0-4bb8-870b-61041243b651/appium/device/activate_app[39m
[35m[HTTP][39m [90m{"bundleId":"com.xe.currency"}[39m
[35m[HTTP][39m [37m<-- POST /wd/hub/session/34b19253-dab0-4bb8-870b-61041243b651/appium/device/activate_app [39m[32m200[39m [90m375 ms - 14[39m
[35m[HTTP][39m [90m[39m
[35m[HTTP][39m [37m-->[39m [37mPOST[39m [37m/wd/hub/session/34b19253-dab0-4bb8-870b-61041243b651/timeouts[39m
[35m[HTTP][39m [90m{"implicit":50}[39m
[35m[HTTP][39m [37m<-- POST /wd/hub/session/34b19253-dab0-4bb8-870b-61041243b651/timeouts [39m[32m200[39m [90m1 ms - 14[39m
[35m[HTTP][39m [90m[39m
[35m[HTTP][39m [37m-->[39m [37mGET[39m [37m/wd/hub/session/34b19253-dab0-4bb8-870b-61041243b651/window/rect[39m
[35m[HTTP][39m [90m{}[39m
[35m[HTTP][39m [37m<-- GET /wd/hub/session/34b19253-dab0-4bb8-870b-61041243b651/window/rect [39m[32m200[39m [90m14 ms - 50[39m
[35m[HTTP][39m [90m[39m
[35m[HTTP][39m [37m-->[39m [37mPOST[39m [37m/wd/hub/session/34b19253-dab0-4bb8-870b-61041243b651/elements[39m
[35m[HTTP][39m [90m{"using":"xpath","value":"//*[@class = 'android.widget.TextView' and (@text = 'Convert' or . = 'Convert')]"}[39m
[35m[HTTP][39m [37m<-- POST /wd/hub/session/34b19253-dab0-4bb8-870b-61041243b651/elements [39m[32m200[39m [90m1152 ms - 12[39m
[35m[HTTP][39m [90m[39m
[35m[HTTP][39m [37m-->[39m [37mPOST[39m [37m/wd/hub/session/34b19253-dab0-4bb8-870b-61041243b651/elements[39m
[35m[HTTP][39m [90m{"using":"xpath","value":"//*[@class = 'android.widget.TextView' and (@text = 'Convert' or . = 'Convert')]"}[39m
[35m[HTTP][39m [37m<-- POST /wd/hub/session/34b19253-dab0-4bb8-870b-61041243b651/elements [39m[32m200[39m [90m1929 ms - 139[39m
[35m[HTTP][39m [90m[39m
[35m[HTTP][39m [37m-->[39m [37mGET[39m [37m/wd/hub/session/34b19253-dab0-4bb8-870b-61041243b651/element/53071483-f087-41f3-8bfb-66e00df84ee6/location[39m
[35m[HTTP][39m [90m{}[39m
[35m[W3C (34b19253)][39m Driver proxy active, passing request on via HTTP proxy
[35m[WD Proxy][39m Replacing sessionId e0410686-1988-4dae-a5b3-307b016f1c10 with 34b19253-dab0-4bb8-870b-61041243b651
[35m[HTTP][39m [37m<-- GET /wd/hub/session/34b19253-dab0-4bb8-870b-61041243b651/element/53071483-f087-41f3-8bfb-66e00df84ee6/location [39m[32m200[39m [90m767 ms - 76[39m
[35m[HTTP][39m [90m[39m
[35m[HTTP][39m [37m-->[39m [37mPOST[39m [37m/wd/hub/session/34b19253-dab0-4bb8-870b-61041243b651/timeouts[39m
[35m[HTTP][39m [90m{"implicit":30000}[39m
[35m[HTTP][39m [37m<-- POST /wd/hub/session/34b19253-dab0-4bb8-870b-61041243b651/timeouts [39m[32m200[39m [90m1 ms - 14[39m
[35m[HTTP][39m [90m[39m
[35m[HTTP][39m [37m-->[39m [37mGET[39m [37m/wd/hub/session/34b19253-dab0-4bb8-870b-61041243b651/element/53071483-f087-41f3-8bfb-66e00df84ee6/text[39m
[35m[HTTP][39m [90m{}[39m
[35m[W3C (34b19253)][39m Driver proxy active, passing request on via HTTP proxy
[35m[WD Proxy][39m Replacing sessionId e0410686-1988-4dae-a5b3-307b016f1c10 with 34b19253-dab0-4bb8-870b-61041243b651
[35m[HTTP][39m [37m<-- GET /wd/hub/session/34b19253-dab0-4bb8-870b-61041243b651/element/53071483-f087-41f3-8bfb-66e00df84ee6/text [39m[32m200[39m [90m14 ms - 70[39m
[35m[HTTP][39m [90m[39m
[35m[HTTP][39m [37m-->[39m [37mGET[39m [37m/wd/hub/session/34b19253-dab0-4bb8-870b-61041243b651/context[39m
[35m[HTTP][39m [90m{}[39m
[35m[HTTP][39m [37m<-- GET /wd/hub/session/34b19253-dab0-4bb8-870b-61041243b651/context [39m[32m200[39m [90m1 ms - 22[39m
[35m[HTTP][39m [90m[39m
[35m[HTTP][39m [37m-->[39m [37mGET[39m [37m/wd/hub/session/34b19253-dab0-4bb8-870b-61041243b651/contexts[39m
[35m[HTTP][39m [90m{}[39m
[35m[AndroidDriver][39m Not checking whether webviews have active pages; use the 'ensureWebviewsHavePages' cap to turn this check on
[35m[AndroidDriver][39m Not collecting web view details. Details collection might help to make Chromedriver initialization more precise. Use the 'enableWebviewDetailsCollection' cap to turn it on
[35m[HTTP][39m [37m<-- GET /wd/hub/session/34b19253-dab0-4bb8-870b-61041243b651/contexts [39m[32m200[39m [90m161 ms - 41[39m
[35m[HTTP][39m [90m[39m
[35m[HTTP][39m [37m-->[39m [37mPOST[39m [37m/wd/hub/session/34b19253-dab0-4bb8-870b-61041243b651/context[39m
[35m[HTTP][39m [90m{"name":"NATIVE_APP"}[39m
[35m[HTTP][39m [37m<-- POST /wd/hub/session/34b19253-dab0-4bb8-870b-61041243b651/context [39m[32m200[39m [90m1 ms - 14[39m
[35m[HTTP][39m [90m[39m
[35m[HTTP][39m [37m-->[39m [37mGET[39m [37m/wd/hub/session/34b19253-dab0-4bb8-870b-61041243b651/screenshot[39m
[35m[HTTP][39m [90m{}[39m
[35m[HTTP][39m [37m<-- GET /wd/hub/session/34b19253-dab0-4bb8-870b-61041243b651/screenshot [39m[32m200[39m [90m272 ms - 230848[39m
[35m[HTTP][39m [90m[39m
[35m[HTTP][39m [37m-->[39m [37mPOST[39m [37m/wd/hub/session/34b19253-dab0-4bb8-870b-61041243b651/context[39m
[35m[HTTP][39m [90m{"name":"NATIVE_APP"}[39m
[35m[HTTP][39m [37m<-- POST /wd/hub/session/34b19253-dab0-4bb8-870b-61041243b651/context [39m[32m200[39m [90m1 ms - 14[39m
[35m[HTTP][39m [90m[39m
[35m[HTTP][39m [37m-->[39m [37mPOST[39m [37m/wd/hub/session/34b19253-dab0-4bb8-870b-61041243b651/timeouts[39m
[35m[HTTP][39m [90m{"implicit":50}[39m
[35m[HTTP][39m [37m<-- POST /wd/hub/session/34b19253-dab0-4bb8-870b-61041243b651/timeouts [39m[32m200[39m [90m2 ms - 14[39m
[35m[HTTP][39m [90m[39m
[35m[HTTP][39m [37m-->[39m [37mGET[39m [37m/wd/hub/session/34b19253-dab0-4bb8-870b-61041243b651/window/rect[39m
[35m[HTTP][39m [90m{}[39m
[35m[HTTP][39m [37m<-- GET /wd/hub/session/34b19253-dab0-4bb8-870b-61041243b651/window/rect [39m[32m200[39m [90m7 ms - 50[39m
[35m[HTTP][39m [90m[39m
[35m[HTTP][39m [37m-->[39m [37mPOST[39m [37m/wd/hub/session/34b19253-dab0-4bb8-870b-61041243b651/elements[39m
[35m[HTTP][39m [90m{"using":"xpath","value":"//*[@class = 'android.widget.Button' and (@text = 'currency_myr MYR custom icon-xe-chevron-down RM  130,000.00 custom icon-calculator' or . = 'currency_myr MYR custom icon-xe-chevron-down RM  130,000.00 custom icon-calculator')]"}[39m
[35m[HTTP][39m [37m<-- POST /wd/hub/session/34b19253-dab0-4bb8-870b-61041243b651/elements [39m[32m200[39m [90m321 ms - 139[39m
[35m[HTTP][39m [90m[39m
[35m[HTTP][39m [37m-->[39m [37mGET[39m [37m/wd/hub/session/34b19253-dab0-4bb8-870b-61041243b651/element/7608a4f1-f210-43e2-894e-1586d267fc6a/location[39m
[35m[HTTP][39m [90m{}[39m
[35m[W3C (34b19253)][39m Driver proxy active, passing request on via HTTP proxy
[35m[WD Proxy][39m Replacing sessionId e0410686-1988-4dae-a5b3-307b016f1c10 with 34b19253-dab0-4bb8-870b-61041243b651
[35m[HTTP][39m [37m<-- GET /wd/hub/session/34b19253-dab0-4bb8-870b-61041243b651/element/7608a4f1-f210-43e2-894e-1586d267fc6a/location [39m[32m200[39m [90m19 ms - 77[39m
[35m[HTTP][39m [90m[39m
[35m[HTTP][39m [37m-->[39m [37mPOST[39m [37m/wd/hub/session/34b19253-dab0-4bb8-870b-61041243b651/timeouts[39m
[35m[HTTP][39m [90m{"implicit":30000}[39m
[35m[HTTP][39m [37m<-- POST /wd/hub/session/34b19253-dab0-4bb8-870b-61041243b651/timeouts [39m[32m200[39m [90m4 ms - 14[39m
[35m[HTTP][39m [90m[39m
[35m[HTTP][39m [37m-->[39m [37mPOST[39m [37m/wd/hub/session/34b19253-dab0-4bb8-870b-61041243b651/element/7608a4f1-f210-43e2-894e-1586d267fc6a/click[39m
[35m[HTTP][39m [90m{"id":"7608a4f1-f210-43e2-894e-1586d267fc6a"}[39m
[35m[HTTP][39m [37m<-- POST /wd/hub/session/34b19253-dab0-4bb8-870b-61041243b651/element/7608a4f1-f210-43e2-894e-1586d267fc6a/click [39m[32m200[39m [90m41 ms - 14[39m
[35m[HTTP][39m [90m[39m
[35m[HTTP][39m [37m-->[39m [37mGET[39m [37m/wd/hub/session/34b19253-dab0-4bb8-870b-61041243b651/context[39m
[35m[HTTP][39m [90m{}[39m
[35m[HTTP][39m [37m<-- GET /wd/hub/session/34b19253-dab0-4bb8-870b-61041243b651/context [39m[32m200[39m [90m1 ms - 22[39m
[35m[HTTP][39m [90m[39m
[35m[HTTP][39m [37m-->[39m [37mGET[39m [37m/wd/hub/session/34b19253-dab0-4bb8-870b-61041243b651/contexts[39m
[35m[HTTP][39m [90m{}[39m
[35m[AndroidDriver][39m Not checking whether webviews have active pages; use the 'ensureWebviewsHavePages' cap to turn this check on
[35m[AndroidDriver][39m Not collecting web view details. Details collection might help to make Chromedriver initialization more precise. Use the 'enableWebviewDetailsCollection' cap to turn it on
[35m[HTTP][39m [37m<-- GET /wd/hub/session/34b19253-dab0-4bb8-870b-61041243b651/contexts [39m[32m200[39m [90m173 ms - 41[39m
[35m[HTTP][39m [90m[39m
[35m[HTTP][39m [37m-->[39m [37mPOST[39m [37m/wd/hub/session/34b19253-dab0-4bb8-870b-61041243b651/context[39m
[35m[HTTP][39m [90m{"name":"NATIVE_APP"}[39m
[35m[HTTP][39m [37m<-- POST /wd/hub/session/34b19253-dab0-4bb8-870b-61041243b651/context [39m[32m200[39m [90m1 ms - 14[39m
[35m[HTTP][39m [90m[39m
[35m[HTTP][39m [37m-->[39m [37mGET[39m [37m/wd/hub/session/34b19253-dab0-4bb8-870b-61041243b651/screenshot[39m
[35m[HTTP][39m [90m{}[39m
[35m[HTTP][39m [37m<-- GET /wd/hub/session/34b19253-dab0-4bb8-870b-61041243b651/screenshot [39m[32m200[39m [90m388 ms - 320520[39m
[35m[HTTP][39m [90m[39m
[35m[HTTP][39m [37m-->[39m [37mPOST[39m [37m/wd/hub/session/34b19253-dab0-4bb8-870b-61041243b651/context[39m
[35m[HTTP][39m [90m{"name":"NATIVE_APP"}[39m
[35m[HTTP][39m [37m<-- POST /wd/hub/session/34b19253-dab0-4bb8-870b-61041243b651/context [39m[32m200[39m [90m1 ms - 14[39m
[35m[HTTP][39m [90m[39m
[35m[HTTP][39m [37m-->[39m [37mPOST[39m [37m/wd/hub/session/34b19253-dab0-4bb8-870b-61041243b651/timeouts[39m
[35m[HTTP][39m [90m{"implicit":50}[39m
[35m[HTTP][39m [37m<-- POST /wd/hub/session/34b19253-dab0-4bb8-870b-61041243b651/timeouts [39m[32m200[39m [90m1 ms - 14[39m
[35m[HTTP][39m [90m[39m
[35m[HTTP][39m [37m-->[39m [37mGET[39m [37m/wd/hub/session/34b19253-dab0-4bb8-870b-61041243b651/window/rect[39m
[35m[HTTP][39m [90m{}[39m
[35m[HTTP][39m [37m<-- GET /wd/hub/session/34b19253-dab0-4bb8-870b-61041243b651/window/rect [39m[32m200[39m [90m17 ms - 50[39m
[35m[HTTP][39m [90m[39m
[35m[HTTP][39m [37m-->[39m [37mPOST[39m [37m/wd/hub/session/34b19253-dab0-4bb8-870b-61041243b651/elements[39m
[35m[HTTP][39m [90m{"using":"xpath","value":"//*[@class = 'android.widget.TextView' and (@text = 'Done' or . = 'Done')]"}[39m
[35m[HTTP][39m [37m<-- POST /wd/hub/session/34b19253-dab0-4bb8-870b-61041243b651/elements [39m[32m200[39m [90m1310 ms - 139[39m
[35m[HTTP][39m [90m[39m
[35m[HTTP][39m [37m-->[39m [37mGET[39m [37m/wd/hub/session/34b19253-dab0-4bb8-870b-61041243b651/element/f18fef67-b1e6-49c1-a9f7-eccd65ba3dab/location[39m
[35m[HTTP][39m [90m{}[39m
[35m[W3C (34b19253)][39m Driver proxy active, passing request on via HTTP proxy
[35m[WD Proxy][39m Replacing sessionId e0410686-1988-4dae-a5b3-307b016f1c10 with 34b19253-dab0-4bb8-870b-61041243b651
[35m[HTTP][39m [37m<-- GET /wd/hub/session/34b19253-dab0-4bb8-870b-61041243b651/element/f18fef67-b1e6-49c1-a9f7-eccd65ba3dab/location [39m[32m200[39m [90m29 ms - 77[39m
[35m[HTTP][39m [90m[39m
[35m[HTTP][39m [37m-->[39m [37mPOST[39m [37m/wd/hub/session/34b19253-dab0-4bb8-870b-61041243b651/timeouts[39m
[35m[HTTP][39m [90m{"implicit":30000}[39m
[35m[HTTP][39m [37m<-- POST /wd/hub/session/34b19253-dab0-4bb8-870b-61041243b651/timeouts [39m[32m200[39m [90m4 ms - 14[39m
[35m[HTTP][39m [90m[39m
[35m[HTTP][39m [37m-->[39m [37mPOST[39m [37m/wd/hub/session/34b19253-dab0-4bb8-870b-61041243b651/element/f18fef67-b1e6-49c1-a9f7-eccd65ba3dab/click[39m
[35m[HTTP][39m [90m{"id":"f18fef67-b1e6-49c1-a9f7-eccd65ba3dab"}[39m
[35m[HTTP][39m [37m<-- POST /wd/hub/session/34b19253-dab0-4bb8-870b-61041243b651/element/f18fef67-b1e6-49c1-a9f7-eccd65ba3dab/click [39m[32m200[39m [90m55 ms - 14[39m
[35m[HTTP][39m [90m[39m
[35m[HTTP][39m [37m-->[39m [37mPOST[39m [37m/wd/hub/session/34b19253-dab0-4bb8-870b-61041243b651/timeouts[39m
[35m[HTTP][39m [90m{"implicit":50}[39m
[35m[HTTP][39m [37m<-- POST /wd/hub/session/34b19253-dab0-4bb8-870b-61041243b651/timeouts [39m[32m200[39m [90m1 ms - 14[39m
[35m[HTTP][39m [90m[39m
[35m[HTTP][39m [37m-->[39m [37mGET[39m [37m/wd/hub/session/34b19253-dab0-4bb8-870b-61041243b651/window/rect[39m
[35m[HTTP][39m [90m{}[39m
[35m[HTTP][39m [37m<-- GET /wd/hub/session/34b19253-dab0-4bb8-870b-61041243b651/window/rect [39m[32m200[39m [90m14 ms - 50[39m
[35m[HTTP][39m [90m[39m
[35m[HTTP][39m [37m-->[39m [37mPOST[39m [37m/wd/hub/session/34b19253-dab0-4bb8-870b-61041243b651/elements[39m
[35m[HTTP][39m [90m{"using":"xpath","value":"//*[@class = 'android.widget.Button' and (@text = 'custom icon-xe-tab-charts Charts' or . = 'custom icon-xe-tab-charts Charts')]"}[39m
[35m[HTTP][39m [37m<-- POST /wd/hub/session/34b19253-dab0-4bb8-870b-61041243b651/elements [39m[32m200[39m [90m1885 ms - 139[39m
[35m[HTTP][39m [90m[39m
[35m[HTTP][39m [37m-->[39m [37mGET[39m [37m/wd/hub/session/34b19253-dab0-4bb8-870b-61041243b651/element/f31ae347-66b8-4537-a075-ceac47eca548/location[39m
[35m[HTTP][39m [90m{}[39m
[35m[W3C (34b19253)][39m Driver proxy active, passing request on via HTTP proxy
[35m[WD Proxy][39m Replacing sessionId e0410686-1988-4dae-a5b3-307b016f1c10 with 34b19253-dab0-4bb8-870b-61041243b651
[35m[HTTP][39m [37m<-- GET /wd/hub/session/34b19253-dab0-4bb8-870b-61041243b651/element/f31ae347-66b8-4537-a075-ceac47eca548/location [39m[32m200[39m [90m27 ms - 79[39m
[35m[HTTP][39m [90m[39m
[35m[HTTP][39m [37m-->[39m [37mPOST[39m [37m/wd/hub/session/34b19253-dab0-4bb8-870b-61041243b651/timeouts[39m
[35m[HTTP][39m [90m{"implicit":30000}[39m
[35m[HTTP][39m [37m<-- POST /wd/hub/session/34b19253-dab0-4bb8-870b-61041243b651/timeouts [39m[32m200[39m [90m2 ms - 14[39m
[35m[HTTP][39m [90m[39m
[35m[HTTP][39m [37m-->[39m [37mPOST[39m [37m/wd/hub/session/34b19253-dab0-4bb8-870b-61041243b651/element/f31ae347-66b8-4537-a075-ceac47eca548/click[39m
[35m[HTTP][39m [90m{"id":"f31ae347-66b8-4537-a075-ceac47eca548"}[39m
[35m[HTTP][39m [37m<-- POST /wd/hub/session/34b19253-dab0-4bb8-870b-61041243b651/element/f31ae347-66b8-4537-a075-ceac47eca548/click [39m[32m200[39m [90m55 ms - 14[39m
[35m[HTTP][39m [90m[39m
[35m[HTTP][39m [37m-->[39m [37mGET[39m [37m/wd/hub/session/34b19253-dab0-4bb8-870b-61041243b651/context[39m
[35m[HTTP][39m [90m{}[39m
[35m[HTTP][39m [37m<-- GET /wd/hub/session/34b19253-dab0-4bb8-870b-61041243b651/context [39m[32m200[39m [90m6 ms - 22[39m
[35m[HTTP][39m [90m[39m
[35m[HTTP][39m [37m-->[39m [37mGET[39m [37m/wd/hub/session/34b19253-dab0-4bb8-870b-61041243b651/contexts[39m
[35m[HTTP][39m [90m{}[39m
[35m[AndroidDriver][39m Not checking whether webviews have active pages; use the 'ensureWebviewsHavePages' cap to turn this check on
[35m[AndroidDriver][39m Not collecting web view details. Details collection might help to make Chromedriver initialization more precise. Use the 'enableWebviewDetailsCollection' cap to turn it on
[35m[HTTP][39m [37m<-- GET /wd/hub/session/34b19253-dab0-4bb8-870b-61041243b651/contexts [39m[32m200[39m [90m197 ms - 41[39m
[35m[HTTP][39m [90m[39m
[35m[HTTP][39m [37m-->[39m [37mPOST[39m [37m/wd/hub/session/34b19253-dab0-4bb8-870b-61041243b651/context[39m
[35m[HTTP][39m [90m{"name":"NATIVE_APP"}[39m
[35m[HTTP][39m [37m<-- POST /wd/hub/session/34b19253-dab0-4bb8-870b-61041243b651/context [39m[32m200[39m [90m1 ms - 14[39m
[35m[HTTP][39m [90m[39m
[35m[HTTP][39m [37m-->[39m [37mGET[39m [37m/wd/hub/session/34b19253-dab0-4bb8-870b-61041243b651/screenshot[39m
[35m[HTTP][39m [90m{}[39m
[35m[HTTP][39m [37m<-- GET /wd/hub/session/34b19253-dab0-4bb8-870b-61041243b651/screenshot [39m[32m200[39m [90m379 ms - 254100[39m
[35m[HTTP][39m [90m[39m
[35m[HTTP][39m [37m-->[39m [37mPOST[39m [37m/wd/hub/session/34b19253-dab0-4bb8-870b-61041243b651/context[39m
[35m[HTTP][39m [90m{"name":"NATIVE_APP"}[39m
[35m[HTTP][39m [37m<-- POST /wd/hub/session/34b19253-dab0-4bb8-870b-61041243b651/context [39m[32m200[39m [90m1 ms - 14[39m
[35m[HTTP][39m [90m[39m
[35m[HTTP][39m [37m-->[39m [37mPOST[39m [37m/wd/hub/session/34b19253-dab0-4bb8-870b-61041243b651/timeouts[39m
[35m[HTTP][39m [90m{"implicit":50}[39m
[35m[HTTP][39m [37m<-- POST /wd/hub/session/34b19253-dab0-4bb8-870b-61041243b651/timeouts [39m[32m200[39m [90m1 ms - 14[39m
[35m[HTTP][39m [90m[39m
[35m[HTTP][39m [37m-->[39m [37mGET[39m [37m/wd/hub/session/34b19253-dab0-4bb8-870b-61041243b651/window/rect[39m
[35m[HTTP][39m [90m{}[39m
[35m[HTTP][39m [37m<-- GET /wd/hub/session/34b19253-dab0-4bb8-870b-61041243b651/window/rect [39m[32m200[39m [90m19 ms - 50[39m
[35m[HTTP][39m [90m[39m
[35m[HTTP][39m [37m-->[39m [37mPOST[39m [37m/wd/hub/session/34b19253-dab0-4bb8-870b-61041243b651/elements[39m
[35m[HTTP][39m [90m{"using":"xpath","value":"//*[@class = 'android.widget.Button' and (@text = 'custom icon-xe-tab-send' or . = 'custom icon-xe-tab-send')]"}[39m
[35m[HTTP][39m [37m<-- POST /wd/hub/session/34b19253-dab0-4bb8-870b-61041243b651/elements [39m[32m200[39m [90m309 ms - 139[39m
[35m[HTTP][39m [90m[39m
[35m[HTTP][39m [37m-->[39m [37mGET[39m [37m/wd/hub/session/34b19253-dab0-4bb8-870b-61041243b651/element/ba78ac26-b375-4173-bd6d-f65533339a86/location[39m
[35m[HTTP][39m [90m{}[39m
[35m[W3C (34b19253)][39m Driver proxy active, passing request on via HTTP proxy
[35m[WD Proxy][39m Replacing sessionId e0410686-1988-4dae-a5b3-307b016f1c10 with 34b19253-dab0-4bb8-870b-61041243b651
[35m[HTTP][39m [37m<-- GET /wd/hub/session/34b19253-dab0-4bb8-870b-61041243b651/element/ba78ac26-b375-4173-bd6d-f65533339a86/location [39m[32m200[39m [90m35 ms - 79[39m
[35m[HTTP][39m [90m[39m
[35m[HTTP][39m [37m-->[39m [37mPOST[39m [37m/wd/hub/session/34b19253-dab0-4bb8-870b-61041243b651/timeouts[39m
[35m[HTTP][39m [90m{"implicit":30000}[39m
[35m[HTTP][39m [37m<-- POST /wd/hub/session/34b19253-dab0-4bb8-870b-61041243b651/timeouts [39m[32m200[39m [90m4 ms - 14[39m
[35m[HTTP][39m [90m[39m
[35m[HTTP][39m [37m-->[39m [37mPOST[39m [37m/wd/hub/session/34b19253-dab0-4bb8-870b-61041243b651/element/ba78ac26-b375-4173-bd6d-f65533339a86/click[39m
[35m[HTTP][39m [90m{"id":"ba78ac26-b375-4173-bd6d-f65533339a86"}[39m
[35m[HTTP][39m [37m<-- POST /wd/hub/session/34b19253-dab0-4bb8-870b-61041243b651/element/ba78ac26-b375-4173-bd6d-f65533339a86/click [39m[32m200[39m [90m66 ms - 14[39m
[35m[HTTP][39m [90m[39m
[35m[HTTP][39m [37m-->[39m [37mGET[39m [37m/wd/hub/session/34b19253-dab0-4bb8-870b-61041243b651/context[39m
[35m[HTTP][39m [90m{}[39m
[35m[HTTP][39m [37m<-- GET /wd/hub/session/34b19253-dab0-4bb8-870b-61041243b651/context [39m[32m200[39m [90m2 ms - 22[39m
[35m[HTTP][39m [90m[39m
[35m[HTTP][39m [37m-->[39m [37mGET[39m [37m/wd/hub/session/34b19253-dab0-4bb8-870b-61041243b651/contexts[39m
[35m[HTTP][39m [90m{}[39m
[35m[AndroidDriver][39m Not checking whether webviews have active pages; use the 'ensureWebviewsHavePages' cap to turn this check on
[35m[AndroidDriver][39m Not collecting web view details. Details collection might help to make Chromedriver initialization more precise. Use the 'enableWebviewDetailsCollection' cap to turn it on
[35m[HTTP][39m [37m<-- GET /wd/hub/session/34b19253-dab0-4bb8-870b-61041243b651/contexts [39m[32m200[39m [90m178 ms - 41[39m
[35m[HTTP][39m [90m[39m
[35m[HTTP][39m [37m-->[39m [37mPOST[39m [37m/wd/hub/session/34b19253-dab0-4bb8-870b-61041243b651/context[39m
[35m[HTTP][39m [90m{"name":"NATIVE_APP"}[39m
[35m[HTTP][39m [37m<-- POST /wd/hub/session/34b19253-dab0-4bb8-870b-61041243b651/context [39m[32m200[39m [90m1 ms - 14[39m
[35m[HTTP][39m [90m[39m
[35m[HTTP][39m [37m-->[39m [37mGET[39m [37m/wd/hub/session/34b19253-dab0-4bb8-870b-61041243b651/screenshot[39m
[35m[HTTP][39m [90m{}[39m
[35m[HTTP][39m [37m<-- GET /wd/hub/session/34b19253-dab0-4bb8-870b-61041243b651/screenshot [39m[32m200[39m [90m380 ms - 341756[39m
[35m[HTTP][39m [90m[39m
[35m[HTTP][39m [37m-->[39m [37mPOST[39m [37m/wd/hub/session/34b19253-dab0-4bb8-870b-61041243b651/context[39m
[35m[HTTP][39m [90m{"name":"NATIVE_APP"}[39m
[35m[HTTP][39m [37m<-- POST /wd/hub/session/34b19253-dab0-4bb8-870b-61041243b651/context [39m[32m200[39m [90m1 ms - 14[39m
[35m[HTTP][39m [90m[39m
[35m[HTTP][39m [37m-->[39m [37mDELETE[39m [37m/wd/hub/session/34b19253-dab0-4bb8-870b-61041243b651[39m
[35m[HTTP][39m [90m{}[39m
[35m[Appium][39m Removing session 34b19253-dab0-4bb8-870b-61041243b651 from our master session list
[35m[UiAutomator2][39m Restoring hidden api policy to the device default configuration
[35m[HTTP][39m [37m<-- DELETE /wd/hub/session/34b19253-dab0-4bb8-870b-61041243b651 [39m[32m200[39m [90m491 ms - 14[39m
[35m[HTTP][39m [90m[39m
