[35m[Appium][39m Welcome to Appium v1.18.1
[35m[Appium][39m Non-default server args:
[35m[Appium][39m   port: 52010
[35m[Appium][39m   loglevel: info
[35m[Appium][39m   tmpDir: C:\Users\00123955\AppData\Local\Temp\\Katalon\Appium\Temp1678979055602
[35m[Appium][39m   chromedriverPort: 52012
[35m[Appium][39m Deprecated server args:
[35m[Appium][39m   [31m--chromedriver-port[39m => --default-capabilities '{"chromedriverPort":52012}'
[35m[Appium][39m Default capabilities, which will be added to each request unless overridden by desired capabilities:
[35m[Appium][39m   chromedriverPort: 52012
[35m[Appium][39m Appium REST http interface listener started on 0.0.0.0:52010
[35m[HTTP][39m [37m-->[39m [37mGET[39m [37m/wd/hub/status[39m
[35m[HTTP][39m [90m{}[39m
[35m[HTTP][39m [37m<-- GET /wd/hub/status [39m[32m200[39m [90m9 ms - 68[39m
[35m[HTTP][39m [90m[39m
[35m[HTTP][39m [37m-->[39m [37mPOST[39m [37m/wd/hub/session[39m
[35m[HTTP][39m [90m{"desiredCapabilities":{"appActivity":".Settings","appPackage":"com.android.settings","newCommandTimeout":1800,"platformVersion":"11","automationName":"uiautomator2","autoGrantPermissions":true,"platformName":"Android","udid":"R5CR704KXSR","deviceName":"samsung SM-G998B (Android 11)","platform":"ANDROID","systemPort":8259},"capabilities":{"firstMatch":[{"appium:appActivity":".Settings","appium:appPackage":"com.android.settings","appium:autoGrantPermissions":true,"appium:automationName":"uiautomator2","appium:deviceName":"samsung SM-G998B (Android 11)","appium:newCommandTimeout":1800,"platform":"ANDROID","platformName":"android","appium:platformVersion":"11","appium:systemPort":8259,"appium:udid":"R5CR704KXSR"}]}}[39m
[35m[BaseDriver][39m The following capabilities are not standard capabilities and should have an extension prefix:
[35m[BaseDriver][39m   platform
[35m[BaseDriver][39m   chromedriverPort
[35m[Appium][39m Appium v1.18.1 creating new AndroidUiautomator2Driver (v1.56.1) session
[35m[BaseDriver][39m The following capabilities were provided, but are not recognized by Appium:
[35m[BaseDriver][39m   platform
[35m[BaseDriver][39m Session created with session id: 59d5d03c-318c-4040-9eb6-b37e8ff3b345
[35m[UiAutomator2][39m Starting 'com.android.settings' directly on the device
[35m[ADB][39m Found 1 'build-tools' folders under 'C:\Users\00123955\.katalon\tools\android_sdk' (newest first):
[35m[ADB][39m     C:/Users/00123955/.katalon/tools/android_sdk/build-tools/23.0.3
[35m[ADB][39m Using 'adb.exe' from 'C:\Users\00123955\.katalon\tools\android_sdk\platform-tools\adb.exe'
[35m[AndroidDriver][39m Retrieving device list
[35m[AndroidDriver][39m Using device: R5CR704KXSR
[35m[ADB][39m Using 'adb.exe' from 'C:\Users\00123955\.katalon\tools\android_sdk\platform-tools\adb.exe'
[35m[ADB][39m Getting device platform version
[35m[UiAutomator2][39m Relaxing hidden api policy
[35m[AndroidDriver][39m No app sent in, not parsing package/activity
[35m[ADB][39m Cannot use apksigner tool for signature verification. Original error: Could not find 'apksigner.jar' in ["C:\\Users\\00123955\\.katalon\\tools\\android_sdk\\platform-tools\\apksigner.jar","C:\\Users\\00123955\\.katalon\\tools\\android_sdk\\emulator\\apksigner.jar","C:\\Users\\00123955\\.katalon\\tools\\android_sdk\\cmdline-tools\\latest\\bin\\apksigner.jar","C:\\Users\\00123955\\.katalon\\tools\\android_sdk\\tools\\apksigner.jar","C:\\Users\\00123955\\.katalon\\tools\\android_sdk\\tools\\bin\\apksigner.jar","C:\\Users\\00123955\\.katalon\\tools\\android_sdk\\apksigner.jar","C:\\Users\\00123955\\.katalon\\tools\\android_sdk\\build-tools\\23.0.3\\apksigner.jar","C:\\Users\\00123955\\.katalon\\tools\\android_sdk\\build-tools\\23.0.3\\lib\\apksigner.jar"]. Do you have Android Build Tools installed at 'C:\Users\00123955\.katalon\tools\android_sdk'?
[35m[ADB][39m Cannot use apksigner tool for signature verification. Original error: Could not find 'apksigner.jar' in ["C:\\Users\\00123955\\.katalon\\tools\\android_sdk\\platform-tools\\apksigner.jar","C:\\Users\\00123955\\.katalon\\tools\\android_sdk\\emulator\\apksigner.jar","C:\\Users\\00123955\\.katalon\\tools\\android_sdk\\cmdline-tools\\latest\\bin\\apksigner.jar","C:\\Users\\00123955\\.katalon\\tools\\android_sdk\\tools\\apksigner.jar","C:\\Users\\00123955\\.katalon\\tools\\android_sdk\\tools\\bin\\apksigner.jar","C:\\Users\\00123955\\.katalon\\tools\\android_sdk\\apksigner.jar","C:\\Users\\00123955\\.katalon\\tools\\android_sdk\\build-tools\\23.0.3\\apksigner.jar","C:\\Users\\00123955\\.katalon\\tools\\android_sdk\\build-tools\\23.0.3\\lib\\apksigner.jar"]. Do you have Android Build Tools installed at 'C:\Users\00123955\.katalon\tools\android_sdk'?
[35m[UiAutomator2][39m Server packages are not going to be (re)installed
[35m[UiAutomator2][39m Starting UIAutomator2 server 4.12.2
[35m[UiAutomator2][39m Using UIAutomator2 server from 'C:\Users\00123955\AppData\Roaming\npm\node_modules\appium\node_modules\appium-uiautomator2-server\apks\appium-uiautomator2-server-v4.12.2.apk' and test from 'C:\Users\00123955\AppData\Roaming\npm\node_modules\appium\node_modules\appium-uiautomator2-server\apks\appium-uiautomator2-server-debug-androidTest.apk'
[35m[UiAutomator2][39m Waiting up to 30000ms for UiAutomator2 to be online...
[35m[WD Proxy][39m Error: read ECONNRESET
[35m[WD Proxy][39m     at TCP.onStreamRead (internal/stream_base_commons.js:111:27)
[35m[WD Proxy][39m Determined the downstream protocol as 'W3C'
[35m[AndroidDriver][39m Screen already unlocked, doing nothing
[35m[UiAutomator2][39m Starting 'com.android.settings/.Settings and waiting for 'com.android.settings/.Settings'
[35m[Appium][39m New AndroidUiautomator2Driver session created successfully, session 59d5d03c-318c-4040-9eb6-b37e8ff3b345 added to master session list
[35m[HTTP][39m [37m<-- POST /wd/hub/session [39m[32m200[39m [90m8526 ms - 1159[39m
[35m[HTTP][39m [90m[39m
[35m[HTTP][39m [37m-->[39m [37mGET[39m [37m/wd/hub/session/59d5d03c-318c-4040-9eb6-b37e8ff3b345[39m
[35m[HTTP][39m [90m{}[39m
[35m[HTTP][39m [37m<-- GET /wd/hub/session/59d5d03c-318c-4040-9eb6-b37e8ff3b345 [39m[32m200[39m [90m13 ms - 1113[39m
[35m[HTTP][39m [90m[39m
[35m[HTTP][39m [37m-->[39m [37mGET[39m [37m/wd/hub/session/59d5d03c-318c-4040-9eb6-b37e8ff3b345[39m
[35m[HTTP][39m [90m{}[39m
[35m[HTTP][39m [37m<-- GET /wd/hub/session/59d5d03c-318c-4040-9eb6-b37e8ff3b345 [39m[32m200[39m [90m7 ms - 1113[39m
[35m[HTTP][39m [90m[39m
[35m[HTTP][39m [37m-->[39m [37mGET[39m [37m/wd/hub/status[39m
[35m[HTTP][39m [90m{}[39m
[35m[HTTP][39m [37m<-- GET /wd/hub/status [39m[32m200[39m [90m1 ms - 68[39m
[35m[HTTP][39m [90m[39m
[35m[HTTP][39m [37m-->[39m [37mPOST[39m [37m/wd/hub/session/59d5d03c-318c-4040-9eb6-b37e8ff3b345/timeouts[39m
[35m[HTTP][39m [90m{"implicit":30000}[39m
[35m[HTTP][39m [37m<-- POST /wd/hub/session/59d5d03c-318c-4040-9eb6-b37e8ff3b345/timeouts [39m[32m200[39m [90m3 ms - 14[39m
[35m[HTTP][39m [90m[39m
[35m[HTTP][39m [37m-->[39m [37mGET[39m [37m/wd/hub/session/59d5d03c-318c-4040-9eb6-b37e8ff3b345/screenshot[39m
[35m[HTTP][39m [90m{}[39m
[35m[HTTP][39m [37m<-- GET /wd/hub/session/59d5d03c-318c-4040-9eb6-b37e8ff3b345/screenshot [39m[32m200[39m [90m264 ms - 229012[39m
[35m[HTTP][39m [90m[39m
[35m[HTTP][39m [37m-->[39m [37mGET[39m [37m/wd/hub/session/59d5d03c-318c-4040-9eb6-b37e8ff3b345/window/rect[39m
[35m[HTTP][39m [90m{}[39m
[35m[HTTP][39m [37m<-- GET /wd/hub/session/59d5d03c-318c-4040-9eb6-b37e8ff3b345/window/rect [39m[32m200[39m [90m20 ms - 50[39m
[35m[HTTP][39m [90m[39m
[35m[HTTP][39m [37m-->[39m [37mGET[39m [37m/wd/hub/session/59d5d03c-318c-4040-9eb6-b37e8ff3b345/appium/device/system_bars[39m
[35m[HTTP][39m [90m{}[39m
[35m[HTTP][39m [37m<-- GET /wd/hub/session/59d5d03c-318c-4040-9eb6-b37e8ff3b345/appium/device/system_bars [39m[32m200[39m [90m106 ms - 148[39m
[35m[HTTP][39m [90m[39m
[35m[HTTP][39m [37m-->[39m [37mPOST[39m [37m/wd/hub/session/59d5d03c-318c-4040-9eb6-b37e8ff3b345/appium/device/activate_app[39m
[35m[HTTP][39m [90m{"bundleId":"com.xe.currency"}[39m
[35m[HTTP][39m [37m<-- POST /wd/hub/session/59d5d03c-318c-4040-9eb6-b37e8ff3b345/appium/device/activate_app [39m[32m200[39m [90m387 ms - 14[39m
[35m[HTTP][39m [90m[39m
[35m[HTTP][39m [37m-->[39m [37mPOST[39m [37m/wd/hub/session/59d5d03c-318c-4040-9eb6-b37e8ff3b345/timeouts[39m
[35m[HTTP][39m [90m{"implicit":50}[39m
[35m[HTTP][39m [37m<-- POST /wd/hub/session/59d5d03c-318c-4040-9eb6-b37e8ff3b345/timeouts [39m[32m200[39m [90m1 ms - 14[39m
[35m[HTTP][39m [90m[39m
[35m[HTTP][39m [37m-->[39m [37mGET[39m [37m/wd/hub/session/59d5d03c-318c-4040-9eb6-b37e8ff3b345/window/rect[39m
[35m[HTTP][39m [90m{}[39m
[35m[HTTP][39m [37m<-- GET /wd/hub/session/59d5d03c-318c-4040-9eb6-b37e8ff3b345/window/rect [39m[32m200[39m [90m7 ms - 50[39m
[35m[HTTP][39m [90m[39m
[35m[HTTP][39m [37m-->[39m [37mPOST[39m [37m/wd/hub/session/59d5d03c-318c-4040-9eb6-b37e8ff3b345/elements[39m
[35m[HTTP][39m [90m{"using":"xpath","value":"//*[@class = 'android.widget.TextView' and (@text = 'Convert' or . = 'Convert')]"}[39m
[35m[HTTP][39m [37m<-- POST /wd/hub/session/59d5d03c-318c-4040-9eb6-b37e8ff3b345/elements [39m[32m200[39m [90m637 ms - 12[39m
[35m[HTTP][39m [90m[39m
[35m[HTTP][39m [37m-->[39m [37mPOST[39m [37m/wd/hub/session/59d5d03c-318c-4040-9eb6-b37e8ff3b345/elements[39m
[35m[HTTP][39m [90m{"using":"xpath","value":"//*[@class = 'android.widget.TextView' and (@text = 'Convert' or . = 'Convert')]"}[39m
[35m[HTTP][39m [37m<-- POST /wd/hub/session/59d5d03c-318c-4040-9eb6-b37e8ff3b345/elements [39m[32m200[39m [90m112 ms - 12[39m
[35m[HTTP][39m [90m[39m
[35m[HTTP][39m [37m-->[39m [37mPOST[39m [37m/wd/hub/session/59d5d03c-318c-4040-9eb6-b37e8ff3b345/elements[39m
[35m[HTTP][39m [90m{"using":"xpath","value":"//*[@class = 'android.widget.TextView' and (@text = 'Convert' or . = 'Convert')]"}[39m
[35m[HTTP][39m [37m<-- POST /wd/hub/session/59d5d03c-318c-4040-9eb6-b37e8ff3b345/elements [39m[32m200[39m [90m93 ms - 12[39m
[35m[HTTP][39m [90m[39m
[35m[HTTP][39m [37m-->[39m [37mPOST[39m [37m/wd/hub/session/59d5d03c-318c-4040-9eb6-b37e8ff3b345/elements[39m
[35m[HTTP][39m [90m{"using":"xpath","value":"//*[@class = 'android.widget.TextView' and (@text = 'Convert' or . = 'Convert')]"}[39m
[35m[HTTP][39m [37m<-- POST /wd/hub/session/59d5d03c-318c-4040-9eb6-b37e8ff3b345/elements [39m[32m200[39m [90m93 ms - 12[39m
[35m[HTTP][39m [90m[39m
[35m[HTTP][39m [37m-->[39m [37mPOST[39m [37m/wd/hub/session/59d5d03c-318c-4040-9eb6-b37e8ff3b345/elements[39m
[35m[HTTP][39m [90m{"using":"xpath","value":"//*[@class = 'android.widget.TextView' and (@text = 'Convert' or . = 'Convert')]"}[39m
[35m[HTTP][39m [37m<-- POST /wd/hub/session/59d5d03c-318c-4040-9eb6-b37e8ff3b345/elements [39m[32m200[39m [90m82 ms - 12[39m
[35m[HTTP][39m [90m[39m
[35m[HTTP][39m [37m-->[39m [37mPOST[39m [37m/wd/hub/session/59d5d03c-318c-4040-9eb6-b37e8ff3b345/elements[39m
[35m[HTTP][39m [90m{"using":"xpath","value":"//*[@class = 'android.widget.TextView' and (@text = 'Convert' or . = 'Convert')]"}[39m
[35m[HTTP][39m [37m<-- POST /wd/hub/session/59d5d03c-318c-4040-9eb6-b37e8ff3b345/elements [39m[32m200[39m [90m87 ms - 12[39m
[35m[HTTP][39m [90m[39m
[35m[HTTP][39m [37m-->[39m [37mPOST[39m [37m/wd/hub/session/59d5d03c-318c-4040-9eb6-b37e8ff3b345/elements[39m
[35m[HTTP][39m [90m{"using":"xpath","value":"//*[@class = 'android.widget.TextView' and (@text = 'Convert' or . = 'Convert')]"}[39m
[35m[HTTP][39m [37m<-- POST /wd/hub/session/59d5d03c-318c-4040-9eb6-b37e8ff3b345/elements [39m[32m200[39m [90m77 ms - 12[39m
[35m[HTTP][39m [90m[39m
[35m[HTTP][39m [37m-->[39m [37mPOST[39m [37m/wd/hub/session/59d5d03c-318c-4040-9eb6-b37e8ff3b345/elements[39m
[35m[HTTP][39m [90m{"using":"xpath","value":"//*[@class = 'android.widget.TextView' and (@text = 'Convert' or . = 'Convert')]"}[39m
[35m[HTTP][39m [37m<-- POST /wd/hub/session/59d5d03c-318c-4040-9eb6-b37e8ff3b345/elements [39m[32m200[39m [90m84 ms - 12[39m
[35m[HTTP][39m [90m[39m
[35m[HTTP][39m [37m-->[39m [37mPOST[39m [37m/wd/hub/session/59d5d03c-318c-4040-9eb6-b37e8ff3b345/elements[39m
[35m[HTTP][39m [90m{"using":"xpath","value":"//*[@class = 'android.widget.TextView' and (@text = 'Convert' or . = 'Convert')]"}[39m
[35m[HTTP][39m [37m<-- POST /wd/hub/session/59d5d03c-318c-4040-9eb6-b37e8ff3b345/elements [39m[32m200[39m [90m85 ms - 12[39m
[35m[HTTP][39m [90m[39m
[35m[HTTP][39m [37m-->[39m [37mPOST[39m [37m/wd/hub/session/59d5d03c-318c-4040-9eb6-b37e8ff3b345/elements[39m
[35m[HTTP][39m [90m{"using":"xpath","value":"//*[@class = 'android.widget.TextView' and (@text = 'Convert' or . = 'Convert')]"}[39m
[35m[HTTP][39m [37m<-- POST /wd/hub/session/59d5d03c-318c-4040-9eb6-b37e8ff3b345/elements [39m[32m200[39m [90m79 ms - 12[39m
[35m[HTTP][39m [90m[39m
[35m[HTTP][39m [37m-->[39m [37mPOST[39m [37m/wd/hub/session/59d5d03c-318c-4040-9eb6-b37e8ff3b345/elements[39m
[35m[HTTP][39m [90m{"using":"xpath","value":"//*[@class = 'android.widget.TextView' and (@text = 'Convert' or . = 'Convert')]"}[39m
[35m[HTTP][39m [37m<-- POST /wd/hub/session/59d5d03c-318c-4040-9eb6-b37e8ff3b345/elements [39m[32m200[39m [90m331 ms - 12[39m
[35m[HTTP][39m [90m[39m
[35m[HTTP][39m [37m-->[39m [37mPOST[39m [37m/wd/hub/session/59d5d03c-318c-4040-9eb6-b37e8ff3b345/elements[39m
[35m[HTTP][39m [90m{"using":"xpath","value":"//*[@class = 'android.widget.TextView' and (@text = 'Convert' or . = 'Convert')]"}[39m
[35m[HTTP][39m [37m<-- POST /wd/hub/session/59d5d03c-318c-4040-9eb6-b37e8ff3b345/elements [39m[32m200[39m [90m85 ms - 12[39m
[35m[HTTP][39m [90m[39m
[35m[HTTP][39m [37m-->[39m [37mPOST[39m [37m/wd/hub/session/59d5d03c-318c-4040-9eb6-b37e8ff3b345/elements[39m
[35m[HTTP][39m [90m{"using":"xpath","value":"//*[@class = 'android.widget.TextView' and (@text = 'Convert' or . = 'Convert')]"}[39m
[35m[HTTP][39m [37m<-- POST /wd/hub/session/59d5d03c-318c-4040-9eb6-b37e8ff3b345/elements [39m[32m200[39m [90m80 ms - 12[39m
[35m[HTTP][39m [90m[39m
[35m[HTTP][39m [37m-->[39m [37mPOST[39m [37m/wd/hub/session/59d5d03c-318c-4040-9eb6-b37e8ff3b345/elements[39m
[35m[HTTP][39m [90m{"using":"xpath","value":"//*[@class = 'android.widget.TextView' and (@text = 'Convert' or . = 'Convert')]"}[39m
[35m[HTTP][39m [37m<-- POST /wd/hub/session/59d5d03c-318c-4040-9eb6-b37e8ff3b345/elements [39m[32m200[39m [90m72 ms - 12[39m
[35m[HTTP][39m [90m[39m
[35m[HTTP][39m [37m-->[39m [37mPOST[39m [37m/wd/hub/session/59d5d03c-318c-4040-9eb6-b37e8ff3b345/elements[39m
[35m[HTTP][39m [90m{"using":"xpath","value":"//*[@class = 'android.widget.TextView' and (@text = 'Convert' or . = 'Convert')]"}[39m
[35m[HTTP][39m [37m<-- POST /wd/hub/session/59d5d03c-318c-4040-9eb6-b37e8ff3b345/elements [39m[32m200[39m [90m65 ms - 12[39m
[35m[HTTP][39m [90m[39m
[35m[HTTP][39m [37m-->[39m [37mPOST[39m [37m/wd/hub/session/59d5d03c-318c-4040-9eb6-b37e8ff3b345/elements[39m
[35m[HTTP][39m [90m{"using":"xpath","value":"//*[@class = 'android.widget.TextView' and (@text = 'Convert' or . = 'Convert')]"}[39m
[35m[HTTP][39m [37m<-- POST /wd/hub/session/59d5d03c-318c-4040-9eb6-b37e8ff3b345/elements [39m[32m200[39m [90m71 ms - 12[39m
[35m[HTTP][39m [90m[39m
[35m[HTTP][39m [37m-->[39m [37mPOST[39m [37m/wd/hub/session/59d5d03c-318c-4040-9eb6-b37e8ff3b345/elements[39m
[35m[HTTP][39m [90m{"using":"xpath","value":"//*[@class = 'android.widget.TextView' and (@text = 'Convert' or . = 'Convert')]"}[39m
[35m[HTTP][39m [37m<-- POST /wd/hub/session/59d5d03c-318c-4040-9eb6-b37e8ff3b345/elements [39m[32m200[39m [90m72 ms - 12[39m
[35m[HTTP][39m [90m[39m
[35m[HTTP][39m [37m-->[39m [37mPOST[39m [37m/wd/hub/session/59d5d03c-318c-4040-9eb6-b37e8ff3b345/elements[39m
[35m[HTTP][39m [90m{"using":"xpath","value":"//*[@class = 'android.widget.TextView' and (@text = 'Convert' or . = 'Convert')]"}[39m
[35m[HTTP][39m [37m<-- POST /wd/hub/session/59d5d03c-318c-4040-9eb6-b37e8ff3b345/elements [39m[32m200[39m [90m75 ms - 12[39m
[35m[HTTP][39m [90m[39m
[35m[HTTP][39m [37m-->[39m [37mPOST[39m [37m/wd/hub/session/59d5d03c-318c-4040-9eb6-b37e8ff3b345/elements[39m
[35m[HTTP][39m [90m{"using":"xpath","value":"//*[@class = 'android.widget.TextView' and (@text = 'Convert' or . = 'Convert')]"}[39m
[35m[HTTP][39m [37m<-- POST /wd/hub/session/59d5d03c-318c-4040-9eb6-b37e8ff3b345/elements [39m[32m200[39m [90m68 ms - 12[39m
[35m[HTTP][39m [90m[39m
[35m[HTTP][39m [37m-->[39m [37mPOST[39m [37m/wd/hub/session/59d5d03c-318c-4040-9eb6-b37e8ff3b345/elements[39m
[35m[HTTP][39m [90m{"using":"xpath","value":"//*[@class = 'android.widget.TextView' and (@text = 'Convert' or . = 'Convert')]"}[39m
[35m[HTTP][39m [37m<-- POST /wd/hub/session/59d5d03c-318c-4040-9eb6-b37e8ff3b345/elements [39m[32m200[39m [90m63 ms - 12[39m
[35m[HTTP][39m [90m[39m
[35m[HTTP][39m [37m-->[39m [37mPOST[39m [37m/wd/hub/session/59d5d03c-318c-4040-9eb6-b37e8ff3b345/elements[39m
[35m[HTTP][39m [90m{"using":"xpath","value":"//*[@class = 'android.widget.TextView' and (@text = 'Convert' or . = 'Convert')]"}[39m
[35m[HTTP][39m [37m<-- POST /wd/hub/session/59d5d03c-318c-4040-9eb6-b37e8ff3b345/elements [39m[32m200[39m [90m61 ms - 12[39m
[35m[HTTP][39m [90m[39m
[35m[HTTP][39m [37m-->[39m [37mPOST[39m [37m/wd/hub/session/59d5d03c-318c-4040-9eb6-b37e8ff3b345/elements[39m
[35m[HTTP][39m [90m{"using":"xpath","value":"//*[@class = 'android.widget.TextView' and (@text = 'Convert' or . = 'Convert')]"}[39m
[35m[HTTP][39m [37m<-- POST /wd/hub/session/59d5d03c-318c-4040-9eb6-b37e8ff3b345/elements [39m[32m200[39m [90m63 ms - 12[39m
[35m[HTTP][39m [90m[39m
[35m[HTTP][39m [37m-->[39m [37mPOST[39m [37m/wd/hub/session/59d5d03c-318c-4040-9eb6-b37e8ff3b345/elements[39m
[35m[HTTP][39m [90m{"using":"xpath","value":"//*[@class = 'android.widget.TextView' and (@text = 'Convert' or . = 'Convert')]"}[39m
[35m[HTTP][39m [37m<-- POST /wd/hub/session/59d5d03c-318c-4040-9eb6-b37e8ff3b345/elements [39m[32m200[39m [90m82 ms - 12[39m
[35m[HTTP][39m [90m[39m
[35m[HTTP][39m [37m-->[39m [37mPOST[39m [37m/wd/hub/session/59d5d03c-318c-4040-9eb6-b37e8ff3b345/elements[39m
[35m[HTTP][39m [90m{"using":"xpath","value":"//*[@class = 'android.widget.TextView' and (@text = 'Convert' or . = 'Convert')]"}[39m
[35m[HTTP][39m [37m<-- POST /wd/hub/session/59d5d03c-318c-4040-9eb6-b37e8ff3b345/elements [39m[32m200[39m [90m78 ms - 12[39m
[35m[HTTP][39m [90m[39m
[35m[HTTP][39m [37m-->[39m [37mPOST[39m [37m/wd/hub/session/59d5d03c-318c-4040-9eb6-b37e8ff3b345/elements[39m
[35m[HTTP][39m [90m{"using":"xpath","value":"//*[@class = 'android.widget.TextView' and (@text = 'Convert' or . = 'Convert')]"}[39m
[35m[HTTP][39m [37m<-- POST /wd/hub/session/59d5d03c-318c-4040-9eb6-b37e8ff3b345/elements [39m[32m200[39m [90m53 ms - 12[39m
[35m[HTTP][39m [90m[39m
[35m[HTTP][39m [37m-->[39m [37mPOST[39m [37m/wd/hub/session/59d5d03c-318c-4040-9eb6-b37e8ff3b345/elements[39m
[35m[HTTP][39m [90m{"using":"xpath","value":"//*[@class = 'android.widget.TextView' and (@text = 'Convert' or . = 'Convert')]"}[39m
[35m[HTTP][39m [37m<-- POST /wd/hub/session/59d5d03c-318c-4040-9eb6-b37e8ff3b345/elements [39m[32m200[39m [90m57 ms - 12[39m
[35m[HTTP][39m [90m[39m
[35m[HTTP][39m [37m-->[39m [37mPOST[39m [37m/wd/hub/session/59d5d03c-318c-4040-9eb6-b37e8ff3b345/elements[39m
[35m[HTTP][39m [90m{"using":"xpath","value":"//*[@class = 'android.widget.TextView' and (@text = 'Convert' or . = 'Convert')]"}[39m
[35m[HTTP][39m [37m<-- POST /wd/hub/session/59d5d03c-318c-4040-9eb6-b37e8ff3b345/elements [39m[32m200[39m [90m625 ms - 12[39m
[35m[HTTP][39m [90m[39m
[35m[HTTP][39m [37m-->[39m [37mPOST[39m [37m/wd/hub/session/59d5d03c-318c-4040-9eb6-b37e8ff3b345/elements[39m
[35m[HTTP][39m [90m{"using":"xpath","value":"//*[@class = 'android.widget.TextView' and (@text = 'Convert' or . = 'Convert')]"}[39m
[35m[HTTP][39m [37m<-- POST /wd/hub/session/59d5d03c-318c-4040-9eb6-b37e8ff3b345/elements [39m[32m200[39m [90m75 ms - 12[39m
[35m[HTTP][39m [90m[39m
[35m[HTTP][39m [37m-->[39m [37mPOST[39m [37m/wd/hub/session/59d5d03c-318c-4040-9eb6-b37e8ff3b345/elements[39m
[35m[HTTP][39m [90m{"using":"xpath","value":"//*[@class = 'android.widget.TextView' and (@text = 'Convert' or . = 'Convert')]"}[39m
[35m[HTTP][39m [37m<-- POST /wd/hub/session/59d5d03c-318c-4040-9eb6-b37e8ff3b345/elements [39m[32m200[39m [90m85 ms - 12[39m
[35m[HTTP][39m [90m[39m
[35m[HTTP][39m [37m-->[39m [37mPOST[39m [37m/wd/hub/session/59d5d03c-318c-4040-9eb6-b37e8ff3b345/elements[39m
[35m[HTTP][39m [90m{"using":"xpath","value":"//*[@class = 'android.widget.TextView' and (@text = 'Convert' or . = 'Convert')]"}[39m
[35m[HTTP][39m [37m<-- POST /wd/hub/session/59d5d03c-318c-4040-9eb6-b37e8ff3b345/elements [39m[32m200[39m [90m76 ms - 12[39m
[35m[HTTP][39m [90m[39m
[35m[HTTP][39m [37m-->[39m [37mPOST[39m [37m/wd/hub/session/59d5d03c-318c-4040-9eb6-b37e8ff3b345/elements[39m
[35m[HTTP][39m [90m{"using":"xpath","value":"//*[@class = 'android.widget.TextView' and (@text = 'Convert' or . = 'Convert')]"}[39m
[35m[HTTP][39m [37m<-- POST /wd/hub/session/59d5d03c-318c-4040-9eb6-b37e8ff3b345/elements [39m[32m200[39m [90m82 ms - 12[39m
[35m[HTTP][39m [90m[39m
[35m[HTTP][39m [37m-->[39m [37mPOST[39m [37m/wd/hub/session/59d5d03c-318c-4040-9eb6-b37e8ff3b345/elements[39m
[35m[HTTP][39m [90m{"using":"xpath","value":"//*[@class = 'android.widget.TextView' and (@text = 'Convert' or . = 'Convert')]"}[39m
[35m[HTTP][39m [37m<-- POST /wd/hub/session/59d5d03c-318c-4040-9eb6-b37e8ff3b345/elements [39m[32m200[39m [90m65 ms - 12[39m
[35m[HTTP][39m [90m[39m
[35m[HTTP][39m [37m-->[39m [37mPOST[39m [37m/wd/hub/session/59d5d03c-318c-4040-9eb6-b37e8ff3b345/elements[39m
[35m[HTTP][39m [90m{"using":"xpath","value":"//*[@class = 'android.widget.TextView' and (@text = 'Convert' or . = 'Convert')]"}[39m
[35m[HTTP][39m [37m<-- POST /wd/hub/session/59d5d03c-318c-4040-9eb6-b37e8ff3b345/elements [39m[32m200[39m [90m77 ms - 12[39m
[35m[HTTP][39m [90m[39m
[35m[HTTP][39m [37m-->[39m [37mPOST[39m [37m/wd/hub/session/59d5d03c-318c-4040-9eb6-b37e8ff3b345/elements[39m
[35m[HTTP][39m [90m{"using":"xpath","value":"//*[@class = 'android.widget.TextView' and (@text = 'Convert' or . = 'Convert')]"}[39m
[35m[HTTP][39m [37m<-- POST /wd/hub/session/59d5d03c-318c-4040-9eb6-b37e8ff3b345/elements [39m[32m200[39m [90m74 ms - 12[39m
[35m[HTTP][39m [90m[39m
[35m[HTTP][39m [37m-->[39m [37mPOST[39m [37m/wd/hub/session/59d5d03c-318c-4040-9eb6-b37e8ff3b345/elements[39m
[35m[HTTP][39m [90m{"using":"xpath","value":"//*[@class = 'android.widget.TextView' and (@text = 'Convert' or . = 'Convert')]"}[39m
[35m[HTTP][39m [37m<-- POST /wd/hub/session/59d5d03c-318c-4040-9eb6-b37e8ff3b345/elements [39m[32m200[39m [90m66 ms - 12[39m
[35m[HTTP][39m [90m[39m
[35m[HTTP][39m [37m-->[39m [37mPOST[39m [37m/wd/hub/session/59d5d03c-318c-4040-9eb6-b37e8ff3b345/elements[39m
[35m[HTTP][39m [90m{"using":"xpath","value":"//*[@class = 'android.widget.TextView' and (@text = 'Convert' or . = 'Convert')]"}[39m
[35m[HTTP][39m [37m<-- POST /wd/hub/session/59d5d03c-318c-4040-9eb6-b37e8ff3b345/elements [39m[32m200[39m [90m68 ms - 12[39m
[35m[HTTP][39m [90m[39m
[35m[HTTP][39m [37m-->[39m [37mPOST[39m [37m/wd/hub/session/59d5d03c-318c-4040-9eb6-b37e8ff3b345/elements[39m
[35m[HTTP][39m [90m{"using":"xpath","value":"//*[@class = 'android.widget.TextView' and (@text = 'Convert' or . = 'Convert')]"}[39m
[35m[HTTP][39m [37m<-- POST /wd/hub/session/59d5d03c-318c-4040-9eb6-b37e8ff3b345/elements [39m[32m200[39m [90m78 ms - 12[39m
[35m[HTTP][39m [90m[39m
[35m[HTTP][39m [37m-->[39m [37mPOST[39m [37m/wd/hub/session/59d5d03c-318c-4040-9eb6-b37e8ff3b345/elements[39m
[35m[HTTP][39m [90m{"using":"xpath","value":"//*[@class = 'android.widget.TextView' and (@text = 'Convert' or . = 'Convert')]"}[39m
[35m[HTTP][39m [37m<-- POST /wd/hub/session/59d5d03c-318c-4040-9eb6-b37e8ff3b345/elements [39m[32m200[39m [90m74 ms - 12[39m
[35m[HTTP][39m [90m[39m
[35m[HTTP][39m [37m-->[39m [37mPOST[39m [37m/wd/hub/session/59d5d03c-318c-4040-9eb6-b37e8ff3b345/elements[39m
[35m[HTTP][39m [90m{"using":"xpath","value":"//*[@class = 'android.widget.TextView' and (@text = 'Convert' or . = 'Convert')]"}[39m
[35m[HTTP][39m [37m<-- POST /wd/hub/session/59d5d03c-318c-4040-9eb6-b37e8ff3b345/elements [39m[32m200[39m [90m75 ms - 12[39m
[35m[HTTP][39m [90m[39m
[35m[HTTP][39m [37m-->[39m [37mPOST[39m [37m/wd/hub/session/59d5d03c-318c-4040-9eb6-b37e8ff3b345/elements[39m
[35m[HTTP][39m [90m{"using":"xpath","value":"//*[@class = 'android.widget.TextView' and (@text = 'Convert' or . = 'Convert')]"}[39m
[35m[HTTP][39m [37m<-- POST /wd/hub/session/59d5d03c-318c-4040-9eb6-b37e8ff3b345/elements [39m[32m200[39m [90m81 ms - 12[39m
[35m[HTTP][39m [90m[39m
[35m[HTTP][39m [37m-->[39m [37mPOST[39m [37m/wd/hub/session/59d5d03c-318c-4040-9eb6-b37e8ff3b345/elements[39m
[35m[HTTP][39m [90m{"using":"xpath","value":"//*[@class = 'android.widget.TextView' and (@text = 'Convert' or . = 'Convert')]"}[39m
[35m[HTTP][39m [37m<-- POST /wd/hub/session/59d5d03c-318c-4040-9eb6-b37e8ff3b345/elements [39m[32m200[39m [90m89 ms - 12[39m
[35m[HTTP][39m [90m[39m
[35m[HTTP][39m [37m-->[39m [37mPOST[39m [37m/wd/hub/session/59d5d03c-318c-4040-9eb6-b37e8ff3b345/elements[39m
[35m[HTTP][39m [90m{"using":"xpath","value":"//*[@class = 'android.widget.TextView' and (@text = 'Convert' or . = 'Convert')]"}[39m
[35m[HTTP][39m [37m<-- POST /wd/hub/session/59d5d03c-318c-4040-9eb6-b37e8ff3b345/elements [39m[32m200[39m [90m73 ms - 12[39m
[35m[HTTP][39m [90m[39m
[35m[HTTP][39m [37m-->[39m [37mPOST[39m [37m/wd/hub/session/59d5d03c-318c-4040-9eb6-b37e8ff3b345/elements[39m
[35m[HTTP][39m [90m{"using":"xpath","value":"//*[@class = 'android.widget.TextView' and (@text = 'Convert' or . = 'Convert')]"}[39m
[35m[HTTP][39m [37m<-- POST /wd/hub/session/59d5d03c-318c-4040-9eb6-b37e8ff3b345/elements [39m[32m200[39m [90m92 ms - 12[39m
[35m[HTTP][39m [90m[39m
[35m[HTTP][39m [37m-->[39m [37mPOST[39m [37m/wd/hub/session/59d5d03c-318c-4040-9eb6-b37e8ff3b345/elements[39m
[35m[HTTP][39m [90m{"using":"xpath","value":"//*[@class = 'android.widget.TextView' and (@text = 'Convert' or . = 'Convert')]"}[39m
[35m[HTTP][39m [37m<-- POST /wd/hub/session/59d5d03c-318c-4040-9eb6-b37e8ff3b345/elements [39m[32m200[39m [90m95 ms - 12[39m
[35m[HTTP][39m [90m[39m
[35m[HTTP][39m [37m-->[39m [37mPOST[39m [37m/wd/hub/session/59d5d03c-318c-4040-9eb6-b37e8ff3b345/elements[39m
[35m[HTTP][39m [90m{"using":"xpath","value":"//*[@class = 'android.widget.TextView' and (@text = 'Convert' or . = 'Convert')]"}[39m
[35m[HTTP][39m [37m<-- POST /wd/hub/session/59d5d03c-318c-4040-9eb6-b37e8ff3b345/elements [39m[32m200[39m [90m75 ms - 12[39m
[35m[HTTP][39m [90m[39m
[35m[HTTP][39m [37m-->[39m [37mPOST[39m [37m/wd/hub/session/59d5d03c-318c-4040-9eb6-b37e8ff3b345/elements[39m
[35m[HTTP][39m [90m{"using":"xpath","value":"//*[@class = 'android.widget.TextView' and (@text = 'Convert' or . = 'Convert')]"}[39m
[35m[HTTP][39m [37m<-- POST /wd/hub/session/59d5d03c-318c-4040-9eb6-b37e8ff3b345/elements [39m[32m200[39m [90m99 ms - 12[39m
[35m[HTTP][39m [90m[39m
[35m[HTTP][39m [37m-->[39m [37mPOST[39m [37m/wd/hub/session/59d5d03c-318c-4040-9eb6-b37e8ff3b345/elements[39m
[35m[HTTP][39m [90m{"using":"xpath","value":"//*[@class = 'android.widget.TextView' and (@text = 'Convert' or . = 'Convert')]"}[39m
[35m[HTTP][39m [37m<-- POST /wd/hub/session/59d5d03c-318c-4040-9eb6-b37e8ff3b345/elements [39m[32m200[39m [90m85 ms - 12[39m
[35m[HTTP][39m [90m[39m
[35m[HTTP][39m [37m-->[39m [37mPOST[39m [37m/wd/hub/session/59d5d03c-318c-4040-9eb6-b37e8ff3b345/elements[39m
[35m[HTTP][39m [90m{"using":"xpath","value":"//*[@class = 'android.widget.TextView' and (@text = 'Convert' or . = 'Convert')]"}[39m
[35m[HTTP][39m [37m<-- POST /wd/hub/session/59d5d03c-318c-4040-9eb6-b37e8ff3b345/elements [39m[32m200[39m [90m89 ms - 12[39m
[35m[HTTP][39m [90m[39m
[35m[HTTP][39m [37m-->[39m [37mPOST[39m [37m/wd/hub/session/59d5d03c-318c-4040-9eb6-b37e8ff3b345/elements[39m
[35m[HTTP][39m [90m{"using":"xpath","value":"//*[@class = 'android.widget.TextView' and (@text = 'Convert' or . = 'Convert')]"}[39m
[35m[HTTP][39m [37m<-- POST /wd/hub/session/59d5d03c-318c-4040-9eb6-b37e8ff3b345/elements [39m[32m200[39m [90m74 ms - 12[39m
[35m[HTTP][39m [90m[39m
[35m[HTTP][39m [37m-->[39m [37mPOST[39m [37m/wd/hub/session/59d5d03c-318c-4040-9eb6-b37e8ff3b345/elements[39m
[35m[HTTP][39m [90m{"using":"xpath","value":"//*[@class = 'android.widget.TextView' and (@text = 'Convert' or . = 'Convert')]"}[39m
[35m[HTTP][39m [37m<-- POST /wd/hub/session/59d5d03c-318c-4040-9eb6-b37e8ff3b345/elements [39m[32m200[39m [90m93 ms - 12[39m
[35m[HTTP][39m [90m[39m
[35m[HTTP][39m [37m-->[39m [37mPOST[39m [37m/wd/hub/session/59d5d03c-318c-4040-9eb6-b37e8ff3b345/elements[39m
[35m[HTTP][39m [90m{"using":"xpath","value":"//*[@class = 'android.widget.TextView' and (@text = 'Convert' or . = 'Convert')]"}[39m
[35m[HTTP][39m [37m<-- POST /wd/hub/session/59d5d03c-318c-4040-9eb6-b37e8ff3b345/elements [39m[32m200[39m [90m88 ms - 12[39m
[35m[HTTP][39m [90m[39m
[35m[HTTP][39m [37m-->[39m [37mPOST[39m [37m/wd/hub/session/59d5d03c-318c-4040-9eb6-b37e8ff3b345/elements[39m
[35m[HTTP][39m [90m{"using":"xpath","value":"//*[@class = 'android.widget.TextView' and (@text = 'Convert' or . = 'Convert')]"}[39m
[35m[HTTP][39m [37m<-- POST /wd/hub/session/59d5d03c-318c-4040-9eb6-b37e8ff3b345/elements [39m[32m200[39m [90m92 ms - 12[39m
[35m[HTTP][39m [90m[39m
[35m[HTTP][39m [37m-->[39m [37mPOST[39m [37m/wd/hub/session/59d5d03c-318c-4040-9eb6-b37e8ff3b345/elements[39m
[35m[HTTP][39m [90m{"using":"xpath","value":"//*[@class = 'android.widget.TextView' and (@text = 'Convert' or . = 'Convert')]"}[39m
[35m[HTTP][39m [37m<-- POST /wd/hub/session/59d5d03c-318c-4040-9eb6-b37e8ff3b345/elements [39m[32m200[39m [90m78 ms - 12[39m
[35m[HTTP][39m [90m[39m
[35m[HTTP][39m [37m-->[39m [37mPOST[39m [37m/wd/hub/session/59d5d03c-318c-4040-9eb6-b37e8ff3b345/elements[39m
[35m[HTTP][39m [90m{"using":"xpath","value":"//*[@class = 'android.widget.TextView' and (@text = 'Convert' or . = 'Convert')]"}[39m
[35m[HTTP][39m [37m<-- POST /wd/hub/session/59d5d03c-318c-4040-9eb6-b37e8ff3b345/elements [39m[32m200[39m [90m84 ms - 12[39m
[35m[HTTP][39m [90m[39m
[35m[HTTP][39m [37m-->[39m [37mPOST[39m [37m/wd/hub/session/59d5d03c-318c-4040-9eb6-b37e8ff3b345/elements[39m
[35m[HTTP][39m [90m{"using":"xpath","value":"//*[@class = 'android.widget.TextView' and (@text = 'Convert' or . = 'Convert')]"}[39m
[35m[HTTP][39m [37m<-- POST /wd/hub/session/59d5d03c-318c-4040-9eb6-b37e8ff3b345/elements [39m[32m200[39m [90m96 ms - 12[39m
[35m[HTTP][39m [90m[39m
[35m[HTTP][39m [37m-->[39m [37mPOST[39m [37m/wd/hub/session/59d5d03c-318c-4040-9eb6-b37e8ff3b345/elements[39m
[35m[HTTP][39m [90m{"using":"xpath","value":"//*[@class = 'android.widget.TextView' and (@text = 'Convert' or . = 'Convert')]"}[39m
[35m[HTTP][39m [37m<-- POST /wd/hub/session/59d5d03c-318c-4040-9eb6-b37e8ff3b345/elements [39m[32m200[39m [90m100 ms - 12[39m
[35m[HTTP][39m [90m[39m
[35m[HTTP][39m [37m-->[39m [37mPOST[39m [37m/wd/hub/session/59d5d03c-318c-4040-9eb6-b37e8ff3b345/elements[39m
[35m[HTTP][39m [90m{"using":"xpath","value":"//*[@class = 'android.widget.TextView' and (@text = 'Convert' or . = 'Convert')]"}[39m
[35m[HTTP][39m [37m<-- POST /wd/hub/session/59d5d03c-318c-4040-9eb6-b37e8ff3b345/elements [39m[32m200[39m [90m80 ms - 12[39m
[35m[HTTP][39m [90m[39m
[35m[HTTP][39m [37m-->[39m [37mPOST[39m [37m/wd/hub/session/59d5d03c-318c-4040-9eb6-b37e8ff3b345/elements[39m
[35m[HTTP][39m [90m{"using":"xpath","value":"//*[@class = 'android.widget.TextView' and (@text = 'Convert' or . = 'Convert')]"}[39m
[35m[HTTP][39m [37m<-- POST /wd/hub/session/59d5d03c-318c-4040-9eb6-b37e8ff3b345/elements [39m[32m200[39m [90m110 ms - 12[39m
[35m[HTTP][39m [90m[39m
[35m[HTTP][39m [37m-->[39m [37mPOST[39m [37m/wd/hub/session/59d5d03c-318c-4040-9eb6-b37e8ff3b345/elements[39m
[35m[HTTP][39m [90m{"using":"xpath","value":"//*[@class = 'android.widget.TextView' and (@text = 'Convert' or . = 'Convert')]"}[39m
[35m[HTTP][39m [37m<-- POST /wd/hub/session/59d5d03c-318c-4040-9eb6-b37e8ff3b345/elements [39m[32m200[39m [90m97 ms - 12[39m
[35m[HTTP][39m [90m[39m
[35m[HTTP][39m [37m-->[39m [37mPOST[39m [37m/wd/hub/session/59d5d03c-318c-4040-9eb6-b37e8ff3b345/elements[39m
[35m[HTTP][39m [90m{"using":"xpath","value":"//*[@class = 'android.widget.TextView' and (@text = 'Convert' or . = 'Convert')]"}[39m
[35m[HTTP][39m [37m<-- POST /wd/hub/session/59d5d03c-318c-4040-9eb6-b37e8ff3b345/elements [39m[32m200[39m [90m57 ms - 12[39m
[35m[HTTP][39m [90m[39m
[35m[HTTP][39m [37m-->[39m [37mPOST[39m [37m/wd/hub/session/59d5d03c-318c-4040-9eb6-b37e8ff3b345/elements[39m
[35m[HTTP][39m [90m{"using":"xpath","value":"//*[@class = 'android.widget.TextView' and (@text = 'Convert' or . = 'Convert')]"}[39m
[35m[HTTP][39m [37m<-- POST /wd/hub/session/59d5d03c-318c-4040-9eb6-b37e8ff3b345/elements [39m[32m200[39m [90m69 ms - 12[39m
[35m[HTTP][39m [90m[39m
[35m[HTTP][39m [37m-->[39m [37mPOST[39m [37m/wd/hub/session/59d5d03c-318c-4040-9eb6-b37e8ff3b345/elements[39m
[35m[HTTP][39m [90m{"using":"xpath","value":"//*[@class = 'android.widget.TextView' and (@text = 'Convert' or . = 'Convert')]"}[39m
[35m[HTTP][39m [37m<-- POST /wd/hub/session/59d5d03c-318c-4040-9eb6-b37e8ff3b345/elements [39m[32m200[39m [90m56 ms - 12[39m
[35m[HTTP][39m [90m[39m
[35m[HTTP][39m [37m-->[39m [37mPOST[39m [37m/wd/hub/session/59d5d03c-318c-4040-9eb6-b37e8ff3b345/elements[39m
[35m[HTTP][39m [90m{"using":"xpath","value":"//*[@class = 'android.widget.TextView' and (@text = 'Convert' or . = 'Convert')]"}[39m
[35m[HTTP][39m [37m<-- POST /wd/hub/session/59d5d03c-318c-4040-9eb6-b37e8ff3b345/elements [39m[32m200[39m [90m68 ms - 12[39m
[35m[HTTP][39m [90m[39m
[35m[HTTP][39m [37m-->[39m [37mPOST[39m [37m/wd/hub/session/59d5d03c-318c-4040-9eb6-b37e8ff3b345/elements[39m
[35m[HTTP][39m [90m{"using":"xpath","value":"//*[@class = 'android.widget.TextView' and (@text = 'Convert' or . = 'Convert')]"}[39m
[35m[HTTP][39m [37m<-- POST /wd/hub/session/59d5d03c-318c-4040-9eb6-b37e8ff3b345/elements [39m[32m200[39m [90m66 ms - 12[39m
[35m[HTTP][39m [90m[39m
[35m[HTTP][39m [37m-->[39m [37mPOST[39m [37m/wd/hub/session/59d5d03c-318c-4040-9eb6-b37e8ff3b345/elements[39m
[35m[HTTP][39m [90m{"using":"xpath","value":"//*[@class = 'android.widget.TextView' and (@text = 'Convert' or . = 'Convert')]"}[39m
[35m[HTTP][39m [37m<-- POST /wd/hub/session/59d5d03c-318c-4040-9eb6-b37e8ff3b345/elements [39m[32m200[39m [90m65 ms - 12[39m
[35m[HTTP][39m [90m[39m
[35m[HTTP][39m [37m-->[39m [37mPOST[39m [37m/wd/hub/session/59d5d03c-318c-4040-9eb6-b37e8ff3b345/elements[39m
[35m[HTTP][39m [90m{"using":"xpath","value":"//*[@class = 'android.widget.TextView' and (@text = 'Convert' or . = 'Convert')]"}[39m
[35m[HTTP][39m [37m<-- POST /wd/hub/session/59d5d03c-318c-4040-9eb6-b37e8ff3b345/elements [39m[32m200[39m [90m66 ms - 12[39m
[35m[HTTP][39m [90m[39m
[35m[HTTP][39m [37m-->[39m [37mPOST[39m [37m/wd/hub/session/59d5d03c-318c-4040-9eb6-b37e8ff3b345/elements[39m
[35m[HTTP][39m [90m{"using":"xpath","value":"//*[@class = 'android.widget.TextView' and (@text = 'Convert' or . = 'Convert')]"}[39m
[35m[HTTP][39m [37m<-- POST /wd/hub/session/59d5d03c-318c-4040-9eb6-b37e8ff3b345/elements [39m[32m200[39m [90m61 ms - 12[39m
[35m[HTTP][39m [90m[39m
[35m[HTTP][39m [37m-->[39m [37mPOST[39m [37m/wd/hub/session/59d5d03c-318c-4040-9eb6-b37e8ff3b345/elements[39m
[35m[HTTP][39m [90m{"using":"xpath","value":"//*[@class = 'android.widget.TextView' and (@text = 'Convert' or . = 'Convert')]"}[39m
[35m[HTTP][39m [37m<-- POST /wd/hub/session/59d5d03c-318c-4040-9eb6-b37e8ff3b345/elements [39m[32m200[39m [90m62 ms - 12[39m
[35m[HTTP][39m [90m[39m
[35m[HTTP][39m [37m-->[39m [37mPOST[39m [37m/wd/hub/session/59d5d03c-318c-4040-9eb6-b37e8ff3b345/elements[39m
[35m[HTTP][39m [90m{"using":"xpath","value":"//*[@class = 'android.widget.TextView' and (@text = 'Convert' or . = 'Convert')]"}[39m
[35m[HTTP][39m [37m<-- POST /wd/hub/session/59d5d03c-318c-4040-9eb6-b37e8ff3b345/elements [39m[32m200[39m [90m68 ms - 12[39m
[35m[HTTP][39m [90m[39m
[35m[HTTP][39m [37m-->[39m [37mPOST[39m [37m/wd/hub/session/59d5d03c-318c-4040-9eb6-b37e8ff3b345/elements[39m
[35m[HTTP][39m [90m{"using":"xpath","value":"//*[@class = 'android.widget.TextView' and (@text = 'Convert' or . = 'Convert')]"}[39m
[35m[HTTP][39m [37m<-- POST /wd/hub/session/59d5d03c-318c-4040-9eb6-b37e8ff3b345/elements [39m[32m200[39m [90m86 ms - 12[39m
[35m[HTTP][39m [90m[39m
[35m[HTTP][39m [37m-->[39m [37mPOST[39m [37m/wd/hub/session/59d5d03c-318c-4040-9eb6-b37e8ff3b345/elements[39m
[35m[HTTP][39m [90m{"using":"xpath","value":"//*[@class = 'android.widget.TextView' and (@text = 'Convert' or . = 'Convert')]"}[39m
[35m[HTTP][39m [37m<-- POST /wd/hub/session/59d5d03c-318c-4040-9eb6-b37e8ff3b345/elements [39m[32m200[39m [90m69 ms - 12[39m
[35m[HTTP][39m [90m[39m
[35m[HTTP][39m [37m-->[39m [37mPOST[39m [37m/wd/hub/session/59d5d03c-318c-4040-9eb6-b37e8ff3b345/elements[39m
[35m[HTTP][39m [90m{"using":"xpath","value":"//*[@class = 'android.widget.TextView' and (@text = 'Convert' or . = 'Convert')]"}[39m
[35m[HTTP][39m [37m<-- POST /wd/hub/session/59d5d03c-318c-4040-9eb6-b37e8ff3b345/elements [39m[32m200[39m [90m77 ms - 12[39m
[35m[HTTP][39m [90m[39m
[35m[HTTP][39m [37m-->[39m [37mPOST[39m [37m/wd/hub/session/59d5d03c-318c-4040-9eb6-b37e8ff3b345/elements[39m
[35m[HTTP][39m [90m{"using":"xpath","value":"//*[@class = 'android.widget.TextView' and (@text = 'Convert' or . = 'Convert')]"}[39m
[35m[HTTP][39m [37m<-- POST /wd/hub/session/59d5d03c-318c-4040-9eb6-b37e8ff3b345/elements [39m[32m200[39m [90m99 ms - 12[39m
[35m[HTTP][39m [90m[39m
[35m[HTTP][39m [37m-->[39m [37mPOST[39m [37m/wd/hub/session/59d5d03c-318c-4040-9eb6-b37e8ff3b345/elements[39m
[35m[HTTP][39m [90m{"using":"xpath","value":"//*[@class = 'android.widget.TextView' and (@text = 'Convert' or . = 'Convert')]"}[39m
[35m[HTTP][39m [37m<-- POST /wd/hub/session/59d5d03c-318c-4040-9eb6-b37e8ff3b345/elements [39m[32m200[39m [90m55 ms - 12[39m
[35m[HTTP][39m [90m[39m
[35m[HTTP][39m [37m-->[39m [37mPOST[39m [37m/wd/hub/session/59d5d03c-318c-4040-9eb6-b37e8ff3b345/elements[39m
[35m[HTTP][39m [90m{"using":"xpath","value":"//*[@class = 'android.widget.TextView' and (@text = 'Convert' or . = 'Convert')]"}[39m
[35m[HTTP][39m [37m<-- POST /wd/hub/session/59d5d03c-318c-4040-9eb6-b37e8ff3b345/elements [39m[32m200[39m [90m84 ms - 12[39m
[35m[HTTP][39m [90m[39m
[35m[HTTP][39m [37m-->[39m [37mPOST[39m [37m/wd/hub/session/59d5d03c-318c-4040-9eb6-b37e8ff3b345/elements[39m
[35m[HTTP][39m [90m{"using":"xpath","value":"//*[@class = 'android.widget.TextView' and (@text = 'Convert' or . = 'Convert')]"}[39m
[35m[HTTP][39m [37m<-- POST /wd/hub/session/59d5d03c-318c-4040-9eb6-b37e8ff3b345/elements [39m[32m200[39m [90m825 ms - 12[39m
[35m[HTTP][39m [90m[39m
[35m[HTTP][39m [37m-->[39m [37mPOST[39m [37m/wd/hub/session/59d5d03c-318c-4040-9eb6-b37e8ff3b345/elements[39m
[35m[HTTP][39m [90m{"using":"xpath","value":"//*[@class = 'android.widget.TextView' and (@text = 'Convert' or . = 'Convert')]"}[39m
[35m[HTTP][39m [37m<-- POST /wd/hub/session/59d5d03c-318c-4040-9eb6-b37e8ff3b345/elements [39m[32m200[39m [90m81 ms - 12[39m
[35m[HTTP][39m [90m[39m
[35m[HTTP][39m [37m-->[39m [37mPOST[39m [37m/wd/hub/session/59d5d03c-318c-4040-9eb6-b37e8ff3b345/elements[39m
[35m[HTTP][39m [90m{"using":"xpath","value":"//*[@class = 'android.widget.TextView' and (@text = 'Convert' or . = 'Convert')]"}[39m
[35m[HTTP][39m [37m<-- POST /wd/hub/session/59d5d03c-318c-4040-9eb6-b37e8ff3b345/elements [39m[32m200[39m [90m67 ms - 12[39m
[35m[HTTP][39m [90m[39m
[35m[HTTP][39m [37m-->[39m [37mPOST[39m [37m/wd/hub/session/59d5d03c-318c-4040-9eb6-b37e8ff3b345/elements[39m
[35m[HTTP][39m [90m{"using":"xpath","value":"//*[@class = 'android.widget.TextView' and (@text = 'Convert' or . = 'Convert')]"}[39m
[35m[HTTP][39m [37m<-- POST /wd/hub/session/59d5d03c-318c-4040-9eb6-b37e8ff3b345/elements [39m[32m200[39m [90m81 ms - 12[39m
[35m[HTTP][39m [90m[39m
[35m[HTTP][39m [37m-->[39m [37mPOST[39m [37m/wd/hub/session/59d5d03c-318c-4040-9eb6-b37e8ff3b345/elements[39m
[35m[HTTP][39m [90m{"using":"xpath","value":"//*[@class = 'android.widget.TextView' and (@text = 'Convert' or . = 'Convert')]"}[39m
[35m[HTTP][39m [37m<-- POST /wd/hub/session/59d5d03c-318c-4040-9eb6-b37e8ff3b345/elements [39m[32m200[39m [90m87 ms - 12[39m
[35m[HTTP][39m [90m[39m
[35m[HTTP][39m [37m-->[39m [37mPOST[39m [37m/wd/hub/session/59d5d03c-318c-4040-9eb6-b37e8ff3b345/elements[39m
[35m[HTTP][39m [90m{"using":"xpath","value":"//*[@class = 'android.widget.TextView' and (@text = 'Convert' or . = 'Convert')]"}[39m
[35m[HTTP][39m [37m<-- POST /wd/hub/session/59d5d03c-318c-4040-9eb6-b37e8ff3b345/elements [39m[32m200[39m [90m70 ms - 12[39m
[35m[HTTP][39m [90m[39m
[35m[HTTP][39m [37m-->[39m [37mPOST[39m [37m/wd/hub/session/59d5d03c-318c-4040-9eb6-b37e8ff3b345/elements[39m
[35m[HTTP][39m [90m{"using":"xpath","value":"//*[@class = 'android.widget.TextView' and (@text = 'Convert' or . = 'Convert')]"}[39m
[35m[HTTP][39m [37m<-- POST /wd/hub/session/59d5d03c-318c-4040-9eb6-b37e8ff3b345/elements [39m[32m200[39m [90m68 ms - 12[39m
[35m[HTTP][39m [90m[39m
[35m[HTTP][39m [37m-->[39m [37mPOST[39m [37m/wd/hub/session/59d5d03c-318c-4040-9eb6-b37e8ff3b345/elements[39m
[35m[HTTP][39m [90m{"using":"xpath","value":"//*[@class = 'android.widget.TextView' and (@text = 'Convert' or . = 'Convert')]"}[39m
[35m[HTTP][39m [37m<-- POST /wd/hub/session/59d5d03c-318c-4040-9eb6-b37e8ff3b345/elements [39m[32m200[39m [90m67 ms - 12[39m
[35m[HTTP][39m [90m[39m
[35m[HTTP][39m [37m-->[39m [37mPOST[39m [37m/wd/hub/session/59d5d03c-318c-4040-9eb6-b37e8ff3b345/elements[39m
[35m[HTTP][39m [90m{"using":"xpath","value":"//*[@class = 'android.widget.TextView' and (@text = 'Convert' or . = 'Convert')]"}[39m
[35m[HTTP][39m [37m<-- POST /wd/hub/session/59d5d03c-318c-4040-9eb6-b37e8ff3b345/elements [39m[32m200[39m [90m60 ms - 12[39m
[35m[HTTP][39m [90m[39m
[35m[HTTP][39m [37m-->[39m [37mPOST[39m [37m/wd/hub/session/59d5d03c-318c-4040-9eb6-b37e8ff3b345/elements[39m
[35m[HTTP][39m [90m{"using":"xpath","value":"//*[@class = 'android.widget.TextView' and (@text = 'Convert' or . = 'Convert')]"}[39m
[35m[HTTP][39m [37m<-- POST /wd/hub/session/59d5d03c-318c-4040-9eb6-b37e8ff3b345/elements [39m[32m200[39m [90m69 ms - 12[39m
[35m[HTTP][39m [90m[39m
[35m[HTTP][39m [37m-->[39m [37mPOST[39m [37m/wd/hub/session/59d5d03c-318c-4040-9eb6-b37e8ff3b345/elements[39m
[35m[HTTP][39m [90m{"using":"xpath","value":"//*[@class = 'android.widget.TextView' and (@text = 'Convert' or . = 'Convert')]"}[39m
[35m[HTTP][39m [37m<-- POST /wd/hub/session/59d5d03c-318c-4040-9eb6-b37e8ff3b345/elements [39m[32m200[39m [90m66 ms - 12[39m
[35m[HTTP][39m [90m[39m
[35m[HTTP][39m [37m-->[39m [37mPOST[39m [37m/wd/hub/session/59d5d03c-318c-4040-9eb6-b37e8ff3b345/elements[39m
[35m[HTTP][39m [90m{"using":"xpath","value":"//*[@class = 'android.widget.TextView' and (@text = 'Convert' or . = 'Convert')]"}[39m
[35m[HTTP][39m [37m<-- POST /wd/hub/session/59d5d03c-318c-4040-9eb6-b37e8ff3b345/elements [39m[32m200[39m [90m80 ms - 12[39m
[35m[HTTP][39m [90m[39m
[35m[HTTP][39m [37m-->[39m [37mPOST[39m [37m/wd/hub/session/59d5d03c-318c-4040-9eb6-b37e8ff3b345/elements[39m
[35m[HTTP][39m [90m{"using":"xpath","value":"//*[@class = 'android.widget.TextView' and (@text = 'Convert' or . = 'Convert')]"}[39m
[35m[HTTP][39m [37m<-- POST /wd/hub/session/59d5d03c-318c-4040-9eb6-b37e8ff3b345/elements [39m[32m200[39m [90m84 ms - 12[39m
[35m[HTTP][39m [90m[39m
[35m[HTTP][39m [37m-->[39m [37mPOST[39m [37m/wd/hub/session/59d5d03c-318c-4040-9eb6-b37e8ff3b345/elements[39m
[35m[HTTP][39m [90m{"using":"xpath","value":"//*[@class = 'android.widget.TextView' and (@text = 'Convert' or . = 'Convert')]"}[39m
[35m[HTTP][39m [37m<-- POST /wd/hub/session/59d5d03c-318c-4040-9eb6-b37e8ff3b345/elements [39m[32m200[39m [90m72 ms - 12[39m
[35m[HTTP][39m [90m[39m
[35m[HTTP][39m [37m-->[39m [37mPOST[39m [37m/wd/hub/session/59d5d03c-318c-4040-9eb6-b37e8ff3b345/elements[39m
[35m[HTTP][39m [90m{"using":"xpath","value":"//*[@class = 'android.widget.TextView' and (@text = 'Convert' or . = 'Convert')]"}[39m
[35m[HTTP][39m [37m<-- POST /wd/hub/session/59d5d03c-318c-4040-9eb6-b37e8ff3b345/elements [39m[32m200[39m [90m76 ms - 12[39m
[35m[HTTP][39m [90m[39m
[35m[HTTP][39m [37m-->[39m [37mPOST[39m [37m/wd/hub/session/59d5d03c-318c-4040-9eb6-b37e8ff3b345/elements[39m
[35m[HTTP][39m [90m{"using":"xpath","value":"//*[@class = 'android.widget.TextView' and (@text = 'Convert' or . = 'Convert')]"}[39m
[35m[HTTP][39m [37m<-- POST /wd/hub/session/59d5d03c-318c-4040-9eb6-b37e8ff3b345/elements [39m[32m200[39m [90m70 ms - 12[39m
[35m[HTTP][39m [90m[39m
[35m[HTTP][39m [37m-->[39m [37mPOST[39m [37m/wd/hub/session/59d5d03c-318c-4040-9eb6-b37e8ff3b345/elements[39m
[35m[HTTP][39m [90m{"using":"xpath","value":"//*[@class = 'android.widget.TextView' and (@text = 'Convert' or . = 'Convert')]"}[39m
[35m[HTTP][39m [37m<-- POST /wd/hub/session/59d5d03c-318c-4040-9eb6-b37e8ff3b345/elements [39m[32m200[39m [90m98 ms - 12[39m
[35m[HTTP][39m [90m[39m
[35m[HTTP][39m [37m-->[39m [37mPOST[39m [37m/wd/hub/session/59d5d03c-318c-4040-9eb6-b37e8ff3b345/elements[39m
[35m[HTTP][39m [90m{"using":"xpath","value":"//*[@class = 'android.widget.TextView' and (@text = 'Convert' or . = 'Convert')]"}[39m
[35m[HTTP][39m [37m<-- POST /wd/hub/session/59d5d03c-318c-4040-9eb6-b37e8ff3b345/elements [39m[32m200[39m [90m108 ms - 12[39m
[35m[HTTP][39m [90m[39m
[35m[HTTP][39m [37m-->[39m [37mPOST[39m [37m/wd/hub/session/59d5d03c-318c-4040-9eb6-b37e8ff3b345/elements[39m
[35m[HTTP][39m [90m{"using":"xpath","value":"//*[@class = 'android.widget.TextView' and (@text = 'Convert' or . = 'Convert')]"}[39m
[35m[HTTP][39m [37m<-- POST /wd/hub/session/59d5d03c-318c-4040-9eb6-b37e8ff3b345/elements [39m[32m200[39m [90m814 ms - 139[39m
[35m[HTTP][39m [90m[39m
[35m[HTTP][39m [37m-->[39m [37mGET[39m [37m/wd/hub/session/59d5d03c-318c-4040-9eb6-b37e8ff3b345/element/77398d6f-2ffd-4fd7-8a79-780d017bc7d5/location[39m
[35m[HTTP][39m [90m{}[39m
[35m[W3C (59d5d03c)][39m Driver proxy active, passing request on via HTTP proxy
[35m[WD Proxy][39m Replacing sessionId 4739a54f-6558-4fce-8285-b58de695cf90 with 59d5d03c-318c-4040-9eb6-b37e8ff3b345
[35m[HTTP][39m [37m<-- GET /wd/hub/session/59d5d03c-318c-4040-9eb6-b37e8ff3b345/element/77398d6f-2ffd-4fd7-8a79-780d017bc7d5/location [39m[32m200[39m [90m18 ms - 76[39m
[35m[HTTP][39m [90m[39m
[35m[HTTP][39m [37m-->[39m [37mPOST[39m [37m/wd/hub/session/59d5d03c-318c-4040-9eb6-b37e8ff3b345/timeouts[39m
[35m[HTTP][39m [90m{"implicit":30000}[39m
[35m[HTTP][39m [37m<-- POST /wd/hub/session/59d5d03c-318c-4040-9eb6-b37e8ff3b345/timeouts [39m[32m200[39m [90m2 ms - 14[39m
[35m[HTTP][39m [90m[39m
[35m[HTTP][39m [37m-->[39m [37mGET[39m [37m/wd/hub/session/59d5d03c-318c-4040-9eb6-b37e8ff3b345/element/77398d6f-2ffd-4fd7-8a79-780d017bc7d5/text[39m
[35m[HTTP][39m [90m{}[39m
[35m[W3C (59d5d03c)][39m Driver proxy active, passing request on via HTTP proxy
[35m[WD Proxy][39m Replacing sessionId 4739a54f-6558-4fce-8285-b58de695cf90 with 59d5d03c-318c-4040-9eb6-b37e8ff3b345
[35m[HTTP][39m [37m<-- GET /wd/hub/session/59d5d03c-318c-4040-9eb6-b37e8ff3b345/element/77398d6f-2ffd-4fd7-8a79-780d017bc7d5/text [39m[32m200[39m [90m15 ms - 70[39m
[35m[HTTP][39m [90m[39m
[35m[HTTP][39m [37m-->[39m [37mGET[39m [37m/wd/hub/session/59d5d03c-318c-4040-9eb6-b37e8ff3b345/context[39m
[35m[HTTP][39m [90m{}[39m
[35m[HTTP][39m [37m<-- GET /wd/hub/session/59d5d03c-318c-4040-9eb6-b37e8ff3b345/context [39m[32m200[39m [90m1 ms - 22[39m
[35m[HTTP][39m [90m[39m
[35m[HTTP][39m [37m-->[39m [37mGET[39m [37m/wd/hub/session/59d5d03c-318c-4040-9eb6-b37e8ff3b345/contexts[39m
[35m[HTTP][39m [90m{}[39m
[35m[AndroidDriver][39m Not checking whether webviews have active pages; use the 'ensureWebviewsHavePages' cap to turn this check on
[35m[AndroidDriver][39m Not collecting web view details. Details collection might help to make Chromedriver initialization more precise. Use the 'enableWebviewDetailsCollection' cap to turn it on
[35m[HTTP][39m [37m<-- GET /wd/hub/session/59d5d03c-318c-4040-9eb6-b37e8ff3b345/contexts [39m[32m200[39m [90m170 ms - 41[39m
[35m[HTTP][39m [90m[39m
[35m[HTTP][39m [37m-->[39m [37mPOST[39m [37m/wd/hub/session/59d5d03c-318c-4040-9eb6-b37e8ff3b345/context[39m
[35m[HTTP][39m [90m{"name":"NATIVE_APP"}[39m
[35m[HTTP][39m [37m<-- POST /wd/hub/session/59d5d03c-318c-4040-9eb6-b37e8ff3b345/context [39m[32m200[39m [90m1 ms - 14[39m
[35m[HTTP][39m [90m[39m
[35m[HTTP][39m [37m-->[39m [37mGET[39m [37m/wd/hub/session/59d5d03c-318c-4040-9eb6-b37e8ff3b345/screenshot[39m
[35m[HTTP][39m [90m{}[39m
[35m[HTTP][39m [37m<-- GET /wd/hub/session/59d5d03c-318c-4040-9eb6-b37e8ff3b345/screenshot [39m[32m200[39m [90m379 ms - 207502[39m
[35m[HTTP][39m [90m[39m
[35m[HTTP][39m [37m-->[39m [37mPOST[39m [37m/wd/hub/session/59d5d03c-318c-4040-9eb6-b37e8ff3b345/context[39m
[35m[HTTP][39m [90m{"name":"NATIVE_APP"}[39m
[35m[HTTP][39m [37m<-- POST /wd/hub/session/59d5d03c-318c-4040-9eb6-b37e8ff3b345/context [39m[32m200[39m [90m1 ms - 14[39m
[35m[HTTP][39m [90m[39m
[35m[HTTP][39m [37m-->[39m [37mPOST[39m [37m/wd/hub/session/59d5d03c-318c-4040-9eb6-b37e8ff3b345/timeouts[39m
[35m[HTTP][39m [90m{"implicit":50}[39m
[35m[HTTP][39m [37m<-- POST /wd/hub/session/59d5d03c-318c-4040-9eb6-b37e8ff3b345/timeouts [39m[32m200[39m [90m2 ms - 14[39m
[35m[HTTP][39m [90m[39m
[35m[HTTP][39m [37m-->[39m [37mGET[39m [37m/wd/hub/session/59d5d03c-318c-4040-9eb6-b37e8ff3b345/window/rect[39m
[35m[HTTP][39m [90m{}[39m
[35m[HTTP][39m [37m<-- GET /wd/hub/session/59d5d03c-318c-4040-9eb6-b37e8ff3b345/window/rect [39m[32m200[39m [90m13 ms - 50[39m
[35m[HTTP][39m [90m[39m
[35m[HTTP][39m [37m-->[39m [37mPOST[39m [37m/wd/hub/session/59d5d03c-318c-4040-9eb6-b37e8ff3b345/elements[39m
[35m[HTTP][39m [90m{"using":"xpath","value":"//*[@class = 'android.widget.Button' and (@text = 'currency_myr MYR custom icon-xe-chevron-down RM  130,000.00 custom icon-calculator' or . = 'currency_myr MYR custom icon-xe-chevron-down RM  130,000.00 custom icon-calculator')]"}[39m
[35m[HTTP][39m [37m<-- POST /wd/hub/session/59d5d03c-318c-4040-9eb6-b37e8ff3b345/elements [39m[32m200[39m [90m224 ms - 139[39m
[35m[HTTP][39m [90m[39m
[35m[HTTP][39m [37m-->[39m [37mGET[39m [37m/wd/hub/session/59d5d03c-318c-4040-9eb6-b37e8ff3b345/element/b40fdcac-31cf-49e4-9ecd-a044ab7d6542/location[39m
[35m[HTTP][39m [90m{}[39m
[35m[W3C (59d5d03c)][39m Driver proxy active, passing request on via HTTP proxy
[35m[WD Proxy][39m Replacing sessionId 4739a54f-6558-4fce-8285-b58de695cf90 with 59d5d03c-318c-4040-9eb6-b37e8ff3b345
[35m[HTTP][39m [37m<-- GET /wd/hub/session/59d5d03c-318c-4040-9eb6-b37e8ff3b345/element/b40fdcac-31cf-49e4-9ecd-a044ab7d6542/location [39m[32m200[39m [90m16 ms - 77[39m
[35m[HTTP][39m [90m[39m
[35m[HTTP][39m [37m-->[39m [37mPOST[39m [37m/wd/hub/session/59d5d03c-318c-4040-9eb6-b37e8ff3b345/timeouts[39m
[35m[HTTP][39m [90m{"implicit":30000}[39m
[35m[HTTP][39m [37m<-- POST /wd/hub/session/59d5d03c-318c-4040-9eb6-b37e8ff3b345/timeouts [39m[32m200[39m [90m2 ms - 14[39m
[35m[HTTP][39m [90m[39m
[35m[HTTP][39m [37m-->[39m [37mPOST[39m [37m/wd/hub/session/59d5d03c-318c-4040-9eb6-b37e8ff3b345/element/b40fdcac-31cf-49e4-9ecd-a044ab7d6542/click[39m
[35m[HTTP][39m [90m{"id":"b40fdcac-31cf-49e4-9ecd-a044ab7d6542"}[39m
[35m[HTTP][39m [37m<-- POST /wd/hub/session/59d5d03c-318c-4040-9eb6-b37e8ff3b345/element/b40fdcac-31cf-49e4-9ecd-a044ab7d6542/click [39m[32m200[39m [90m41 ms - 14[39m
[35m[HTTP][39m [90m[39m
[35m[BaseDriver][39m Shutting down because we waited 1800 seconds for a command
[35m[Appium][39m Closing session, cause was 'New Command Timeout of 1800 seconds expired. Try customizing the timeout using the 'newCommandTimeout' desired capability'
[35m[Appium][39m Removing session '59d5d03c-318c-4040-9eb6-b37e8ff3b345' from our master session list
[35m[WD Proxy][39m Error: read ECONNRESET
[35m[WD Proxy][39m     at TCP.onStreamRead (internal/stream_base_commons.js:111:27)
[35m[UiAutomator2][39m Did not get confirmation UiAutomator2 deleteSession worked; Error was: UnknownError: An unknown server-side error occurred while processing the command. Original error: Could not proxy command to the remote server. Original error: read ECONNRESET
[35m[UiAutomator2][39m Restoring hidden api policy to the device default configuration
